Yue-KKT Decomposition Algorithm started. Logs will be saved to h:\Dissertation\Shanghai\Paper\Co-Processing waste in cement industry\Paper2_CoProcessing\Yue_Decomposition_Algorithm\solutions\Yue_KKT_Decomp_20260223_1313.log
Set parameter Username
Set parameter LicenseID to value 2760969
Academic license - for non-commercial use only - expires 2027-01-05
Set parameter OutputFlag to value 1

======================================================================
Iteration 1
Current bounds: LB = -inf, UB = inf, Gap = inf
======================================================================
Set parameter MIPFocus to value 0
Set parameter TimeLimit to value 300
Set parameter MIPGap to value 0.05
Gurobi Optimizer version 13.0.1 build v13.0.1rc0 (win64 - Windows Server 2022.0 (20348.2))

CPU model: AMD EPYC 7513 32-Core Processor, instruction set [SSE2|AVX|AVX2]
Thread count: 20 physical cores, 20 logical processors, using up to 20 threads

Non-default parameters:
TimeLimit  300
MIPGap  0.05

Optimize a model with 291 rows, 499 columns and 2035 nonzeros (Min)
Model fingerprint: 0x091c7a67
Model has 456 linear objective coefficients
Variable types: 471 continuous, 28 integer (28 binary)
Coefficient statistics:
  Matrix range     [1e+00, 2e+08]
  Objective range  [6e-03, 3e+00]
  Bounds range     [1e+00, 1e+00]
  RHS range        [3e-01, 4e+08]
Warning: Model contains large matrix coefficients
         Consider reformulating model or setting NumericFocus parameter
         to avoid numerical issues.

Presolve removed 207 rows and 83 columns
Presolve time: 0.00s
Presolved: 84 rows, 416 columns, 1163 nonzeros
Variable types: 398 continuous, 18 integer (18 binary)
Found heuristic solution: objective 9107.8717774
Found heuristic solution: objective 7728.8114185

Root relaxation: interrupted, 57 iterations, 0.00 seconds (0.00 work units)

    Nodes    |    Current Node    |     Objective Bounds      |     Work
 Expl Unexpl |  Obj  Depth IntInf | Incumbent    BestBd   Gap | It/Node Time

     0     0          -    0      7728.81142 7408.17666  4.15%     -    0s

Explored 1 nodes (57 simplex iterations) in 0.02 seconds (0.00 work units)
Thread count was 20 (of 20 available processors)

Solution count 2: 7728.81 9107.87 

Optimal solution found (tolerance 5.00e-02)
Best objective 7.728811418450e+03, best bound 7.408176659167e+03, gap 4.1486%
Best Master Problem Solution: Objective = 7728.81, Bound = 7408.18
New LB found. LB updated from -inf to 7408.18
Set parameter OutputFlag to value 1
Set parameter TimeLimit to value 300
Gurobi Optimizer version 13.0.1 build v13.0.1rc0 (win64 - Windows Server 2022.0 (20348.2))

CPU model: AMD EPYC 7513 32-Core Processor, instruction set [SSE2|AVX|AVX2]
Thread count: 20 physical cores, 20 logical processors, using up to 20 threads

Non-default parameters:
TimeLimit  300

Optimize a model with 234 rows, 214 columns and 650 nonzeros (Min)
Model fingerprint: 0x011f133a
Model has 202 linear objective coefficients
Variable types: 196 continuous, 18 integer (18 binary)
Coefficient statistics:
  Matrix range     [1e+00, 2e+08]
  Objective range  [8e-02, 2e+04]
  Bounds range     [1e+00, 1e+00]
  RHS range        [1e+00, 4e+08]
Warning: Model contains large matrix coefficients
         Consider reformulating model or setting NumericFocus parameter
         to avoid numerical issues.

Found heuristic solution: objective 2097420.0347
Presolve removed 194 rows and 86 columns
Presolve time: 0.00s
Presolved: 40 rows, 128 columns, 292 nonzeros
Found heuristic solution: objective 2006195.7569
Variable types: 110 continuous, 18 integer (18 binary)

Root relaxation: objective 1.737486e+06, 32 iterations, 0.00 seconds (0.00 work units)

    Nodes    |    Current Node    |     Objective Bounds      |     Work
 Expl Unexpl |  Obj  Depth IntInf | Incumbent    BestBd   Gap | It/Node Time

     0     0 1737485.51    0    6 2006195.76 1737485.51  13.4%     -    0s
H    0     0                    1849249.1595 1737485.51  6.04%     -    0s
H    0     0                    1843437.6163 1737485.51  5.75%     -    0s
H    0     0                    1838635.6721 1737485.51  5.50%     -    0s
H    0     0                    1787632.8965 1737497.91  2.80%     -    0s
     0     0 1768629.23    0    4 1787632.90 1768629.23  1.06%     -    0s
     0     0 1779160.32    0    2 1787632.90 1779160.32  0.47%     -    0s
     0     0 1779989.79    0    3 1787632.90 1779989.79  0.43%     -    0s
H    0     0                    1781341.9166 1781271.37  0.00%     -    0s
     0     0          -    0      1781341.92 1781271.37  0.00%     -    0s

Cutting planes:
  Cover: 1
  Implied bound: 2
  MIR: 6
  RLT: 1

Explored 1 nodes (69 simplex iterations) in 0.05 seconds (0.00 work units)
Thread count was 20 (of 20 available processors)

Solution count 7: 1.78134e+06 1.78763e+06 1.83864e+06 ... 2.09742e+06

Optimal solution found (tolerance 1.00e-04)
Best objective 1.781341916626e+06, best bound 1.781271368550e+06, gap 0.0040%
Subproblem 1 Solution: 1781341.92
Set parameter OutputFlag to value 1
Set parameter TimeLimit to value 1800
Gurobi Optimizer version 13.0.1 build v13.0.1rc0 (win64 - Windows Server 2022.0 (20348.2))

CPU model: AMD EPYC 7513 32-Core Processor, instruction set [SSE2|AVX|AVX2]
Thread count: 20 physical cores, 20 logical processors, using up to 20 threads

Non-default parameters:
TimeLimit  1800

Optimize a model with 237 rows, 214 columns and 916 nonzeros (Min)
Model fingerprint: 0xc2dfc9e4
Model has 184 linear objective coefficients and an objective constant of 1.6692371219591212e+03
Variable types: 196 continuous, 18 integer (18 binary)
Coefficient statistics:
  Matrix range     [8e-02, 2e+08]
  Objective range  [1e-01, 3e+00]
  Bounds range     [1e+00, 1e+00]
  RHS range        [1e+00, 4e+08]
Warning: Model contains large matrix coefficients
         Consider reformulating model or setting NumericFocus parameter
         to avoid numerical issues.

Presolve removed 183 rows and 74 columns
Presolve time: 0.00s
Presolved: 54 rows, 140 columns, 453 nonzeros
Variable types: 122 continuous, 18 integer (18 binary)

Root relaxation: objective 7.838216e+03, 60 iterations, 0.00 seconds (0.00 work units)

    Nodes    |    Current Node    |     Objective Bounds      |     Work
 Expl Unexpl |  Obj  Depth IntInf | Incumbent    BestBd   Gap | It/Node Time

     0     0 7838.21611    0    6          - 7838.21611      -     -    0s
     0     0 8155.81176    0    5          - 8155.81176      -     -    0s
     0     0 8571.22843    0    2          - 8571.22843      -     -    0s
     0     0 infeasible    0               - infeasible      -     -    0s

Cutting planes:
  Gomory: 1
  Implied bound: 4
  MIR: 6
  RLT: 1

Explored 1 nodes (91 simplex iterations) in 0.05 seconds (0.00 work units)
Thread count was 20 (of 20 available processors)

Solution count 0

Model is infeasible
Best objective -, best bound -, gap -
Subproblem 2 is infeasible -> Upper bound remains unchanged.

----------------------------------------------------------------------
End of Iteration 1 Summary:
  LB = 7408.18, UB = inf, Gap = inf, Cut added from SP1
----------------------------------------------------------------------

======================================================================
Iteration 2
Current bounds: LB = 7408.18, UB = inf, Gap = inf
======================================================================
Set parameter MIPFocus to value 0
Set parameter TimeLimit to value 300
Set parameter MIPGap to value 0.05
Gurobi Optimizer version 13.0.1 build v13.0.1rc0 (win64 - Windows Server 2022.0 (20348.2))

CPU model: AMD EPYC 7513 32-Core Processor, instruction set [SSE2|AVX|AVX2]
Thread count: 20 physical cores, 20 logical processors, using up to 20 threads

Non-default parameters:
TimeLimit  300
MIPGap  0.05

Optimize a model with 1503 rows, 1512 columns and 6048 nonzeros (Min)
Model fingerprint: 0x0bba0124
Model has 456 linear objective coefficients
Variable types: 1090 continuous, 422 integer (422 binary)
Coefficient statistics:
  Matrix range     [8e-02, 2e+08]
  Objective range  [6e-03, 3e+00]
  Bounds range     [1e+00, 1e+00]
  RHS range        [8e-02, 4e+08]
Warning: Model contains large matrix coefficients
         Consider reformulating model or setting NumericFocus parameter
         to avoid numerical issues.

Warning: Completing partial solution with 394 unfixed non-continuous variables out of 422
MIP start from previous solve produced solution with objective 9791.03 (0.07s)
MIP start from previous solve produced solution with objective 7728.81 (0.15s)
MIP start from previous solve produced solution with objective 7728.81 (0.17s)
Loaded MIP start from previous solve with objective 7728.81

Presolve removed 358 rows and 265 columns
Presolve time: 0.04s
Presolved: 1145 rows, 1247 columns, 4677 nonzeros
Variable types: 967 continuous, 280 integer (280 binary)

Root relaxation: interrupted, 285 iterations, 0.00 seconds (0.00 work units)

    Nodes    |    Current Node    |     Objective Bounds      |     Work
 Expl Unexpl |  Obj  Depth IntInf | Incumbent    BestBd   Gap | It/Node Time

     0     0          -    0      7728.81142 7383.46454  4.47%     -    0s

Explored 1 nodes (285 simplex iterations) in 0.23 seconds (0.11 work units)
Thread count was 20 (of 20 available processors)

Solution count 4: 7728.81 7728.81 7728.81 9791.03 

Optimal solution found (tolerance 5.00e-02)
Best objective 7.728811418450e+03, best bound 7.383464543933e+03, gap 4.4683%
Best Master Problem Solution: Objective = 7728.81, Bound = 7383.46
LB remains unchanged: LB = 7408.18
[BigM] OC block l=1: dual_hits=64, primal_hits=0
  - OC1.F5[c=2]: dual=1e+08 hits M=1e+08
  - OC1.F9_1[0,0,2]: dual=1e+07 hits M=1e+07
  - OC1.F9_1[0,0,3]: dual=1e+07 hits M=1e+07
  - OC1.F9_1[0,1,1]: dual=1e+07 hits M=1e+07
  - OC1.F9_1[0,1,2]: dual=1e+07 hits M=1e+07
  - OC1.F9_1[0,1,4]: dual=1e+07 hits M=1e+07
  - OC1.F9_1[1,0,4]: dual=1e+07 hits M=1e+07
  - OC1.F9_1[1,1,1]: dual=1e+07 hits M=1e+07
  - OC1.F9_1[1,1,4]: dual=1e+07 hits M=1e+07
  - OC1.F9_1[2,0,4]: dual=1e+07 hits M=1e+07
  - OC1.F9_1[3,0,1]: dual=1e+07 hits M=1e+07
  - OC1.F9_1[3,0,3]: dual=1e+07 hits M=1e+07
  - OC1.F9_1[4,0,1]: dual=1e+07 hits M=1e+07
  - OC1.F9_1[4,0,2]: dual=1e+07 hits M=1e+07
  - OC1.F9_1[4,0,3]: dual=1e+07 hits M=1e+07
  - OC1.F9_1[4,1,1]: dual=1e+07 hits M=1e+07
  - OC1.F9_1[4,1,3]: dual=1e+07 hits M=1e+07
  - OC1.F9_1[4,1,4]: dual=1e+07 hits M=1e+07
  - OC1.F9_1[5,0,3]: dual=1e+07 hits M=1e+07
  - OC1.F9_1[5,1,1]: dual=1e+07 hits M=1e+07
  - OC1.F9_1[5,1,2]: dual=1e+07 hits M=1e+07
  - OC1.F9_1[5,1,3]: dual=1e+07 hits M=1e+07
  - OC1.F9_1[5,1,4]: dual=1e+07 hits M=1e+07
  - OC1.F9_2[2,1,0]: dual=1e+06 hits M=1e+06
  - OC1.F9_2[2,1,1]: dual=1e+06 hits M=1e+06
  - OC1.F9_2[2,1,2]: dual=1e+06 hits M=1e+06
  - OC1.F9_2[2,1,3]: dual=1e+06 hits M=1e+06
  - OC1.F9_2[2,1,4]: dual=1e+06 hits M=1e+06
  - OC1.pi_q_cw[2,1]: dual=1e+07 hits M=1e+07
  - OC1.pi_q_scw[0,2,0]: dual=1e+08 hits M=1e+08
  - OC1.pi_q_scw[1,2,0]: dual=1e+08 hits M=1e+08
  - OC1.pi_q_scw[2,2,0]: dual=1e+08 hits M=1e+08
  - OC1.pi_q_scw[3,2,0]: dual=1e+08 hits M=1e+08
  - OC1.pi_q_scw[4,2,0]: dual=1e+08 hits M=1e+08
  - OC1.pi_q_scw[5,2,0]: dual=1e+08 hits M=1e+08
  - OC1.pi_q_scw[6,2,0]: dual=1e+08 hits M=1e+08
  - OC1.pi_q_scw[7,2,0]: dual=1e+08 hits M=1e+08
  - OC1.pi_r_sw[2,1]: dual=1e+07 hits M=1e+07
  - OC1.pi_r_sw[4,1]: dual=1e+07 hits M=1e+07
  - OC1.pi_y_cwh[0,0,2]: dual=1e+07 hits M=1e+07
  - OC1.pi_y_cwh[0,0,3]: dual=1e+07 hits M=1e+07
  - OC1.pi_y_cwh[0,1,1]: dual=1e+07 hits M=1e+07
  - OC1.pi_y_cwh[0,1,2]: dual=1e+07 hits M=1e+07
  - OC1.pi_y_cwh[0,1,4]: dual=1e+07 hits M=1e+07
  - OC1.pi_y_cwh[1,0,4]: dual=1e+07 hits M=1e+07
  - OC1.pi_y_cwh[1,1,1]: dual=1e+07 hits M=1e+07
  - OC1.pi_y_cwh[1,1,4]: dual=1e+07 hits M=1e+07
  - OC1.pi_y_cwh[2,0,4]: dual=1e+07 hits M=1e+07
  - OC1.pi_y_cwh[2,1,1]: dual=1e+07 hits M=1e+07
  - OC1.pi_y_cwh[2,1,2]: dual=1e+07 hits M=1e+07
  - OC1.pi_y_cwh[2,1,4]: dual=1e+07 hits M=1e+07
  - OC1.pi_y_cwh[3,0,1]: dual=1e+07 hits M=1e+07
  - OC1.pi_y_cwh[3,0,3]: dual=1e+07 hits M=1e+07
  - OC1.pi_y_cwh[4,0,1]: dual=1e+07 hits M=1e+07
  - OC1.pi_y_cwh[4,0,2]: dual=1e+07 hits M=1e+07
  - OC1.pi_y_cwh[4,0,3]: dual=1e+07 hits M=1e+07
  - OC1.pi_y_cwh[4,1,1]: dual=1e+07 hits M=1e+07
  - OC1.pi_y_cwh[4,1,3]: dual=1e+07 hits M=1e+07
  - OC1.pi_y_cwh[4,1,4]: dual=1e+07 hits M=1e+07
  - OC1.pi_y_cwh[5,0,3]: dual=1e+07 hits M=1e+07
  - OC1.pi_y_cwh[5,1,1]: dual=1e+07 hits M=1e+07
  - OC1.pi_y_cwh[5,1,2]: dual=1e+07 hits M=1e+07
  - OC1.pi_y_cwh[5,1,3]: dual=1e+07 hits M=1e+07
  - OC1.pi_y_cwh[5,1,4]: dual=1e+07 hits M=1e+07
Set parameter OutputFlag to value 1
Set parameter TimeLimit to value 300
Gurobi Optimizer version 13.0.1 build v13.0.1rc0 (win64 - Windows Server 2022.0 (20348.2))

CPU model: AMD EPYC 7513 32-Core Processor, instruction set [SSE2|AVX|AVX2]
Thread count: 20 physical cores, 20 logical processors, using up to 20 threads

Non-default parameters:
TimeLimit  300

Optimize a model with 234 rows, 214 columns and 650 nonzeros (Min)
Model fingerprint: 0xead329c5
Model has 202 linear objective coefficients
Variable types: 196 continuous, 18 integer (18 binary)
Coefficient statistics:
  Matrix range     [1e+00, 2e+08]
  Objective range  [8e-02, 2e+04]
  Bounds range     [1e+00, 1e+00]
  RHS range        [1e+00, 4e+08]
Warning: Model contains large matrix coefficients
         Consider reformulating model or setting NumericFocus parameter
         to avoid numerical issues.

Found heuristic solution: objective 2097420.0347
Presolve removed 194 rows and 86 columns
Presolve time: 0.00s
Presolved: 40 rows, 128 columns, 292 nonzeros
Found heuristic solution: objective 2006195.7569
Variable types: 110 continuous, 18 integer (18 binary)

Root relaxation: objective 1.737486e+06, 32 iterations, 0.00 seconds (0.00 work units)

    Nodes    |    Current Node    |     Objective Bounds      |     Work
 Expl Unexpl |  Obj  Depth IntInf | Incumbent    BestBd   Gap | It/Node Time

     0     0 1737485.51    0    6 2006195.76 1737485.51  13.4%     -    0s
H    0     0                    1880917.2634 1737485.51  7.63%     -    0s
H    0     0                    1876103.3193 1737485.51  7.39%     -    0s
H    0     0                    1870291.7762 1737485.51  7.10%     -    0s
H    0     0                    1838635.6721 1737485.51  5.50%     -    0s
     0     0 1770439.91    0    4 1838635.67 1770439.91  3.71%     -    0s
H    0     0                    1824218.2690 1779825.64  2.43%     -    0s
     0     0 1779825.64    0    3 1824218.27 1779825.64  2.43%     -    0s
H    0     0                    1787632.8965 1780643.79  0.39%     -    0s
H    0     0                    1781341.9166 1780643.79  0.04%     -    0s
     0     0          -    0      1781341.92 1781271.37  0.00%     -    0s

Cutting planes:
  Cover: 1
  Implied bound: 3
  MIR: 6
  RLT: 2

Explored 1 nodes (68 simplex iterations) in 0.04 seconds (0.00 work units)
Thread count was 20 (of 20 available processors)

Solution count 9: 1.78134e+06 1.78763e+06 1.82422e+06 ... 2.09742e+06

Optimal solution found (tolerance 1.00e-04)
Best objective 1.781341916626e+06, best bound 1.781271368235e+06, gap 0.0040%
Subproblem 1 Solution: 1781341.92
Set parameter OutputFlag to value 1
Set parameter TimeLimit to value 1800
Gurobi Optimizer version 13.0.1 build v13.0.1rc0 (win64 - Windows Server 2022.0 (20348.2))

CPU model: AMD EPYC 7513 32-Core Processor, instruction set [SSE2|AVX|AVX2]
Thread count: 20 physical cores, 20 logical processors, using up to 20 threads

Non-default parameters:
TimeLimit  1800

Optimize a model with 237 rows, 214 columns and 916 nonzeros (Min)
Model fingerprint: 0x82f96be4
Model has 184 linear objective coefficients and an objective constant of 1.6692371219591212e+03
Variable types: 196 continuous, 18 integer (18 binary)
Coefficient statistics:
  Matrix range     [8e-02, 2e+08]
  Objective range  [1e-01, 3e+00]
  Bounds range     [1e+00, 1e+00]
  RHS range        [1e+00, 4e+08]
Warning: Model contains large matrix coefficients
         Consider reformulating model or setting NumericFocus parameter
         to avoid numerical issues.

Presolve removed 183 rows and 74 columns
Presolve time: 0.00s
Presolved: 54 rows, 140 columns, 453 nonzeros
Variable types: 122 continuous, 18 integer (18 binary)

Root relaxation: objective 7.838216e+03, 60 iterations, 0.00 seconds (0.00 work units)

    Nodes    |    Current Node    |     Objective Bounds      |     Work
 Expl Unexpl |  Obj  Depth IntInf | Incumbent    BestBd   Gap | It/Node Time

     0     0 7838.21611    0    6          - 7838.21611      -     -    0s
     0     0 8155.81176    0    5          - 8155.81176      -     -    0s
     0     0 8508.68853    0    2          - 8508.68853      -     -    0s
     0     0 8628.78134    0    3          - 8628.78134      -     -    0s
     0     0 8636.81366    0    4          - 8636.81366      -     -    0s
     0     0 infeasible    0               - infeasible      -     -    0s

Cutting planes:
  Gomory: 3
  Implied bound: 5
  MIR: 6
  RLT: 1

Explored 1 nodes (99 simplex iterations) in 0.05 seconds (0.00 work units)
Thread count was 20 (of 20 available processors)

Solution count 0

Model is infeasible
Best objective -, best bound -, gap -
Subproblem 2 is infeasible -> Upper bound remains unchanged.

----------------------------------------------------------------------
End of Iteration 2 Summary:
  LB = 7408.18, UB = inf, Gap = inf, Cut added from SP1
----------------------------------------------------------------------

######################################################################
Finished Yue-KKT Decomposition run.
Iterations 2
Final LB = 7408.18
Final UB = inf
Final Gap = inf (tolerance Xi = 10)
No feasible solution found during the decomposition process.
