Yue-KKT Decomposition Algorithm started. Logs will be saved to h:\Dissertation\Shanghai\Paper\Co-Processing waste in cement industry\Paper2_CoProcessing\Yue_Decomposition_Algorithm\solutions\Yue_KKT_Decomp_20260223_1306.log
Set parameter Username
Set parameter LicenseID to value 2760969
Academic license - for non-commercial use only - expires 2027-01-05
Set parameter OutputFlag to value 1

======================================================================
Iteration 1
Current bounds: LB = -inf, UB = inf, Gap = inf
======================================================================
Set parameter MIPFocus to value 0
Set parameter TimeLimit to value 300
Set parameter MIPGap to value 0.05
Gurobi Optimizer version 13.0.1 build v13.0.1rc0 (win64 - Windows Server 2022.0 (20348.2))

CPU model: AMD EPYC 7513 32-Core Processor, instruction set [SSE2|AVX|AVX2]
Thread count: 20 physical cores, 20 logical processors, using up to 20 threads

Non-default parameters:
TimeLimit  300
MIPGap  0.05

Optimize a model with 291 rows, 499 columns and 2035 nonzeros (Min)
Model fingerprint: 0x091c7a67
Model has 456 linear objective coefficients
Variable types: 471 continuous, 28 integer (28 binary)
Coefficient statistics:
  Matrix range     [1e+00, 2e+08]
  Objective range  [6e-03, 3e+00]
  Bounds range     [1e+00, 1e+00]
  RHS range        [3e-01, 4e+08]
Warning: Model contains large matrix coefficients
         Consider reformulating model or setting NumericFocus parameter
         to avoid numerical issues.

Presolve removed 207 rows and 83 columns
Presolve time: 0.00s
Presolved: 84 rows, 416 columns, 1163 nonzeros
Variable types: 398 continuous, 18 integer (18 binary)
Found heuristic solution: objective 9107.8717774
Found heuristic solution: objective 7728.8114185

Root relaxation: interrupted, 57 iterations, 0.00 seconds (0.00 work units)

    Nodes    |    Current Node    |     Objective Bounds      |     Work
 Expl Unexpl |  Obj  Depth IntInf | Incumbent    BestBd   Gap | It/Node Time

     0     0          -    0      7728.81142 7408.17666  4.15%     -    0s

Explored 1 nodes (57 simplex iterations) in 0.03 seconds (0.00 work units)
Thread count was 20 (of 20 available processors)

Solution count 2: 7728.81 9107.87 

Optimal solution found (tolerance 5.00e-02)
Best objective 7.728811418450e+03, best bound 7.408176659167e+03, gap 4.1486%
Best Master Problem Solution: Objective = 7728.81, Bound = 7408.18
New LB found. LB updated from -inf to 7408.18
Set parameter OutputFlag to value 1
Set parameter TimeLimit to value 300
Gurobi Optimizer version 13.0.1 build v13.0.1rc0 (win64 - Windows Server 2022.0 (20348.2))

CPU model: AMD EPYC 7513 32-Core Processor, instruction set [SSE2|AVX|AVX2]
Thread count: 20 physical cores, 20 logical processors, using up to 20 threads

Non-default parameters:
TimeLimit  300

Optimize a model with 234 rows, 214 columns and 650 nonzeros (Min)
Model fingerprint: 0x011f133a
Model has 202 linear objective coefficients
Variable types: 196 continuous, 18 integer (18 binary)
Coefficient statistics:
  Matrix range     [1e+00, 2e+08]
  Objective range  [8e-02, 2e+04]
  Bounds range     [1e+00, 1e+00]
  RHS range        [1e+00, 4e+08]
Warning: Model contains large matrix coefficients
         Consider reformulating model or setting NumericFocus parameter
         to avoid numerical issues.

Found heuristic solution: objective 2097420.0347
Presolve removed 194 rows and 86 columns
Presolve time: 0.00s
Presolved: 40 rows, 128 columns, 292 nonzeros
Found heuristic solution: objective 2006195.7569
Variable types: 110 continuous, 18 integer (18 binary)

Root relaxation: objective 1.737486e+06, 32 iterations, 0.00 seconds (0.00 work units)

    Nodes    |    Current Node    |     Objective Bounds      |     Work
 Expl Unexpl |  Obj  Depth IntInf | Incumbent    BestBd   Gap | It/Node Time

     0     0 1737485.51    0    6 2006195.76 1737485.51  13.4%     -    0s
H    0     0                    1849249.1595 1737485.51  6.04%     -    0s
H    0     0                    1843437.6163 1737485.51  5.75%     -    0s
H    0     0                    1838635.6721 1737485.51  5.50%     -    0s
H    0     0                    1787632.8965 1737497.91  2.80%     -    0s
     0     0 1768629.23    0    4 1787632.90 1768629.23  1.06%     -    0s
     0     0 1779160.32    0    2 1787632.90 1779160.32  0.47%     -    0s
     0     0 1779989.79    0    3 1787632.90 1779989.79  0.43%     -    0s
H    0     0                    1781341.9166 1781271.37  0.00%     -    0s
     0     0          -    0      1781341.92 1781271.37  0.00%     -    0s

Cutting planes:
  Cover: 1
  Implied bound: 2
  MIR: 6
  RLT: 1

Explored 1 nodes (69 simplex iterations) in 0.05 seconds (0.00 work units)
Thread count was 20 (of 20 available processors)

Solution count 7: 1.78134e+06 1.78763e+06 1.83864e+06 ... 2.09742e+06

Optimal solution found (tolerance 1.00e-04)
Best objective 1.781341916626e+06, best bound 1.781271368550e+06, gap 0.0040%
Subproblem 1 Solution: 1781341.92
Set parameter OutputFlag to value 1
Set parameter TimeLimit to value 1800
Gurobi Optimizer version 13.0.1 build v13.0.1rc0 (win64 - Windows Server 2022.0 (20348.2))

CPU model: AMD EPYC 7513 32-Core Processor, instruction set [SSE2|AVX|AVX2]
Thread count: 20 physical cores, 20 logical processors, using up to 20 threads

Non-default parameters:
TimeLimit  1800

Optimize a model with 237 rows, 214 columns and 916 nonzeros (Min)
Model fingerprint: 0xc2dfc9e4
Model has 184 linear objective coefficients and an objective constant of 1.6692371219591212e+03
Variable types: 196 continuous, 18 integer (18 binary)
Coefficient statistics:
  Matrix range     [8e-02, 2e+08]
  Objective range  [1e-01, 3e+00]
  Bounds range     [1e+00, 1e+00]
  RHS range        [1e+00, 4e+08]
Warning: Model contains large matrix coefficients
         Consider reformulating model or setting NumericFocus parameter
         to avoid numerical issues.

Presolve removed 183 rows and 74 columns
Presolve time: 0.00s
Presolved: 54 rows, 140 columns, 453 nonzeros
Variable types: 122 continuous, 18 integer (18 binary)

Root relaxation: objective 7.838216e+03, 60 iterations, 0.00 seconds (0.00 work units)

    Nodes    |    Current Node    |     Objective Bounds      |     Work
 Expl Unexpl |  Obj  Depth IntInf | Incumbent    BestBd   Gap | It/Node Time

     0     0 7838.21611    0    6          - 7838.21611      -     -    0s
     0     0 8155.81176    0    5          - 8155.81176      -     -    0s
     0     0 8571.22843    0    2          - 8571.22843      -     -    0s
     0     0 infeasible    0               - infeasible      -     -    0s

Cutting planes:
  Gomory: 1
  Implied bound: 4
  MIR: 6
  RLT: 1

Explored 1 nodes (91 simplex iterations) in 0.04 seconds (0.00 work units)
Thread count was 20 (of 20 available processors)

Solution count 0

Model is infeasible
Best objective -, best bound -, gap -
Subproblem 2 is infeasible -> Upper bound remains unchanged.

----------------------------------------------------------------------
End of Iteration 1 Summary:
  LB = 7408.18, UB = inf, Gap = inf, Cut added from SP1
----------------------------------------------------------------------

======================================================================
Iteration 2
Current bounds: LB = 7408.18, UB = inf, Gap = inf
======================================================================
Set parameter MIPFocus to value 0
Set parameter TimeLimit to value 300
Set parameter MIPGap to value 0.05
Gurobi Optimizer version 13.0.1 build v13.0.1rc0 (win64 - Windows Server 2022.0 (20348.2))

CPU model: AMD EPYC 7513 32-Core Processor, instruction set [SSE2|AVX|AVX2]
Thread count: 20 physical cores, 20 logical processors, using up to 20 threads

Non-default parameters:
TimeLimit  300
MIPGap  0.05

Optimize a model with 1503 rows, 1512 columns and 6048 nonzeros (Min)
Model fingerprint: 0xf8ba548c
Model has 456 linear objective coefficients
Variable types: 1090 continuous, 422 integer (422 binary)
Coefficient statistics:
  Matrix range     [8e-02, 2e+08]
  Objective range  [6e-03, 3e+00]
  Bounds range     [1e+00, 1e+00]
  RHS range        [8e-02, 4e+08]
Warning: Model contains large matrix coefficients
         Consider reformulating model or setting NumericFocus parameter
         to avoid numerical issues.

Warning: Completing partial solution with 394 unfixed non-continuous variables out of 422
Warning: Completing partial solution with 394 unfixed non-continuous variables out of 422
MIP start from previous solve did not produce a new incumbent solution

Presolve removed 358 rows and 265 columns
Presolve time: 0.03s
Presolved: 1145 rows, 1247 columns, 4677 nonzeros
Variable types: 967 continuous, 280 integer (280 binary)
Found heuristic solution: objective 14114.888124

Root relaxation: objective 7.413381e+03, 551 iterations, 0.01 seconds (0.01 work units)

    Nodes    |    Current Node    |     Objective Bounds      |     Work
 Expl Unexpl |  Obj  Depth IntInf | Incumbent    BestBd   Gap | It/Node Time

     0     0 7413.38082    0   29 14114.8881 7413.38082  47.5%     -    0s
     0     0 7702.80770    0   55 14114.8881 7702.80770  45.4%     -    0s
     0     0 7705.94568    0   36 14114.8881 7705.94568  45.4%     -    0s
     0     0 7707.56163    0   51 14114.8881 7707.56163  45.4%     -    0s
     0     0 7708.54829    0   26 14114.8881 7708.54829  45.4%     -    0s
     0     0 7708.54829    0   19 14114.8881 7708.54829  45.4%     -    0s
     0     0 7708.54829    0   35 14114.8881 7708.54829  45.4%     -    0s
     0     0 7708.54829    0   35 14114.8881 7708.54829  45.4%     -    0s
     0     0 7708.54829    0   40 14114.8881 7708.54829  45.4%     -    0s
     0     0 7708.54829    0   23 14114.8881 7708.54829  45.4%     -    0s
     0     0 7708.54829    0   24 14114.8881 7708.54829  45.4%     -    0s
     0     0 7708.54829    0    8 14114.8881 7708.54829  45.4%     -    0s
     0     0 7708.54829    0    9 14114.8881 7708.54829  45.4%     -    0s
     0     0 7708.54829    0    8 14114.8881 7708.54829  45.4%     -    0s
     0     0 7708.54829    0    8 14114.8881 7708.54829  45.4%     -    1s
     0     2 7708.54829    0    8 14114.8881 7708.54829  45.4%     -    1s
H   16    32                    9916.8296459 7708.54829  22.3%  52.0    1s
*  373   455              25    7717.4212149 7708.54829  0.11%  28.6    1s
*  374   455              24    7717.4211927 7708.54829  0.11%  28.6    1s
*  378   455              16    7714.9779615 7708.54829  0.08%  28.5    1s

Cutting planes:
  Learned: 39
  Gomory: 2
  Cover: 17
  Implied bound: 74
  Clique: 12
  MIR: 26
  Knapsack: 1
  StrongCG: 1
  Flow cover: 71
  RLT: 7
  Relax-and-lift: 24
  BQP: 1
  PSD: 1

Explored 550 nodes (19435 simplex iterations) in 1.36 seconds (0.48 work units)
Thread count was 20 (of 20 available processors)

Solution count 5: 7714.98 7717.42 7717.42 ... 14114.9

Optimal solution found (tolerance 5.00e-02)
Best objective 7.714977961548e+03, best bound 7.708548293292e+03, gap 0.0833%
Best Master Problem Solution: Objective = 7714.98, Bound = 7708.55
New LB found. LB updated from 7408.18 to 7708.55
[BigM] OC block l=1: dual_hits=17, primal_hits=0
  - OC1.F5[c=2]: dual=1e+07 hits M=1e+07
  - OC1.pi_q_scw[0,2,0]: dual=1e+07 hits M=1e+07
  - OC1.pi_q_scw[0,2,1]: dual=1e+07 hits M=1e+07
  - OC1.pi_q_scw[1,2,0]: dual=1e+07 hits M=1e+07
  - OC1.pi_q_scw[1,2,1]: dual=1e+07 hits M=1e+07
  - OC1.pi_q_scw[2,2,0]: dual=1e+07 hits M=1e+07
  - OC1.pi_q_scw[2,2,1]: dual=1e+07 hits M=1e+07
  - OC1.pi_q_scw[3,2,0]: dual=1e+07 hits M=1e+07
  - OC1.pi_q_scw[3,2,1]: dual=1e+07 hits M=1e+07
  - OC1.pi_q_scw[4,2,0]: dual=1e+07 hits M=1e+07
  - OC1.pi_q_scw[4,2,1]: dual=1e+07 hits M=1e+07
  - OC1.pi_q_scw[5,2,0]: dual=1e+07 hits M=1e+07
  - OC1.pi_q_scw[5,2,1]: dual=1e+07 hits M=1e+07
  - OC1.pi_q_scw[6,2,0]: dual=1e+07 hits M=1e+07
  - OC1.pi_q_scw[6,2,1]: dual=1e+07 hits M=1e+07
  - OC1.pi_q_scw[7,2,0]: dual=1e+07 hits M=1e+07
  - OC1.pi_q_scw[7,2,1]: dual=1e+07 hits M=1e+07
Set parameter OutputFlag to value 1
Set parameter TimeLimit to value 300
Gurobi Optimizer version 13.0.1 build v13.0.1rc0 (win64 - Windows Server 2022.0 (20348.2))

CPU model: AMD EPYC 7513 32-Core Processor, instruction set [SSE2|AVX|AVX2]
Thread count: 20 physical cores, 20 logical processors, using up to 20 threads

Non-default parameters:
TimeLimit  300

Optimize a model with 234 rows, 214 columns and 650 nonzeros (Min)
Model fingerprint: 0x49d8c5eb
Model has 202 linear objective coefficients
Variable types: 196 continuous, 18 integer (18 binary)
Coefficient statistics:
  Matrix range     [1e+00, 2e+08]
  Objective range  [8e-02, 2e+04]
  Bounds range     [1e+00, 1e+00]
  RHS range        [1e+00, 4e+08]
Warning: Model contains large matrix coefficients
         Consider reformulating model or setting NumericFocus parameter
         to avoid numerical issues.

Found heuristic solution: objective 1954718.3201
Presolve removed 194 rows and 86 columns
Presolve time: 0.00s
Presolved: 40 rows, 128 columns, 292 nonzeros
Found heuristic solution: objective 1876765.9123
Variable types: 110 continuous, 18 integer (18 binary)

Root relaxation: objective 1.737489e+06, 30 iterations, 0.00 seconds (0.00 work units)

    Nodes    |    Current Node    |     Objective Bounds      |     Work
 Expl Unexpl |  Obj  Depth IntInf | Incumbent    BestBd   Gap | It/Node Time

     0     0 1737489.32    0    5 1876765.91 1737489.32  7.42%     -    0s
H    0     0                    1827188.8862 1737489.32  4.91%     -    0s
     0     0 1766142.66    0    4 1827188.89 1766142.66  3.34%     -    0s
     0     0 1769211.23    0    6 1827188.89 1769211.23  3.17%     -    0s
     0     0 1769654.30    0    6 1827188.89 1769654.30  3.15%     -    0s
H    0     0                    1819301.0004 1769654.30  2.73%     -    0s
H    0     0                    1781341.9166 1781280.72  0.00%     -    0s
     0     0          -    0      1781341.92 1781280.72  0.00%     -    0s

Cutting planes:
  Gomory: 3
  Cover: 1
  Implied bound: 4
  MIR: 6

Explored 1 nodes (66 simplex iterations) in 0.04 seconds (0.00 work units)
Thread count was 20 (of 20 available processors)

Solution count 5: 1.78134e+06 1.8193e+06 1.82719e+06 ... 1.95472e+06

Optimal solution found (tolerance 1.00e-04)
Best objective 1.781341916626e+06, best bound 1.781280715932e+06, gap 0.0034%
Subproblem 1 Solution: 1781341.92
Set parameter OutputFlag to value 1
Set parameter TimeLimit to value 1800
Gurobi Optimizer version 13.0.1 build v13.0.1rc0 (win64 - Windows Server 2022.0 (20348.2))

CPU model: AMD EPYC 7513 32-Core Processor, instruction set [SSE2|AVX|AVX2]
Thread count: 20 physical cores, 20 logical processors, using up to 20 threads

Non-default parameters:
TimeLimit  1800

Optimize a model with 237 rows, 214 columns and 916 nonzeros (Min)
Model fingerprint: 0x13a23fd0
Model has 184 linear objective coefficients and an objective constant of 1.6748179913541417e+03
Variable types: 196 continuous, 18 integer (18 binary)
Coefficient statistics:
  Matrix range     [8e-02, 2e+08]
  Objective range  [1e-01, 3e+00]
  Bounds range     [1e+00, 1e+00]
  RHS range        [1e+00, 4e+08]
Warning: Model contains large matrix coefficients
         Consider reformulating model or setting NumericFocus parameter
         to avoid numerical issues.

Presolve removed 183 rows and 74 columns
Presolve time: 0.00s
Presolved: 54 rows, 140 columns, 453 nonzeros
Variable types: 122 continuous, 18 integer (18 binary)

Root relaxation: objective 7.851467e+03, 54 iterations, 0.00 seconds (0.00 work units)

    Nodes    |    Current Node    |     Objective Bounds      |     Work
 Expl Unexpl |  Obj  Depth IntInf | Incumbent    BestBd   Gap | It/Node Time

     0     0 7851.46679    0    5          - 7851.46679      -     -    0s
     0     0 8438.59978    0    3          - 8438.59978      -     -    0s
     0     0 8492.51194    0    3          - 8492.51194      -     -    0s
     0     0 8520.77551    0    2          - 8520.77551      -     -    0s
     0     0 infeasible    0               - infeasible      -     -    0s

Cutting planes:
  Gomory: 1
  Cover: 1
  Implied bound: 4
  MIR: 5
  RLT: 1

Explored 1 nodes (94 simplex iterations) in 0.03 seconds (0.00 work units)
Thread count was 20 (of 20 available processors)

Solution count 0

Model is infeasible
Best objective -, best bound -, gap -
Subproblem 2 is infeasible -> Upper bound remains unchanged.

----------------------------------------------------------------------
End of Iteration 2 Summary:
  LB = 7708.55, UB = inf, Gap = inf, Cut added from SP1
----------------------------------------------------------------------

######################################################################
Finished Yue-KKT Decomposition run.
Iterations 2
Final LB = 7708.55
Final UB = inf
Final Gap = inf (tolerance Xi = 10)
No feasible solution found during the decomposition process.
