Yue-KKT Decomposition Algorithm started. Logs will be saved to h:\Dissertation\Shanghai\Paper\Co-Processing waste in cement industry\Paper2_CoProcessing\Yue_Decomposition_Algorithm\solutions\Yue_KKT_Decomp_20260220_1850.log
Set parameter Username
Set parameter LicenseID to value 2760969
Academic license - for non-commercial use only - expires 2027-01-05
Set parameter OutputFlag to value 1

======================================================================
Iteration 1
Current bounds: LB = -inf, UB = inf, Gap = inf
======================================================================
Set parameter MIPFocus to value 0
Set parameter TimeLimit to value 300
Set parameter MIPGap to value 0.05
Gurobi Optimizer version 13.0.1 build v13.0.1rc0 (win64 - Windows Server 2022.0 (20348.2))

CPU model: AMD EPYC 7513 32-Core Processor, instruction set [SSE2|AVX|AVX2]
Thread count: 20 physical cores, 20 logical processors, using up to 20 threads

Non-default parameters:
TimeLimit  300
MIPGap  0.05

Optimize a model with 291 rows, 499 columns and 2035 nonzeros (Min)
Model fingerprint: 0x091c7a67
Model has 456 linear objective coefficients
Variable types: 471 continuous, 28 integer (28 binary)
Coefficient statistics:
  Matrix range     [1e+00, 2e+08]
  Objective range  [6e-03, 3e+00]
  Bounds range     [1e+00, 1e+00]
  RHS range        [3e-01, 4e+08]
Warning: Model contains large matrix coefficients
         Consider reformulating model or setting NumericFocus parameter
         to avoid numerical issues.

Presolve removed 207 rows and 83 columns
Presolve time: 0.00s
Presolved: 84 rows, 416 columns, 1163 nonzeros
Variable types: 398 continuous, 18 integer (18 binary)
Found heuristic solution: objective 9107.8717774
Found heuristic solution: objective 7728.8114185

Root relaxation: interrupted, 57 iterations, 0.00 seconds (0.00 work units)

    Nodes    |    Current Node    |     Objective Bounds      |     Work
 Expl Unexpl |  Obj  Depth IntInf | Incumbent    BestBd   Gap | It/Node Time

     0     0          -    0      7728.81142 7408.17666  4.15%     -    0s

Explored 1 nodes (57 simplex iterations) in 0.05 seconds (0.00 work units)
Thread count was 20 (of 20 available processors)

Solution count 2: 7728.81 9107.87 

Optimal solution found (tolerance 5.00e-02)
Best objective 7.728811418450e+03, best bound 7.408176659167e+03, gap 4.1486%
Best Master Problem Solution: Objective = 7728.81, Bound = 7408.18
New LB found. LB updated from -inf to 7408.18
Set parameter OutputFlag to value 1
Set parameter TimeLimit to value 300
Gurobi Optimizer version 13.0.1 build v13.0.1rc0 (win64 - Windows Server 2022.0 (20348.2))

CPU model: AMD EPYC 7513 32-Core Processor, instruction set [SSE2|AVX|AVX2]
Thread count: 20 physical cores, 20 logical processors, using up to 20 threads

Non-default parameters:
TimeLimit  300

Optimize a model with 234 rows, 214 columns and 650 nonzeros (Min)
Model fingerprint: 0x011f133a
Model has 202 linear objective coefficients
Variable types: 196 continuous, 18 integer (18 binary)
Coefficient statistics:
  Matrix range     [1e+00, 2e+08]
  Objective range  [8e-02, 2e+04]
  Bounds range     [1e+00, 1e+00]
  RHS range        [1e+00, 4e+08]
Warning: Model contains large matrix coefficients
         Consider reformulating model or setting NumericFocus parameter
         to avoid numerical issues.

Found heuristic solution: objective 2097420.0347
Presolve removed 194 rows and 86 columns
Presolve time: 0.00s
Presolved: 40 rows, 128 columns, 292 nonzeros
Found heuristic solution: objective 2006195.7569
Variable types: 110 continuous, 18 integer (18 binary)

Root relaxation: objective 1.737486e+06, 32 iterations, 0.00 seconds (0.00 work units)

    Nodes    |    Current Node    |     Objective Bounds      |     Work
 Expl Unexpl |  Obj  Depth IntInf | Incumbent    BestBd   Gap | It/Node Time

     0     0 1737485.51    0    6 2006195.76 1737485.51  13.4%     -    0s
H    0     0                    1849249.1595 1737485.51  6.04%     -    0s
H    0     0                    1843437.6163 1737485.51  5.75%     -    0s
H    0     0                    1838635.6721 1737485.51  5.50%     -    0s
H    0     0                    1787632.8965 1737497.91  2.80%     -    0s
     0     0 1768629.23    0    4 1787632.90 1768629.23  1.06%     -    0s
     0     0 1779160.32    0    2 1787632.90 1779160.32  0.47%     -    0s
     0     0 1779989.79    0    3 1787632.90 1779989.79  0.43%     -    0s
H    0     0                    1781341.9166 1781271.37  0.00%     -    0s
     0     0          -    0      1781341.92 1781271.37  0.00%     -    0s

Cutting planes:
  Cover: 1
  Implied bound: 2
  MIR: 6
  RLT: 1

Explored 1 nodes (69 simplex iterations) in 0.03 seconds (0.00 work units)
Thread count was 20 (of 20 available processors)

Solution count 7: 1.78134e+06 1.78763e+06 1.83864e+06 ... 2.09742e+06

Optimal solution found (tolerance 1.00e-04)
Best objective 1.781341916626e+06, best bound 1.781271368550e+06, gap 0.0040%
Subproblem 1 Solution: 1781341.92
Set parameter OutputFlag to value 1
Set parameter TimeLimit to value 1800
Gurobi Optimizer version 13.0.1 build v13.0.1rc0 (win64 - Windows Server 2022.0 (20348.2))

CPU model: AMD EPYC 7513 32-Core Processor, instruction set [SSE2|AVX|AVX2]
Thread count: 20 physical cores, 20 logical processors, using up to 20 threads

Non-default parameters:
TimeLimit  1800

Optimize a model with 237 rows, 214 columns and 916 nonzeros (Min)
Model fingerprint: 0xc2dfc9e4
Model has 184 linear objective coefficients and an objective constant of 1.6692371219591212e+03
Variable types: 196 continuous, 18 integer (18 binary)
Coefficient statistics:
  Matrix range     [8e-02, 2e+08]
  Objective range  [1e-01, 3e+00]
  Bounds range     [1e+00, 1e+00]
  RHS range        [1e+00, 4e+08]
Warning: Model contains large matrix coefficients
         Consider reformulating model or setting NumericFocus parameter
         to avoid numerical issues.

Presolve removed 183 rows and 74 columns
Presolve time: 0.00s
Presolved: 54 rows, 140 columns, 453 nonzeros
Variable types: 122 continuous, 18 integer (18 binary)

Root relaxation: objective 7.838216e+03, 60 iterations, 0.00 seconds (0.00 work units)

    Nodes    |    Current Node    |     Objective Bounds      |     Work
 Expl Unexpl |  Obj  Depth IntInf | Incumbent    BestBd   Gap | It/Node Time

     0     0 7838.21611    0    6          - 7838.21611      -     -    0s
     0     0 8155.81176    0    5          - 8155.81176      -     -    0s
     0     0 8571.22843    0    2          - 8571.22843      -     -    0s
     0     0 infeasible    0               - infeasible      -     -    0s

Cutting planes:
  Gomory: 1
  Implied bound: 4
  MIR: 6
  RLT: 1

Explored 1 nodes (91 simplex iterations) in 0.07 seconds (0.00 work units)
Thread count was 20 (of 20 available processors)

Solution count 0

Model is infeasible
Best objective -, best bound -, gap -
Subproblem 2 is infeasible -> Upper bound remains unchanged.

----------------------------------------------------------------------
End of Iteration 1 Summary:
  LB = 7408.18, UB = inf, Gap = inf, Cut added from SP1
----------------------------------------------------------------------

======================================================================
Iteration 2
Current bounds: LB = 7408.18, UB = inf, Gap = inf
======================================================================
Set parameter MIPFocus to value 0
Set parameter TimeLimit to value 300
Set parameter MIPGap to value 0.05
Gurobi Optimizer version 13.0.1 build v13.0.1rc0 (win64 - Windows Server 2022.0 (20348.2))

CPU model: AMD EPYC 7513 32-Core Processor, instruction set [SSE2|AVX|AVX2]
Thread count: 20 physical cores, 20 logical processors, using up to 20 threads

Non-default parameters:
TimeLimit  300
MIPGap  0.05

Optimize a model with 1503 rows, 1512 columns and 6048 nonzeros (Min)
Model fingerprint: 0xbd902224
Model has 456 linear objective coefficients
Variable types: 1090 continuous, 422 integer (422 binary)
Coefficient statistics:
  Matrix range     [8e-02, 2e+08]
  Objective range  [6e-03, 3e+00]
  Bounds range     [1e+00, 1e+00]
  RHS range        [8e-02, 4e+08]
Warning: Model contains large matrix coefficients
         Consider reformulating model or setting NumericFocus parameter
         to avoid numerical issues.

Warning: Completing partial solution with 394 unfixed non-continuous variables out of 422
MIP start from previous solve produced solution with objective 12175.5 (0.19s)
MIP start from previous solve produced solution with objective 11494.8 (0.19s)
MIP start from previous solve produced solution with objective 11491.3 (0.21s)
MIP start from previous solve produced solution with objective 9442.27 (0.26s)
MIP start from previous solve produced solution with objective 9399.86 (0.26s)
MIP start from previous solve produced solution with objective 9399.86 (0.34s)
Loaded MIP start from previous solve with objective 9399.86

Presolve removed 358 rows and 265 columns
Presolve time: 0.02s
Presolved: 1145 rows, 1247 columns, 4677 nonzeros
Variable types: 967 continuous, 280 integer (280 binary)

Root relaxation: objective 7.413381e+03, 537 iterations, 0.01 seconds (0.01 work units)

    Nodes    |    Current Node    |     Objective Bounds      |     Work
 Expl Unexpl |  Obj  Depth IntInf | Incumbent    BestBd   Gap | It/Node Time

     0     0 7413.38082    0   18 9399.85939 7413.38082  21.1%     -    0s
     0     0 7668.35635    0   27 9399.85939 7668.35635  18.4%     -    0s
     0     0 7702.80770    0   13 9399.85939 7702.80770  18.1%     -    0s
     0     0 7702.80770    0   12 9399.85939 7702.80770  18.1%     -    0s
     0     0 7708.54829    0    9 9399.85939 7708.54829  18.0%     -    0s
     0     0 7708.54829    0    9 9399.85939 7708.54829  18.0%     -    0s
     0     0 7708.54829    0    7 9399.85939 7708.54829  18.0%     -    0s
     0     0 7708.54829    0    7 9399.85939 7708.54829  18.0%     -    0s
     0     0 7708.54829    0    7 9399.85939 7708.54829  18.0%     -    0s
     0     2 7708.54829    0    7 9399.85939 7708.54829  18.0%     -    0s
*  673   641              56    8702.7316908 7708.54829  11.4%  29.2    0s
* 1144   929              39    8681.3402646 7708.54829  11.2%  33.7    1s
* 1146   929              40    8681.1750548 7708.54829  11.2%  33.6    1s
* 1148   929              38    8680.9421611 7708.54829  11.2%  33.6    1s
* 2501  1683              34    8680.3470043 7708.54829  11.2%  33.3    1s
* 2503  1683              34    8680.2749727 7708.54829  11.2%  33.3    1s
* 2526  1683              47    8677.3556704 7708.54829  11.2%  33.3    1s
H 3384  2300                    8664.1496804 7708.54829  11.0%  32.8    1s
H 3718  2197                    8663.8567089 7708.54829  11.0%  32.1    2s
  7837  3419 7711.55108   25   30 8663.85671 7708.54829  11.0%  35.3    5s
* 8119  3161              67    8649.0628990 7708.54829  10.9%  35.6    5s
* 8196  3016              58    8648.6887969 7708.54829  10.9%  35.5    5s
H10237  3514                    8633.3066461 7708.54829  10.7%  37.9    6s
*15263  6344              49    8574.7841435 7708.54829  10.1%  41.9    9s
 15998  6867 7731.56332   29   25 8574.78414 7708.54829  10.1%  42.5   10s
 22334 10491 8197.44346   44   19 8574.78414 7708.54829  10.1%  48.1   15s
H26625 12402                    8549.8731648 7708.54829  9.84%  50.8   17s
 31460 15435 8463.44407   52    3 8549.87316 7708.54829  9.84%  51.8   20s
 38704 19103 7709.71662   36   81 8549.87316 7708.54829  9.84%  52.0   25s
H41036 19747                    8528.3080971 7708.54830  9.61%  52.8   27s
H41170 19500                    8455.0184648 7708.54830  8.83%  52.8   27s
H41314 16384                    8227.5474328 7708.54832  6.31%  52.9   27s
 44546 18726 7731.42054   54   18 8227.54743 7708.54832  6.31%  53.6   31s
 46477 18727 7712.63892   21    7 8227.54743 7708.64556  6.31%  53.7   35s
 46510 18749 7724.19890   39    9 8227.54743 7708.64556  6.31%  53.7   40s
H47805 18091                    8217.0172932 7708.64556  6.19%  54.3   42s
 49968 18501 infeasible   54      8217.01729 7708.64556  6.19%  54.9   45s
 56576 19177 7717.22972   49   26 8217.01729 7709.46315  6.18%  56.9   50s
 58690 19273 7878.39976   39   13 8217.01729 7711.60139  6.15%  57.6   55s
 61970 19501 7724.21328   40   34 8217.01729 7713.21197  6.13%  58.2   60s
 68526 19532 7989.15884   67   14 8217.01729 7717.45430  6.08%  58.6   65s
 75183 19861 7970.44038   53    6 8217.01729 7720.20113  6.05%  58.8   70s
 80707 19973 7763.31324   38   69 8217.01729 7722.30423  6.02%  58.7   75s
 86652 20239 7760.19061   53   49 8217.01729 7724.69339  5.99%  58.6   80s
 92138 20391 7916.94819   54   57 8217.01729 7726.24535  5.97%  58.5   85s
 99002 20307 7950.95511   51   39 8217.01729 7728.29785  5.95%  58.2   91s
 103260 21320 7899.13468   44   50 8217.01729 7730.02271  5.93%  58.1   95s
 109264 23440 infeasible   38      8217.01729 7731.73375  5.91%  58.1  101s
 113323 24886 7889.21535   49   31 8217.01729 7732.89072  5.89%  58.2  105s
 117394 26848 8067.12999   53   18 8217.01729 7733.89572  5.88%  58.2  110s
 123866 28688 7803.01981   55   54 8217.01729 7735.35560  5.86%  58.2  116s
 128043 30256 7907.87412   51   18 8217.01729 7735.96402  5.85%  58.2  120s
 132003 31468     cutoff   55      8217.01729 7736.63621  5.85%  58.2  125s
 136000 32902 7744.21849   48   74 8217.01729 7737.54500  5.84%  58.3  130s
 142246 35084 8079.94871   55   32 8217.01729 7738.53657  5.82%  58.4  137s
 144626 35792     cutoff   50      8217.01729 7739.03638  5.82%  58.4  140s
 150365 37945 8154.79287   44   44 8217.01729 7739.50551  5.81%  58.5  147s
 152436 38828 8106.46761   49   35 8217.01729 7739.63542  5.81%  58.5  150s
 156805 40290 7783.45068   52   56 8217.01729 7739.99261  5.81%  58.5  155s
 161315 41705 7814.04038   50   32 8217.01729 7740.21874  5.80%  58.3  161s
 165720 42992 7808.94371   67    8 8217.01729 7740.48204  5.80%  58.3  166s
 170380 44472 7801.84631   55   72 8217.01729 7740.73997  5.80%  58.3  171s
 174243 45920 7745.87230   60   25 8217.01729 7741.19763  5.79%  58.3  177s
 176549 46598 infeasible   44      8217.01729 7741.42320  5.79%  58.3  180s
 180800 48045 7990.61357   57   42 8217.01729 7741.71062  5.78%  58.2  185s
 184613 49556 infeasible   62      8217.01729 7742.05863  5.78%  58.2  191s
 188996 50941 7778.85196   51   69 8217.01729 7742.51518  5.77%  58.2  197s
 191009 51771 7860.76432   50   30 8217.01729 7742.65385  5.77%  58.3  201s
 195510 52984 7814.41743   52   63 8217.01729 7743.06278  5.77%  58.3  206s
 199716 54184 8055.72374   67   16 8217.01729 7743.48320  5.76%  58.3  212s
 201709 54894 7774.05962   45   29 8217.01729 7743.61414  5.76%  58.3  216s
 205890 55740 7825.24925   55   60 8217.01729 7744.05386  5.76%  58.4  221s
 208846 56958 7996.94256   60   10 8217.01729 7744.17028  5.75%  58.5  227s
 210826 57633 8113.92257   70    4 8217.01729 7744.28371  5.75%  58.5  230s
 215050 58955 7803.58874   57   68 8217.01729 7744.80107  5.75%  58.6  237s
 217092 59694     cutoff   48      8217.01729 7744.98576  5.74%  58.6  241s
 221412 60991     cutoff   43      8217.01729 7745.38139  5.74%  58.6  248s
 223598 61612 infeasible   53      8217.01729 7745.55536  5.74%  58.6  252s
 225638 62271 7765.51372   54   24 8217.01729 7745.77596  5.73%  58.6  255s
 230030 63302 8203.94298   56   28 8217.01729 7746.16851  5.73%  58.6  262s
 232112 63715 8187.12388   64   19 8217.01729 7746.36419  5.73%  58.6  265s
 236151 64780 8081.78632   65   12 8217.01729 7746.74655  5.72%  58.6  273s
 238164 65329 infeasible   42      8217.01729 7746.99898  5.72%  58.6  276s
 240255 65857 7779.60088   58   59 8217.01729 7747.19242  5.72%  58.6  280s
 244267 66888 8149.59909   73   31 8217.01729 7747.57018  5.71%  58.7  288s
 246257 67310 7986.19982   53   26 8217.01729 7747.73154  5.71%  58.8  292s
 248288 67874 7844.37430   65    6 8217.01729 7747.92773  5.71%  58.8  296s
 250334 68344 8152.92489   61   40 8217.01729 7748.17207  5.71%  58.9  300s

Cutting planes:
  Learned: 60
  Gomory: 12
  Cover: 430
  Implied bound: 153
  Projected implied bound: 12
  Clique: 67
  MIR: 156
  Mixing: 1
  StrongCG: 7
  Flow cover: 1479
  Inf proof: 21
  Zero half: 2
  RLT: 19
  Relax-and-lift: 124
  BQP: 2

Explored 252250 nodes (14866130 simplex iterations) in 300.38 seconds (99.07 work units)
Thread count was 20 (of 20 available processors)

Solution count 10: 8217.02 8227.55 8455.02 ... 8663.86

Time limit reached
Best objective 8.217017293229e+03, best bound 7.748389982590e+03, gap 5.7031%
Best Master Problem Solution: Objective = 8217.02, Bound = 7748.39
New LB found. LB updated from 7408.18 to 7748.39
Set parameter OutputFlag to value 1
Set parameter TimeLimit to value 300
Gurobi Optimizer version 13.0.1 build v13.0.1rc0 (win64 - Windows Server 2022.0 (20348.2))

CPU model: AMD EPYC 7513 32-Core Processor, instruction set [SSE2|AVX|AVX2]
Thread count: 20 physical cores, 20 logical processors, using up to 20 threads

Non-default parameters:
TimeLimit  300

Optimize a model with 234 rows, 214 columns and 650 nonzeros (Min)
Model fingerprint: 0x920fd94b
Model has 202 linear objective coefficients
Variable types: 196 continuous, 18 integer (18 binary)
Coefficient statistics:
  Matrix range     [1e+00, 2e+08]
  Objective range  [8e-02, 2e+04]
  Bounds range     [1e+00, 1e+00]
  RHS range        [5e-06, 4e+08]
Warning: Model contains large matrix coefficients
         Consider reformulating model or setting NumericFocus parameter
         to avoid numerical issues.

Found heuristic solution: objective 1949783.6515
Presolve removed 194 rows and 86 columns
Presolve time: 0.01s
Presolved: 40 rows, 128 columns, 292 nonzeros
Found heuristic solution: objective 1862283.4289
Variable types: 110 continuous, 18 integer (18 binary)

Root relaxation: objective 1.688764e+06, 49 iterations, 0.00 seconds (0.00 work units)

    Nodes    |    Current Node    |     Objective Bounds      |     Work
 Expl Unexpl |  Obj  Depth IntInf | Incumbent    BestBd   Gap | It/Node Time

     0     0 1688764.22    0    6 1862283.43 1688764.22  9.32%     -    0s
H    0     0                    1755366.3435 1688764.22  3.79%     -    0s
H    0     0                    1744685.2374 1688764.22  3.21%     -    0s
H    0     0                    1735734.5596 1688773.46  2.71%     -    0s
     0     0 1724108.45    0    4 1735734.56 1724108.45  0.67%     -    0s
     0     0 1731436.46    0    4 1735734.56 1731436.46  0.25%     -    0s
     0     0 1731706.10    0    5 1735734.56 1731706.10  0.23%     -    0s
H    0     0                    1733491.8854 1731706.10  0.10%     -    0s
     0     0          -    0      1733491.89 1733472.48  0.00%     -    0s

Cutting planes:
  Gomory: 2
  Implied bound: 8
  MIR: 8
  RLT: 1

Explored 1 nodes (93 simplex iterations) in 0.09 seconds (0.00 work units)
Thread count was 20 (of 20 available processors)

Solution count 6: 1.73349e+06 1.73573e+06 1.74469e+06 ... 1.94978e+06

Optimal solution found (tolerance 1.00e-04)
Best objective 1.733491885402e+06, best bound 1.733472484335e+06, gap 0.0011%
Subproblem 1 Solution: 1733491.89
Set parameter OutputFlag to value 1
Set parameter TimeLimit to value 1800
Gurobi Optimizer version 13.0.1 build v13.0.1rc0 (win64 - Windows Server 2022.0 (20348.2))

CPU model: AMD EPYC 7513 32-Core Processor, instruction set [SSE2|AVX|AVX2]
Thread count: 20 physical cores, 20 logical processors, using up to 20 threads

Non-default parameters:
TimeLimit  1800

Optimize a model with 237 rows, 214 columns and 916 nonzeros (Min)
Model fingerprint: 0x15066d1b
Model has 184 linear objective coefficients and an objective constant of 1.6742957265866730e+03
Variable types: 196 continuous, 18 integer (18 binary)
Coefficient statistics:
  Matrix range     [8e-02, 2e+08]
  Objective range  [1e-01, 3e+00]
  Bounds range     [1e+00, 1e+00]
  RHS range        [5e-06, 4e+08]
Warning: Model contains large matrix coefficients
         Consider reformulating model or setting NumericFocus parameter
         to avoid numerical issues.

Presolve removed 183 rows and 74 columns
Presolve time: 0.01s
Presolved: 54 rows, 140 columns, 453 nonzeros
Variable types: 122 continuous, 18 integer (18 binary)

Root relaxation: objective 8.027060e+03, 47 iterations, 0.00 seconds (0.00 work units)

    Nodes    |    Current Node    |     Objective Bounds      |     Work
 Expl Unexpl |  Obj  Depth IntInf | Incumbent    BestBd   Gap | It/Node Time

     0     0 8027.05996    0    6          - 8027.05996      -     -    0s
     0     0 8625.92585    0    6          - 8625.92585      -     -    0s
     0     0 8839.41842    0    3          - 8839.41842      -     -    0s
     0     0 8847.17984    0    4          - 8847.17984      -     -    0s
H    0     0                    8861.0851172 8847.86500  0.15%     -    0s
*    0     0               0    8847.8649985 8847.86500  0.00%     -    0s

Cutting planes:
  Gomory: 3
  Implied bound: 3
  MIR: 6
  RLT: 1

Explored 1 nodes (91 simplex iterations) in 0.11 seconds (0.00 work units)
Thread count was 20 (of 20 available processors)

Solution count 2: 8847.86 8861.09 

Optimal solution found (tolerance 1.00e-04)
Best objective 8.847864998533e+03, best bound 8.847864998533e+03, gap 0.0000%
Subproblem 2 feasible. Updated Upper Bound: UB = 8847.86

----------------------------------------------------------------------
End of Iteration 2 Summary:
  LB = 7748.39, UB = 8847.86, Gap = 1099.48, Cut added from SP2
----------------------------------------------------------------------

======================================================================
Iteration 3
Current bounds: LB = 7748.39, UB = 8847.86, Gap = 1099.48
======================================================================
Set parameter MIPFocus to value 0
Set parameter TimeLimit to value 300
Set parameter MIPGap to value 0.05
Gurobi Optimizer version 13.0.1 build v13.0.1rc0 (win64 - Windows Server 2022.0 (20348.2))

CPU model: AMD EPYC 7513 32-Core Processor, instruction set [SSE2|AVX|AVX2]
Thread count: 20 physical cores, 20 logical processors, using up to 20 threads

Non-default parameters:
TimeLimit  300
MIPGap  0.05

Optimize a model with 2715 rows, 2525 columns and 10061 nonzeros (Min)
Model fingerprint: 0xd3e775b4
Model has 456 linear objective coefficients
Variable types: 1709 continuous, 816 integer (816 binary)
Coefficient statistics:
  Matrix range     [8e-02, 2e+08]
  Objective range  [6e-03, 3e+00]
  Bounds range     [1e+00, 1e+00]
  RHS range        [8e-02, 4e+08]
Warning: Model contains large matrix coefficients
         Consider reformulating model or setting NumericFocus parameter
         to avoid numerical issues.

MIP start from previous solve did not produce a new incumbent solution

Presolve removed 662 rows and 517 columns
Presolve time: 0.06s
Presolved: 2053 rows, 2008 columns, 7767 nonzeros
Variable types: 1476 continuous, 532 integer (532 binary)

Root relaxation: objective 7.413381e+03, 1043 iterations, 0.03 seconds (0.02 work units)

    Nodes    |    Current Node    |     Objective Bounds      |     Work
 Expl Unexpl |  Obj  Depth IntInf | Incumbent    BestBd   Gap | It/Node Time

     0     0 7413.38082    0   26          - 7413.38082      -     -    0s
H    0     0                    12509.815434 7413.38082  40.7%     -    0s
     0     0 7702.80770    0   31 12509.8154 7702.80770  38.4%     -    0s
     0     0 7705.94568    0   39 12509.8154 7705.94568  38.4%     -    0s
     0     0 7708.54829    0   27 12509.8154 7708.54829  38.4%     -    0s
     0     0 7708.54829    0   30 12509.8154 7708.54829  38.4%     -    0s
     0     0 7708.54829    0   32 12509.8154 7708.54829  38.4%     -    0s
     0     0 7708.54829    0   27 12509.8154 7708.54829  38.4%     -    0s
     0     0 7708.54829    0   26 12509.8154 7708.54829  38.4%     -    0s
     0     0 7708.54829    0   26 12509.8154 7708.54829  38.4%     -    0s
     0     0 7708.54829    0   24 12509.8154 7708.54829  38.4%     -    0s
     0     0 7708.54829    0   23 12509.8154 7708.54829  38.4%     -    0s
     0     0 7708.54829    0   23 12509.8154 7708.54829  38.4%     -    0s
     0     0 7708.54829    0   22 12509.8154 7708.54829  38.4%     -    0s
     0     0 7708.54829    0   26 12509.8154 7708.54829  38.4%     -    0s
     0     0 7708.54829    0   22 12509.8154 7708.54829  38.4%     -    0s
     0     0 7708.54829    0   22 12509.8154 7708.54829  38.4%     -    0s
     0     0 7708.54829    0   22 12509.8154 7708.54829  38.4%     -    0s
     0     2 7708.54829    0   22 12509.8154 7708.54829  38.4%     -    0s
H   18    32                    12482.417710 7708.54829  38.2%  43.9    0s
H   21    32                    12260.076723 7708.54829  37.1%  42.8    0s
H   28    32                    12167.368985 7708.54829  36.6%  63.9    0s
H   51   113                    12142.232935 7708.54829  36.5%  70.1    0s
H   59   113                    11753.707912 7708.54829  34.4%  62.0    0s
H  782   778                    11752.274000 7708.54829  34.4%  34.2    1s
H  983  1004                    11724.873498 7708.54829  34.3%  39.6    1s
H 1065  1004                    11488.781235 7708.54829  32.9%  42.3    1s
* 2017  1420             122    9429.9483257 7708.54829  18.3%  47.0    1s
* 2774  1850              81    9064.9769232 7708.54829  15.0%  45.9    2s
H 3089  1734                    8665.6700222 7708.54829  11.0%  45.7    2s
  3243  1825 7725.19147   22   80 8665.67002 7708.54829  11.0%  51.7    5s
  5091  2407 7708.54829   63   11 8665.67002 7708.54829  11.0%  55.1   10s
 10128  4490 8409.67814   84   32 8665.67002 7708.54829  11.0%  64.1   15s
 14584  6908 7717.53914   36   19 8665.67002 7708.54829  11.0%  70.9   20s
 16470  7806 7749.97577   57   17 8665.67002 7708.54829  11.0%  73.0   25s
 19833  9514 8532.70178   48   28 8665.67002 7708.54829  11.0%  79.7   30s
 20763 10113 7708.54829   34   44 8665.67002 7708.54829  11.0%  81.2   35s
 21706 11022 7721.93549   41   55 8665.67002 7708.54829  11.0%  82.0   40s
 23107 13546 8661.65192   67   39 8665.67002 7708.54829  11.0%  83.6   55s
 29134 16067 7755.97020   38   77 8665.67002 7708.54829  11.0%  88.9   62s
 31121 17407 8135.89302   55   32 8665.67002 7708.54829  11.0%  89.1   66s
 34044 18852 7717.08143   32   21 8665.67002 7708.54829  11.0%  88.4   70s
 37183 21250 7708.54829   33   35 8665.67002 7708.54829  11.0%  88.1   76s
 41781 23364 7818.41860   74   15 8665.67002 7708.54829  11.0%  89.6   80s
 45596 27019 7708.54829   37   21 8665.67002 7708.54829  11.0%  90.2   85s
*47046 26529              83    8631.2223376 7708.54829  10.7%  90.4   85s
*47047 26503              83    8628.5846402 7708.54829  10.7%  90.4   85s
 47543 26502 7806.87901   67   22 8628.58464 7708.54829  10.7%  90.5   90s
 47563 26515 7730.26905   49   14 8628.58464 7708.54832  10.7%  90.5   95s
 48317 26699 7873.67888   50   44 8628.58464 7708.54832  10.7%  90.8  100s
 48830 26820 7890.49839   74   27 8628.58464 7708.54832  10.7%  90.6  105s
 49612 27193 7926.93614   84   11 8628.58464 7708.54832  10.7%  90.4  110s
H50221 25930                    8617.3808023 7708.54832  10.5%  90.4  112s
 51714 26566 7708.61178   50   22 8617.38080 7708.54832  10.5%  90.3  115s
 55292 27403 7710.47727   58   68 8617.38080 7708.54832  10.5%  91.0  120s
H56547 26310                    8600.6304189 7708.54832  10.4%  91.0  122s
 57282 26870 7880.16140   74   44 8600.63042 7708.54832  10.4%  91.1  125s
 60460 27888 7749.58181   63   20 8600.63042 7708.54832  10.4%  91.1  131s
 63477 28611     cutoff   96      8600.63042 7708.54832  10.4%  90.6  136s
 65302 29105 7892.62172   81   14 8600.63042 7708.54832  10.4%  90.7  140s
 67991 29826 7720.32765   63   68 8600.63042 7708.54832  10.4%  91.2  145s
 70002 29798 7880.70802   73   10 8600.63042 7708.54832  10.4%  91.4  150s
 70191 29915 7880.70859   77   11 8600.63042 7708.54832  10.4%  91.5  155s
 71389 31353     cutoff   74      8600.63042 7708.54832  10.4%  91.7  161s
H73383 29283                    8559.2405680 7708.54832  9.94%  92.1  161s
 75720 30275 8308.47238   84   13 8559.24057 7708.54838  9.94%  92.6  166s
 78629 31064 7717.20226   65   58 8559.24057 7708.54838  9.94%  92.6  170s
 81858 31932 7775.81950   53   77 8559.24057 7708.74285  9.94%  92.9  175s
 85924 32746 7867.25956   57   65 8559.24057 7708.84117  9.94%  93.1  180s
 89883 33704 infeasible   68      8559.24057 7709.10679  9.93%  93.1  186s
 93998 35202 7717.40117   64   39 8559.24057 7709.30652  9.93%  93.2  194s
 96842 34271 infeasible   82      8559.24057 7709.39153  9.93%  93.2  196s
 97567 34602 8124.65473   85   17 8559.24057 7709.39153  9.93%  93.3  201s
 98819 36242 8124.65483   87   15 8559.24057 7709.39153  9.93%  93.1  209s
 101192 37601 infeasible   80      8559.24057 7709.45250  9.93%  93.0  216s
 104643 38347 7735.71376   67   82 8559.24057 7709.54806  9.93%  92.8  222s
 107692 39079 infeasible   76      8559.24057 7709.54806  9.93%  92.7  228s
 110854 39665 8166.09487   77   15 8559.24057 7709.54806  9.93%  92.3  234s
 113552 40116 7713.05758   66  117 8559.24057 7709.54806  9.93%  92.1  239s
 115864 40957 7741.44899   67   32 8559.24057 7709.54809  9.93%  92.0  244s
 118590 43036 7755.69801   59   60 8559.24057 7709.59263  9.93%  91.8  251s
 121802 44234 infeasible   88      8559.24057 7709.60684  9.93%  91.6  255s
 125901 46644 7718.36953   65   53 8559.24057 7709.64674  9.93%  91.5  263s
 128058 47906 7885.72776   73   25 8559.24057 7709.66966  9.93%  91.4  268s
 130222 49155 7717.04029   63   17 8559.24057 7709.70239  9.93%  91.3  273s
 132367 49384 infeasible   64      8559.24057 7709.70554  9.93%  91.1  276s
 133198 49904 7710.89397   68   60 8559.24057 7709.70554  9.93%  91.2  280s

Cutting planes:
  Learned: 64
  Gomory: 21
  Cover: 378
  Implied bound: 223
  Projected implied bound: 7
  Clique: 168
  MIR: 159
  Mixing: 2
  StrongCG: 1
  Flow cover: 1345
  Inf proof: 6
  Network: 1
  RLT: 40
  Relax-and-lift: 162
  BQP: 1
  PSD: 5

Explored 133998 nodes (12228587 simplex iterations) in 282.48 seconds (130.08 work units)
Thread count was 20 (of 20 available processors)

Solution count 10: 8559.24 8559.24 8600.63 ... 11488.8

Solve interrupted
Best objective 8.559240567974e+03, best bound 7.709705542145e+03, gap 9.9254%
Best Master Problem Solution: Objective = 8559.24, Bound = 7709.71
LB remains unchanged: LB = 7748.39
