Yue-KKT Decomposition Algorithm started. Logs will be saved to h:\Dissertation\Shanghai\Paper\Co-Processing waste in cement industry\Paper2_CoProcessing\Yue_Decomposition_Algorithm\solutions\Yue_KKT_Decomp_20260304_1304.log
Set parameter Username
Set parameter LicenseID to value 2760969
Academic license - for non-commercial use only - expires 2027-01-05
Set parameter OutputFlag to value 1

Master Problem model structure (build):

  → Total created variables: 499
  → Thereof binary variables: 28
  → Thereof continuous variables: 471
  → Total created constraints: 291



======================================================================
Iteration 1
Current bounds: LB = -inf, UB = inf, Gap = inf
======================================================================
Set parameter MIPFocus to value 0

------------------------------------------------------------
Solving Master Problem...
------------------------------------------------------------

Master Problem model structure:

  → Total variables: 499
  → Thereof binary variables: 28
  → Thereof continuous variables: 471

  → Total constraints: 291
Set parameter TimeLimit to value 300
Set parameter ScaleFlag to value 2
Set parameter FeasibilityTol to value 1e-06
Set parameter OptimalityTol to value 1e-06
Set parameter IntFeasTol to value 1e-06
Gurobi Optimizer version 13.0.1 build v13.0.1rc0 (win64 - Windows Server 2022.0 (20348.2))

CPU model: AMD EPYC 7513 32-Core Processor, instruction set [SSE2|AVX|AVX2]
Thread count: 20 physical cores, 20 logical processors, using up to 20 threads

Non-default parameters:
TimeLimit  300
IntFeasTol  1e-06
ScaleFlag  2

Optimize a model with 291 rows, 499 columns and 2035 nonzeros (Min)
Model fingerprint: 0x55af7b1d
Model has 456 linear objective coefficients
Variable types: 471 continuous, 28 integer (28 binary)
Coefficient statistics:
  Matrix range     [1e+00, 2e+05]
  Objective range  [6e-03, 3e+00]
  Bounds range     [1e+00, 1e+00]
  RHS range        [3e-01, 2e+06]

Presolve removed 207 rows and 83 columns
Presolve time: 0.01s
Presolved: 84 rows, 416 columns, 1163 nonzeros
Variable types: 398 continuous, 18 integer (18 binary)
Found heuristic solution: objective 9107.8717774
Found heuristic solution: objective 7728.8114185

Root relaxation: objective 7.413381e+03, 83 iterations, 0.00 seconds (0.00 work units)

    Nodes    |    Current Node    |     Objective Bounds      |     Work
 Expl Unexpl |  Obj  Depth IntInf | Incumbent    BestBd   Gap | It/Node Time

     0     0 7413.38082    0    6 7728.81142 7413.38082  4.08%     -    0s
     0     0 7677.23976    0    4 7728.81142 7677.23976  0.67%     -    0s
     0     0 7702.80770    0    3 7728.81142 7702.80770  0.34%     -    0s
H    0     0                    7708.5482933 7702.80770  0.07%     -    0s
     0     0          -    0      7708.54829 7707.89706  0.01%     -    0s

Cutting planes:
  Gomory: 3
  Cover: 2
  Implied bound: 3
  MIR: 6
  RLT: 1

Explored 1 nodes (119 simplex iterations) in 0.05 seconds (0.01 work units)
Thread count was 20 (of 20 available processors)

Solution count 3: 7708.55 7728.81 9107.87 

Optimal solution found (tolerance 1.00e-04)
Best objective 7.708548293292e+03, best bound 7.707897058413e+03, gap 0.0084%
Best Master Problem Solution: Objective = 7708.55, Bound = 7707.90
New LB found. LB updated from -inf to 7707.90
✓ Master Problem solved optimally.
Set parameter OutputFlag to value 1

Subproblem 1 model structure:

  → Total created variables: 214
  → Thereof binary variables: 18
  → Thereof continuous variables: 196
  → Total created constraints: 234

Set parameter TimeLimit to value 300

------------------------------------------------------------
Solving Subproblem 1...
------------------------------------------------------------
Gurobi Optimizer version 13.0.1 build v13.0.1rc0 (win64 - Windows Server 2022.0 (20348.2))

CPU model: AMD EPYC 7513 32-Core Processor, instruction set [SSE2|AVX|AVX2]
Thread count: 20 physical cores, 20 logical processors, using up to 20 threads

Non-default parameters:
TimeLimit  300

Optimize a model with 234 rows, 214 columns and 650 nonzeros (Min)
Model fingerprint: 0x5b0157d3
Model has 202 linear objective coefficients
Variable types: 196 continuous, 18 integer (18 binary)
Coefficient statistics:
  Matrix range     [1e+00, 2e+05]
  Objective range  [8e-02, 5e+02]
  Bounds range     [1e+00, 1e+00]
  RHS range        [1e+00, 4e+05]

Found heuristic solution: objective 2049881.7792
Presolve removed 193 rows and 79 columns
Presolve time: 0.00s
Presolved: 41 rows, 135 columns, 306 nonzeros
Found heuristic solution: objective 1960641.0196
Variable types: 117 continuous, 18 integer (18 binary)

Root relaxation: objective 1.686687e+06, 34 iterations, 0.00 seconds (0.00 work units)

    Nodes    |    Current Node    |     Objective Bounds      |     Work
 Expl Unexpl |  Obj  Depth IntInf | Incumbent    BestBd   Gap | It/Node Time

     0     0 1686687.42    0    6 1960641.02 1686687.42  14.0%     -    0s
H    0     0                    1806078.3160 1686687.42  6.61%     -    0s
H    0     0                    1792181.7465 1686687.42  5.89%     -    0s
     0     0 1717506.94    0    6 1792181.75 1717506.94  4.17%     -    0s
     0     0 1727219.02    0    5 1792181.75 1727219.02  3.62%     -    0s
H    0     0                    1736836.3702 1728040.27  0.51%     -    0s
     0     0 1728755.56    0    5 1736836.37 1728755.56  0.47%     -    0s
H    0     0                    1730541.7647 1730477.12  0.00%     -    0s
H    0     0                    1730477.1462 1730477.12  0.00%     -    0s
     0     0          -    0      1730477.15 1730477.12  0.00%     -    0s

Cutting planes:
  Gomory: 2
  Cover: 1
  Implied bound: 7
  MIR: 5
  RLT: 1

Explored 1 nodes (60 simplex iterations) in 0.04 seconds (0.00 work units)
Thread count was 20 (of 20 available processors)

Solution count 7: 1.73048e+06 1.73054e+06 1.73684e+06 ... 2.04988e+06

Optimal solution found (tolerance 1.00e-04)
Best objective 1.730477146198e+06, best bound 1.730477118062e+06, gap 0.0000%
✓ Subproblem 1 solved optimally.
Subproblem 1 Solution: 1730477.15
Binary combination in SP1: x_ck = {(0, 0): 1, (0, 1): 0, (0, 2): 0, (1, 0): 1, (1, 1): 0, (1, 2): 0, (2, 0): 1, (2, 1): 0, (2, 2): 0, (3, 0): 0, (3, 1): 0, (3, 2): 0, (4, 0): 1, (4, 1): 0, (4, 2): 0, (5, 0): 1, (5, 1): 0, (5, 2): 0}
Set parameter OutputFlag to value 1

Subproblem 2 model structure:

  → Total created variables: 214
  → Thereof binary variables: 18
  → Thereof continuous variables: 196
  → Total created constraints: 237

Set parameter TimeLimit to value 1800

------------------------------------------------------------
Solving Subproblem 2...
------------------------------------------------------------
Gurobi Optimizer version 13.0.1 build v13.0.1rc0 (win64 - Windows Server 2022.0 (20348.2))

CPU model: AMD EPYC 7513 32-Core Processor, instruction set [SSE2|AVX|AVX2]
Thread count: 20 physical cores, 20 logical processors, using up to 20 threads

Non-default parameters:
TimeLimit  1800

Optimize a model with 237 rows, 214 columns and 916 nonzeros (Min)
Model fingerprint: 0xf317a2c2
Model has 184 linear objective coefficients and an objective constant of 1.6683883230981914e+03
Variable types: 196 continuous, 18 integer (18 binary)
Coefficient statistics:
  Matrix range     [8e-02, 2e+05]
  Objective range  [1e-01, 3e+00]
  Bounds range     [1e+00, 1e+00]
  RHS range        [1e+00, 2e+06]

Presolve removed 182 rows and 67 columns
Presolve time: 0.00s
Presolved: 55 rows, 147 columns, 474 nonzeros
Variable types: 129 continuous, 18 integer (18 binary)

Root relaxation: objective 7.842376e+03, 59 iterations, 0.00 seconds (0.00 work units)

    Nodes    |    Current Node    |     Objective Bounds      |     Work
 Expl Unexpl |  Obj  Depth IntInf | Incumbent    BestBd   Gap | It/Node Time

     0     0 7842.37590    0    6          - 7842.37590      -     -    0s
     0     0 8450.11917    0    4          - 8450.11917      -     -    0s
     0     0 8579.60716    0    2          - 8579.60716      -     -    0s
     0     0 infeasible    0               - infeasible      -     -    0s

Cutting planes:
  Gomory: 1
  Implied bound: 4
  MIR: 4
  RLT: 1

Explored 1 nodes (96 simplex iterations) in 0.03 seconds (0.00 work units)
Thread count was 20 (of 20 available processors)

Solution count 0

Model is infeasible
Best objective -, best bound -, gap -
✗ Subproblem 2 is infeasible.
Binary combination in SP2: x_ck = None
Subproblem 2 is infeasible -> Upper bound remains unchanged.
Adding KKT OC block based on x_ck of SP1 solution to cut off current leader solution.

----------------------------------------------------------------------
End of Iteration 1 Summary:
  LB = 7707.90, UB = inf, Gap = inf, Cut added from SP1
----------------------------------------------------------------------

======================================================================
Iteration 2
Current bounds: LB = 7707.90, UB = inf, Gap = inf
======================================================================
Set parameter MIPFocus to value 0

------------------------------------------------------------
Solving Master Problem...
------------------------------------------------------------

Master Problem model structure:

  → Total variables: 1512
  → Thereof binary variables: 422
  → Thereof continuous variables: 1090

  → Total constraints: 1503
Set parameter TimeLimit to value 300
Set parameter ScaleFlag to value 2
Set parameter FeasibilityTol to value 1e-06
Set parameter OptimalityTol to value 1e-06
Set parameter IntFeasTol to value 1e-06
Gurobi Optimizer version 13.0.1 build v13.0.1rc0 (win64 - Windows Server 2022.0 (20348.2))

CPU model: AMD EPYC 7513 32-Core Processor, instruction set [SSE2|AVX|AVX2]
Thread count: 20 physical cores, 20 logical processors, using up to 20 threads

Non-default parameters:
TimeLimit  300
IntFeasTol  1e-06
ScaleFlag  2

Optimize a model with 1503 rows, 1512 columns and 6048 nonzeros (Min)
Model fingerprint: 0x72d536e1
Model has 456 linear objective coefficients
Variable types: 1090 continuous, 422 integer (422 binary)
Coefficient statistics:
  Matrix range     [8e-02, 2e+05]
  Objective range  [6e-03, 3e+00]
  Bounds range     [1e+00, 1e+00]
  RHS range        [8e-02, 2e+06]

Warning: Completing partial solution with 394 unfixed non-continuous variables out of 422
MIP start from previous solve produced solution with objective 9926.86 (0.17s)
MIP start from previous solve produced solution with objective 9904.87 (0.23s)
MIP start from previous solve produced solution with objective 9904.87 (0.35s)
Loaded MIP start from previous solve with objective 9904.87

Presolve removed 358 rows and 265 columns
Presolve time: 0.03s
Presolved: 1145 rows, 1247 columns, 4677 nonzeros
Variable types: 967 continuous, 280 integer (280 binary)

Root relaxation: objective 7.413381e+03, 602 iterations, 0.01 seconds (0.01 work units)

    Nodes    |    Current Node    |     Objective Bounds      |     Work
 Expl Unexpl |  Obj  Depth IntInf | Incumbent    BestBd   Gap | It/Node Time

     0     0 7413.38082    0   18 9904.87301 7413.38082  25.2%     -    0s
     0     0 7694.45868    0   16 9904.87301 7694.45868  22.3%     -    0s
     0     0 7702.80770    0   16 9904.87301 7702.80770  22.2%     -    0s
     0     0 7708.54829    0   20 9904.87301 7708.54829  22.2%     -    0s
     0     0 7708.54829    0   12 9904.87301 7708.54829  22.2%     -    0s
     0     0 7708.54829    0   16 9904.87301 7708.54829  22.2%     -    0s
     0     0 7708.54829    0   15 9904.87301 7708.54829  22.2%     -    0s
     0     0 7708.54829    0   15 9904.87301 7708.54829  22.2%     -    0s
     0     0 7708.54829    0   12 9904.87301 7708.54829  22.2%     -    0s
     0     0 7708.54829    0   15 9904.87301 7708.54829  22.2%     -    0s
     0     0 7708.54829    0   24 9904.87301 7708.54829  22.2%     -    0s
     0     0 7708.54829    0   24 9904.87301 7708.54829  22.2%     -    0s
     0     0 7708.54829    0   17 9904.87301 7708.54829  22.2%     -    0s
     0     0 7708.54829    0   13 9904.87301 7708.54829  22.2%     -    0s
     0     0 7708.54829    0   13 9904.87301 7708.54829  22.2%     -    0s
H    0     0                    8872.4069611 7708.54829  13.1%     -    0s
     0     0 7708.54829    0   13 8872.40696 7708.54829  13.1%     -    0s
     0     0 7708.54829    0   13 8872.40696 7708.54829  13.1%     -    0s
     0     2 7708.54829    0   13 8872.40696 7708.54829  13.1%     -    0s
H  228   275                    8691.4566193 7708.54829  11.3%  45.9    1s
H  363   405                    8686.7963612 7708.54829  11.3%  43.1    1s
H  369   405                    8683.2779220 7708.54829  11.2%  43.1    1s
H  397   405                    8682.6984393 7708.54829  11.2%  43.6    1s
H  458   463                    8674.5094034 7708.54829  11.1%  43.4    1s
H 2517  1546                    8664.7102253 7708.54829  11.0%  35.3    2s
  4495  2304 8329.72658   50   27 8664.71023 7708.54829  11.0%  41.3    5s
H13078  5445                    8664.7101000 7708.54829  11.0%  42.3    8s
 14655  6408 7736.05931   40   57 8664.71010 7708.54829  11.0%  42.7   10s
H20998  9069                    8664.7100610 7709.28750  11.0%  47.1   14s
 21429  9463 7728.47300   61   20 8664.71006 7709.36444  11.0%  47.1   15s
 28009 12644 7715.27646   33   20 8664.71006 7711.87819  11.0%  47.9   20s
 32274 14759 infeasible   43      8664.71006 7712.05218  11.0%  46.9   25s
 36510 17157 7739.52941   35   28 8664.71006 7713.11501  11.0%  46.4   30s
 42377 20309 8344.44029   56   25 8664.71006 7714.26452  11.0%  46.1   35s
 46722 21575 7733.60142   32   13 8664.71006 7716.02094  10.9%  45.7   41s
 47218 21751 7918.07880   41   38 8664.71006 7716.02094  10.9%  46.2   45s
 52078 23212 7716.02094   40   60 8664.71006 7716.02094  10.9%  47.2   50s
 58116 24724 7727.52250   41   44 8664.71006 7716.02094  10.9%  47.3   55s
 65165 26490 8342.58653   71   20 8664.71006 7716.02094  10.9%  47.2   60s
 70474 27520 7995.26011   44   27 8664.71006 7716.02094  10.9%  47.5   65s
 75963 28147 7726.32294   36   28 8664.71006 7716.02094  10.9%  47.4   70s
 79082 28657 7736.01208   43   25 8664.71006 7716.02094  10.9%  47.4   75s
 83489 29545 8642.16720   49   35 8664.71006 7716.02094  10.9%  47.7   80s
 88993 29834 8396.06894   65    6 8664.71006 7716.02094  10.9%  47.8   85s
 90172 30236 7742.00337   50   35 8664.71006 7716.02094  10.9%  47.7   90s
 95105 32369 7871.87033   44   35 8664.71006 7716.02094  10.9%  47.6   97s
 97639 32581 7900.20855   58   22 8664.71006 7716.41662  10.9%  47.6  100s
 102393 32343 7818.57480   39   19 8664.71006 7717.04029  10.9%  47.3  106s
 103476 33719 infeasible   42      8664.71006 7717.04029  10.9%  47.3  113s
 105816 34420 7736.87328   52   23 8664.71006 7717.39089  10.9%  47.3  116s
 108660 34441 7725.55379   50   37 8664.71006 7717.58723  10.9%  47.1  120s
 112562 34565 8214.35566   57   11 8664.71006 7717.76055  10.9%  47.0  125s
 113399 35871 7761.73950   42   64 8664.71006 7717.92996  10.9%  47.0  130s
 117288 38136 7735.94283   46   32 8664.71006 7718.38260  10.9%  47.0  137s
 119540 39500 infeasible   43      8664.71006 7718.41935  10.9%  47.0  141s
 124174 41671 infeasible   49      8664.71006 7719.16078  10.9%  47.0  147s
 126330 42757 infeasible   48      8664.71006 7719.34416  10.9%  47.0  151s
 130577 44849     cutoff   55      8664.71006 7719.84366  10.9%  47.2  157s
 132556 45790 8101.17575   49   34 8664.71006 7719.99088  10.9%  47.2  161s
 136783 47759 7749.31430   52   34 8664.71006 7720.62559  10.9%  47.3  167s
 138900 48807 8089.26824   52   21 8664.71006 7720.86607  10.9%  47.4  171s
 140940 49772 8186.92577   38   61 8664.71006 7720.98803  10.9%  47.4  175s
 142957 50966 7787.74111   52    9 8664.71006 7721.15485  10.9%  47.5  180s
 147503 52943 7843.88628   65   16 8664.71006 7721.92724  10.9%  47.5  188s
 149244 53846 7744.59814   55   20 8664.71006 7721.92724  10.9%  47.5  192s
 151202 54721 8059.97254   49   40 8664.71006 7721.92724  10.9%  47.6  197s
 153101 55890 7724.30440   42  102 8664.71006 7722.07743  10.9%  47.6  201s
 155155 56977 8092.39910   57   29 8664.71006 7722.07743  10.9%  47.7  205s
 159463 59043 8079.97020   47   12 8664.71006 7722.33733  10.9%  47.8  214s
 161364 60122 7781.56812   41   19 8664.71006 7722.57258  10.9%  47.9  218s
 163310 61181 7766.07170   49   30 8664.71006 7722.66486  10.9%  48.0  223s
 165277 62211 7726.86230   38   34 8664.71006 7722.66486  10.9%  48.0  227s
 167234 63171 infeasible   61      8664.71006 7722.66486  10.9%  48.1  232s
 169237 64627 7735.98575   55   39 8664.71006 7722.88594  10.9%  48.2  237s
 171998 65537 7937.03687   53   35 8664.71006 7723.10645  10.9%  48.1  241s
 173843 66574 7886.24094   50   50 8664.71006 7723.16202  10.9%  48.2  245s
 175994 67721 7742.86319   52   24 8664.71006 7723.26752  10.9%  48.2  250s
 178076 68752 8120.68704   45   31 8664.71006 7723.37576  10.9%  48.2  255s
 182303 70573 8230.82702   53   19 8664.71006 7723.48223  10.9%  48.3  263s
 184107 71394     cutoff   64      8664.71006 7723.48223  10.9%  48.3  267s
 185998 72308     cutoff   54      8664.71006 7723.79439  10.9%  48.4  272s
 187932 73342 7760.85829   42   32 8664.71006 7723.96847  10.9%  48.5  277s
 189990 74301 8283.93093   57   19 8664.71006 7724.06007  10.9%  48.6  282s
 192071 75393 8432.02867   46   24 8664.71006 7724.27165  10.9%  48.7  288s
 194208 75550 7764.50283   62   25 8664.71006 7724.39091  10.9%  48.7  293s
 194493 76493 7741.61643   47   37 8664.71006 7724.39091  10.9%  48.7  299s
 194962 76493 7739.45426   46   22 8664.71006 7724.39091  10.9%  48.7  300s

Cutting planes:
  Learned: 51
  Gomory: 34
  Cover: 409
  Implied bound: 180
  Projected implied bound: 6
  Clique: 70
  MIR: 459
  Mixing: 1
  StrongCG: 11
  Flow cover: 1236
  Inf proof: 20
  Network: 1
  RLT: 17
  Relax-and-lift: 110
  BQP: 3
  PSD: 1

Explored 196433 nodes (9568598 simplex iterations) in 300.48 seconds (78.74 work units)
Thread count was 20 (of 20 available processors)

Solution count 10: 8664.71 8664.71 8664.71 ... 9904.87

Time limit reached
Best objective 8.664710060987e+03, best bound 7.724607751243e+03, gap 10.8498%
Best Master Problem Solution: Objective = 8664.71, Bound = 7724.61
New LB found. LB updated from 7707.90 to 7724.61
[BigM] OC block l=1: dual_hits=20, primal_hits=0
  - OC1.F5[c=3]: dual=1e+04 hits M=1e+04
  - OC1.F9_1[0,0,2]: dual=1e+04 hits M=1e+04
  - OC1.F9_1[0,0,3]: dual=1e+04 hits M=1e+04
  - OC1.F9_1[1,0,2]: dual=1e+04 hits M=1e+04
  - OC1.F9_1[1,0,4]: dual=1e+04 hits M=1e+04
  - OC1.F9_1[2,0,2]: dual=1e+04 hits M=1e+04
  - OC1.F9_1[5,0,4]: dual=1e+04 hits M=1e+04
  - OC1.F9_1[5,1,2]: dual=1e+04 hits M=1e+04
  - OC1.F9_2[1,0,1]: dual=1e+04 hits M=1e+04
  - OC1.F9_2[2,0,1]: dual=1e+04 hits M=1e+04
  - OC1.F9_2[3,0,1]: dual=1e+04 hits M=1e+04
  - OC1.F9_2[4,0,1]: dual=1e+04 hits M=1e+04
  - OC1.pi_q_scw[2,0,1]: dual=1e+04 hits M=1e+04
  - OC1.pi_q_scw[2,1,1]: dual=1e+04 hits M=1e+04
  - OC1.pi_q_scw[2,2,1]: dual=1e+04 hits M=1e+04
  - OC1.pi_q_scw[2,3,1]: dual=1e+04 hits M=1e+04
  - OC1.pi_q_scw[2,4,1]: dual=1e+04 hits M=1e+04
  - OC1.pi_q_scw[2,5,1]: dual=1e+04 hits M=1e+04
  - OC1.pi_r_sw[2,1]: dual=1e+04 hits M=1e+04
  - OC1.pi_y_cwh[4,0,2]: dual=1e+04 hits M=1e+04
⚠ Master Problem solve time limit reached. Best solution found will be extracted.
Set parameter OutputFlag to value 1

Subproblem 1 model structure:

  → Total created variables: 214
  → Thereof binary variables: 18
  → Thereof continuous variables: 196
  → Total created constraints: 234

Set parameter TimeLimit to value 300

------------------------------------------------------------
Solving Subproblem 1...
------------------------------------------------------------
Gurobi Optimizer version 13.0.1 build v13.0.1rc0 (win64 - Windows Server 2022.0 (20348.2))

CPU model: AMD EPYC 7513 32-Core Processor, instruction set [SSE2|AVX|AVX2]
Thread count: 20 physical cores, 20 logical processors, using up to 20 threads

Non-default parameters:
TimeLimit  300

Optimize a model with 234 rows, 214 columns and 650 nonzeros (Min)
Model fingerprint: 0x4c2cec95
Model has 202 linear objective coefficients
Variable types: 196 continuous, 18 integer (18 binary)
Coefficient statistics:
  Matrix range     [1e+00, 2e+05]
  Objective range  [8e-02, 5e+02]
  Bounds range     [1e+00, 1e+00]
  RHS range        [1e+00, 4e+05]

Found heuristic solution: objective 2050106.5410
Presolve removed 194 rows and 86 columns
Presolve time: 0.01s
Presolved: 40 rows, 128 columns, 292 nonzeros
Found heuristic solution: objective 1958882.2632
Variable types: 110 continuous, 18 integer (18 binary)

Root relaxation: objective 1.686685e+06, 47 iterations, 0.00 seconds (0.00 work units)

    Nodes    |    Current Node    |     Objective Bounds      |     Work
 Expl Unexpl |  Obj  Depth IntInf | Incumbent    BestBd   Gap | It/Node Time

     0     0 1686685.36    0    6 1958882.26 1686685.36  13.9%     -    0s
H    0     0                    1779714.5046 1686685.36  5.23%     -    0s
H    0     0                    1775817.1549 1686685.36  5.02%     -    0s
     0     0 1718720.03    0    4 1775817.15 1718720.03  3.22%     -    0s
H    0     0                    1770116.2211 1719288.16  2.87%     -    0s
H    0     0                    1768791.5988 1727049.73  2.36%     -    0s
     0     0 1727049.73    0    2 1768791.60 1727049.73  2.36%     -    0s
     0     0 1727735.15    0    3 1768791.60 1727735.15  2.32%     -    0s
     0     0 1727735.24    0    3 1768791.60 1727735.24  2.32%     -    0s
H    0     0                    1728999.9189 1727735.24  0.07%     -    0s
     0     0          -    0      1728999.92 1728946.53  0.00%     -    0s

Cutting planes:
  Gomory: 2
  Implied bound: 3
  MIR: 6
  RLT: 1

Explored 1 nodes (83 simplex iterations) in 0.11 seconds (0.00 work units)
Thread count was 20 (of 20 available processors)

Solution count 7: 1.729e+06 1.76879e+06 1.77012e+06 ... 2.05011e+06

Optimal solution found (tolerance 1.00e-04)
Best objective 1.728999918941e+06, best bound 1.728946525370e+06, gap 0.0031%
✓ Subproblem 1 solved optimally.
Subproblem 1 Solution: 1728999.92
Binary combination in SP1: x_ck = {(0, 0): 1, (0, 1): 0, (0, 2): 0, (1, 0): 1, (1, 1): 0, (1, 2): 0, (2, 0): 0, (2, 1): 0, (2, 2): 0, (3, 0): 1, (3, 1): 0, (3, 2): 0, (4, 0): 1, (4, 1): 0, (4, 2): 0, (5, 0): 1, (5, 1): 0, (5, 2): 0}
Set parameter OutputFlag to value 1

Subproblem 2 model structure:

  → Total created variables: 214
  → Thereof binary variables: 18
  → Thereof continuous variables: 196
  → Total created constraints: 237

Set parameter TimeLimit to value 1800

------------------------------------------------------------
Solving Subproblem 2...
------------------------------------------------------------
Gurobi Optimizer version 13.0.1 build v13.0.1rc0 (win64 - Windows Server 2022.0 (20348.2))

CPU model: AMD EPYC 7513 32-Core Processor, instruction set [SSE2|AVX|AVX2]
Thread count: 20 physical cores, 20 logical processors, using up to 20 threads

Non-default parameters:
TimeLimit  1800

Optimize a model with 237 rows, 214 columns and 916 nonzeros (Min)
Model fingerprint: 0x4af13152
Model has 184 linear objective coefficients and an objective constant of 1.6692371199900547e+03
Variable types: 196 continuous, 18 integer (18 binary)
Coefficient statistics:
  Matrix range     [8e-02, 2e+05]
  Objective range  [1e-01, 3e+00]
  Bounds range     [1e+00, 1e+00]
  RHS range        [1e+00, 2e+06]

Presolve removed 183 rows and 74 columns
Presolve time: 0.01s
Presolved: 54 rows, 140 columns, 453 nonzeros
Variable types: 122 continuous, 18 integer (18 binary)

Root relaxation: objective 7.858909e+03, 61 iterations, 0.00 seconds (0.00 work units)

    Nodes    |    Current Node    |     Objective Bounds      |     Work
 Expl Unexpl |  Obj  Depth IntInf | Incumbent    BestBd   Gap | It/Node Time

     0     0 7858.90930    0    6          - 7858.90930      -     -    0s
     0     0 8434.30835    0    6          - 8434.30835      -     -    0s
     0     0 8587.34331    0    2          - 8587.34331      -     -    0s
*    0     0               0    8659.4482597 8659.44826  0.00%     -    0s

Cutting planes:
  Gomory: 1
  Implied bound: 4
  MIR: 4
  RLT: 1

Explored 1 nodes (111 simplex iterations) in 0.10 seconds (0.00 work units)
Thread count was 20 (of 20 available processors)

Solution count 1: 8659.45 

Optimal solution found (tolerance 1.00e-04)
Best objective 8.659448259676e+03, best bound 8.659448259676e+03, gap 0.0000%
✓ Subproblem 2 solved optimally.
Binary combination in SP2: x_ck = {(0, 0): 1, (0, 1): 0, (0, 2): 0, (1, 0): 1, (1, 1): 0, (1, 2): 0, (2, 0): 0, (2, 1): 0, (2, 2): 0, (3, 0): 1, (3, 1): 0, (3, 2): 0, (4, 0): 1, (4, 1): 0, (4, 2): 0, (5, 0): 1, (5, 1): 0, (5, 2): 0}
Subproblem 2 feasible. Updated Upper Bound: UB = 8659.45
Adding KKT OC block based on x_ck of SP2 solution to cut off current leader solution.

----------------------------------------------------------------------
End of Iteration 2 Summary:
  LB = 7724.61, UB = 8659.45, Gap = 934.84, Cut added from SP2
----------------------------------------------------------------------

======================================================================
Iteration 3
Current bounds: LB = 7724.61, UB = 8659.45, Gap = 934.84
======================================================================
Set parameter MIPFocus to value 0

------------------------------------------------------------
Solving Master Problem...
------------------------------------------------------------

Master Problem model structure:

  → Total variables: 2525
  → Thereof binary variables: 816
  → Thereof continuous variables: 1709

  → Total constraints: 2715
Set parameter TimeLimit to value 300
Set parameter ScaleFlag to value 2
Set parameter FeasibilityTol to value 1e-06
Set parameter OptimalityTol to value 1e-06
Set parameter IntFeasTol to value 1e-06
Gurobi Optimizer version 13.0.1 build v13.0.1rc0 (win64 - Windows Server 2022.0 (20348.2))

CPU model: AMD EPYC 7513 32-Core Processor, instruction set [SSE2|AVX|AVX2]
Thread count: 20 physical cores, 20 logical processors, using up to 20 threads

Non-default parameters:
TimeLimit  300
IntFeasTol  1e-06
ScaleFlag  2

Optimize a model with 2715 rows, 2525 columns and 10061 nonzeros (Min)
Model fingerprint: 0x7a739e3c
Model has 456 linear objective coefficients
Variable types: 1709 continuous, 816 integer (816 binary)
Coefficient statistics:
  Matrix range     [8e-02, 2e+05]
  Objective range  [6e-03, 3e+00]
  Bounds range     [1e+00, 1e+00]
  RHS range        [8e-02, 2e+06]

MIP start from previous solve produced solution with objective 8664.71 (0.12s)
MIP start from previous solve produced solution with objective 8664.71 (0.13s)
Loaded MIP start from previous solve with objective 8664.71

Presolve removed 662 rows and 517 columns
Presolve time: 0.04s
Presolved: 2053 rows, 2008 columns, 7767 nonzeros
Variable types: 1476 continuous, 532 integer (532 binary)

Root relaxation: objective 7.413381e+03, 1111 iterations, 0.02 seconds (0.02 work units)

    Nodes    |    Current Node    |     Objective Bounds      |     Work
 Expl Unexpl |  Obj  Depth IntInf | Incumbent    BestBd   Gap | It/Node Time

     0     0 7413.38082    0   39 8664.71006 7413.38082  14.4%     -    0s
     0     0 7668.35635    0   49 8664.71006 7668.35635  11.5%     -    0s
     0     0 7703.05834    0   47 8664.71006 7703.05834  11.1%     -    0s
     0     0 7703.05834    0   46 8664.71006 7703.05834  11.1%     -    0s
     0     0 7706.98318    0   44 8664.71006 7706.98318  11.1%     -    0s
     0     0 7708.54829    0   37 8664.71006 7708.54829  11.0%     -    0s
     0     0 7708.54829    0   43 8664.71006 7708.54829  11.0%     -    0s
     0     0 7708.54829    0   48 8664.71006 7708.54829  11.0%     -    0s
     0     0 7708.54829    0   43 8664.71006 7708.54829  11.0%     -    0s
     0     0 7708.54829    0   41 8664.71006 7708.54829  11.0%     -    0s
     0     0 7708.54829    0   43 8664.71006 7708.54829  11.0%     -    0s
     0     0 7708.54829    0   43 8664.71006 7708.54829  11.0%     -    0s
     0     0 7708.54829    0   43 8664.71006 7708.54829  11.0%     -    0s
     0     0 7708.54829    0   49 8664.71006 7708.54829  11.0%     -    0s
     0     0 7708.54829    0   52 8664.71006 7708.54829  11.0%     -    0s
     0     0 7708.54829    0   52 8664.71006 7708.54829  11.0%     -    0s
     0     0 7708.54829    0   52 8664.71006 7708.54829  11.0%     -    0s
     0     0 7708.54829    0   35 8664.71006 7708.54829  11.0%     -    0s
     0     2 7708.54829    0   22 8664.71006 7708.54829  11.0%     -    0s
  3104  2178 8405.17267   45   15 8664.71006 7708.54829  11.0%  65.0    5s
  4194  2626 7731.32697   52   43 8664.71006 7708.54829  11.0%  76.3   10s
  7440  3548 7708.54829   39   34 8664.71006 7708.54829  11.0%  72.5   15s
 10127  4270 7733.38385   41  118 8664.71006 7708.54829  11.0%  79.9   20s
 11892  5558 7976.02473   55   36 8664.71006 7708.54829  11.0%  83.7   25s
 13029  6315 7726.95910   38  118 8664.71006 7708.54829  11.0%  85.8   30s
 16299  8451 7711.52581   46  117 8664.71006 7708.54829  11.0%  90.5   35s
 20169 10971 8065.05871   51   33 8664.71006 7708.59420  11.0%  94.0   40s
 22266 12380 8290.71925   52   17 8664.71006 7708.63423  11.0%  95.4   45s
 23802 13850 8322.73473   59   28 8664.71006 7708.63592  11.0%  96.4   51s
 27302 15532 7762.27033   51   73 8664.71006 7708.68559  11.0%  97.7   55s
 30303 17322 8301.30559   61   52 8664.71006 7709.23953  11.0%  98.3   60s
 34081 18712 infeasible   38      8664.71006 7709.38752  11.0%  98.4   66s
 36408 20146 8309.98883   56   26 8664.71006 7709.54504  11.0%  98.5   70s
 39548 22407 7759.60567   45  117 8664.71006 7710.00184  11.0%  99.2   76s
 43985 24173 8144.45736   54   28 8664.71006 7710.45274  11.0%  98.1   82s
 45844 24190 7776.56845   51   35 8664.71006 7710.64545  11.0%  98.1   90s
 45859 24200 7765.03164   40   85 8664.71006 7710.64545  11.0%  98.0   95s
 45870 24207 7727.01190   49   24 8664.71006 7710.64545  11.0%  98.0  100s
 46491 24501 7749.57455   58   43 8664.71006 7710.64545  11.0%   100  105s
 48148 25124 7729.23643   51  107 8664.71006 7710.64545  11.0%   101  110s
 49185 25328 8584.24159   59   66 8664.71006 7710.64545  11.0%   102  115s
 51930 26582 7751.30348   52   33 8664.71006 7710.64545  11.0%   103  120s
 54518 26982 7809.87428   60   40 8664.71006 7710.64545  11.0%   103  125s
 56823 27871 7872.16898   63   92 8664.71006 7710.64545  11.0%   104  130s
 58519 28528 7712.97409   44  140 8664.71006 7710.64545  11.0%   104  135s
 61760 29663 7740.34194   40   35 8664.71006 7710.64545  11.0%   105  140s
 65548 31042 7722.22140   56   39 8664.71006 7710.64545  11.0%   105  145s
 68438 31274 7719.25826   52   57 8664.71006 7710.64545  11.0%   105  150s
 69455 32402 7719.34546   54   55 8664.71006 7710.64545  11.0%   105  155s
 73211 33487     cutoff   76      8664.71006 7710.64545  11.0%   105  160s
 76703 34575 infeasible   82      8664.71006 7710.64545  11.0%   105  166s
 79518 34687 7731.86383   48  104 8664.71006 7710.64545  11.0%   105  172s
 80400 35606 7745.84787   50   45 8664.71006 7710.64545  11.0%   105  177s
 81485 36110 7745.84787   51   45 8664.71006 7710.64545  11.0%   105  180s
 84408 36795 7785.54087   51   44 8664.71006 7710.64545  11.0%   105  186s
 86856 37745 7804.51891   53  138 8664.71006 7710.64545  11.0%   105  192s
 88334 38382 8171.56620   52  104 8664.71006 7710.64545  11.0%   105  196s
 90305 38244 8172.26910   53   49 8664.71006 7710.64545  11.0%   105  201s
 91140 39108 8506.28422   59   98 8664.71006 7710.64545  11.0%   105  206s
 92949 39936 7714.69666   45  147 8664.71006 7710.64545  11.0%   104  212s
 95337 40404 8085.79865   72   93 8664.71006 7710.64545  11.0%   104  217s
 97406 41374 8359.91916   59   57 8664.71006 7710.64545  11.0%   104  222s
 99835 41321 7878.51330   59   73 8664.71006 7710.64545  11.0%   104  227s
 101004 41648 7729.72047   56   61 8664.71006 7710.64545  11.0%   104  233s
 102086 41992 7732.10918   57   67 8664.71006 7710.81619  11.0%   104  238s
 103164 43263 7732.22889   58   60 8664.71006 7710.92937  11.0%   104  244s
 105611 44031 7747.23066   59   48 8664.71006 7710.97865  11.0%   104  252s
 108083 44735 7718.30005   40  147 8664.71006 7711.05631  11.0%   104  259s
 110689 43885 7715.17664   42  109 8664.71006 7711.19379  11.0%   104  262s
 110732 44238 7717.04690   44  121 8664.71006 7711.19379  11.0%   104  268s
 111273 44944 7718.88403   44   38 8664.71006 7711.21318  11.0%   104  275s
 112646 45518 8037.10573   51   63 8664.71006 7711.23003  11.0%   104  284s
 114314 45325 7748.54799   43   86 8664.71006 7711.29104  11.0%   104  293s
 114854 46216 7748.55409   44   82 8664.71006 7711.29104  11.0%   104  300s

Cutting planes:
  Learned: 102
  Gomory: 35
  Cover: 362
  Implied bound: 523
  Projected implied bound: 13
  Clique: 224
  MIR: 636
  Mixing: 1
  StrongCG: 7
  Flow cover: 1895
  Inf proof: 17
  Zero half: 1
  RLT: 35
  Relax-and-lift: 190
  BQP: 4
  PSD: 1

Explored 116567 nodes (12178205 simplex iterations) in 300.69 seconds (138.96 work units)
Thread count was 20 (of 20 available processors)

Solution count 1: 8664.71 

Time limit reached
Best objective 8.664710060987e+03, best bound 7.711291143530e+03, gap 11.0035%
Best Master Problem Solution: Objective = 8664.71, Bound = 7711.29
LB remains unchanged: LB = 7724.61
[BigM] OC block l=1: dual_hits=20, primal_hits=0
  - OC1.F5[c=3]: dual=1e+04 hits M=1e+04
  - OC1.F9_1[0,0,2]: dual=1e+04 hits M=1e+04
  - OC1.F9_1[0,0,3]: dual=1e+04 hits M=1e+04
  - OC1.F9_1[1,0,2]: dual=1e+04 hits M=1e+04
  - OC1.F9_1[1,0,4]: dual=1e+04 hits M=1e+04
  - OC1.F9_1[2,0,2]: dual=1e+04 hits M=1e+04
  - OC1.F9_1[5,0,4]: dual=1e+04 hits M=1e+04
  - OC1.F9_1[5,1,2]: dual=1e+04 hits M=1e+04
  - OC1.F9_2[1,0,1]: dual=1e+04 hits M=1e+04
  - OC1.F9_2[2,0,1]: dual=1e+04 hits M=1e+04
  - OC1.F9_2[3,0,1]: dual=1e+04 hits M=1e+04
  - OC1.F9_2[4,0,1]: dual=1e+04 hits M=1e+04
  - OC1.pi_q_scw[2,0,1]: dual=1e+04 hits M=1e+04
  - OC1.pi_q_scw[2,1,1]: dual=1e+04 hits M=1e+04
  - OC1.pi_q_scw[2,2,1]: dual=1e+04 hits M=1e+04
  - OC1.pi_q_scw[2,3,1]: dual=1e+04 hits M=1e+04
  - OC1.pi_q_scw[2,4,1]: dual=1e+04 hits M=1e+04
  - OC1.pi_q_scw[2,5,1]: dual=1e+04 hits M=1e+04
  - OC1.pi_r_sw[2,1]: dual=1e+04 hits M=1e+04
  - OC1.pi_y_cwh[4,0,2]: dual=1e+04 hits M=1e+04
[BigM] OC block l=2: dual_hits=36, primal_hits=0
  - OC2.F5[c=2]: dual=1e+04 hits M=1e+04
  - OC2.F9_1[0,0,0]: dual=1e+04 hits M=1e+04
  - OC2.F9_1[0,0,4]: dual=1e+04 hits M=1e+04
  - OC2.F9_1[0,1,3]: dual=1e+04 hits M=1e+04
  - OC2.F9_1[1,0,0]: dual=1e+04 hits M=1e+04
  - OC2.F9_1[1,0,2]: dual=1e+04 hits M=1e+04
  - OC2.F9_1[1,1,2]: dual=1e+04 hits M=1e+04
  - OC2.F9_1[2,0,0]: dual=1e+04 hits M=1e+04
  - OC2.F9_1[2,0,3]: dual=1e+04 hits M=1e+04
  - OC2.F9_1[2,0,4]: dual=1e+04 hits M=1e+04
  - OC2.F9_1[2,1,2]: dual=1e+04 hits M=1e+04
  - OC2.F9_1[2,1,4]: dual=1e+04 hits M=1e+04
  - OC2.F9_1[3,0,0]: dual=1e+04 hits M=1e+04
  - OC2.F9_1[3,0,2]: dual=1e+04 hits M=1e+04
  - OC2.F9_1[3,0,4]: dual=1e+04 hits M=1e+04
  - OC2.F9_1[3,1,2]: dual=1e+04 hits M=1e+04
  - OC2.F9_1[4,0,0]: dual=1e+04 hits M=1e+04
  - OC2.F9_1[4,0,2]: dual=1e+04 hits M=1e+04
  - OC2.F9_1[4,0,3]: dual=1e+04 hits M=1e+04
  - OC2.F9_1[4,0,4]: dual=1e+04 hits M=1e+04
  - OC2.F9_1[4,1,3]: dual=1e+04 hits M=1e+04
  - OC2.F9_1[5,0,0]: dual=1e+04 hits M=1e+04
  - OC2.F9_1[5,0,2]: dual=1e+04 hits M=1e+04
  - OC2.F9_1[5,0,3]: dual=1e+04 hits M=1e+04
  - OC2.F9_1[5,1,1]: dual=1e+04 hits M=1e+04
  - OC2.F9_1[5,1,4]: dual=1e+04 hits M=1e+04
  - OC2.F9_2[2,1,0]: dual=1e+04 hits M=1e+04
  - OC2.F9_3[2,1,0]: dual=1e+04 hits M=1e+04
  - OC2.pi_y_cwh[0,0,0]: dual=1e+04 hits M=1e+04
  - OC2.pi_y_cwh[1,0,0]: dual=1e+04 hits M=1e+04
  - OC2.pi_y_cwh[2,0,0]: dual=1e+04 hits M=1e+04
  - OC2.pi_y_cwh[2,0,2]: dual=1e+04 hits M=1e+04
  - OC2.pi_y_cwh[2,1,1]: dual=1e+04 hits M=1e+04
  - OC2.pi_y_cwh[3,0,0]: dual=1e+04 hits M=1e+04
  - OC2.pi_y_cwh[4,0,0]: dual=1e+04 hits M=1e+04
  - OC2.pi_y_cwh[5,0,0]: dual=1e+04 hits M=1e+04
⚠ Master Problem solve time limit reached. Best solution found will be extracted.
Set parameter OutputFlag to value 1

Subproblem 1 model structure:

  → Total created variables: 214
  → Thereof binary variables: 18
  → Thereof continuous variables: 196
  → Total created constraints: 234

Set parameter TimeLimit to value 300

------------------------------------------------------------
Solving Subproblem 1...
------------------------------------------------------------
Gurobi Optimizer version 13.0.1 build v13.0.1rc0 (win64 - Windows Server 2022.0 (20348.2))

CPU model: AMD EPYC 7513 32-Core Processor, instruction set [SSE2|AVX|AVX2]
Thread count: 20 physical cores, 20 logical processors, using up to 20 threads

Non-default parameters:
TimeLimit  300

Optimize a model with 234 rows, 214 columns and 650 nonzeros (Min)
Model fingerprint: 0x4c2cec95
Model has 202 linear objective coefficients
Variable types: 196 continuous, 18 integer (18 binary)
Coefficient statistics:
  Matrix range     [1e+00, 2e+05]
  Objective range  [8e-02, 5e+02]
  Bounds range     [1e+00, 1e+00]
  RHS range        [1e+00, 4e+05]

Found heuristic solution: objective 2050106.5410
Presolve removed 194 rows and 86 columns
Presolve time: 0.01s
Presolved: 40 rows, 128 columns, 292 nonzeros
Found heuristic solution: objective 1958882.2632
Variable types: 110 continuous, 18 integer (18 binary)

Root relaxation: objective 1.686685e+06, 47 iterations, 0.00 seconds (0.00 work units)

    Nodes    |    Current Node    |     Objective Bounds      |     Work
 Expl Unexpl |  Obj  Depth IntInf | Incumbent    BestBd   Gap | It/Node Time

     0     0 1686685.36    0    6 1958882.26 1686685.36  13.9%     -    0s
H    0     0                    1779714.5046 1686685.36  5.23%     -    0s
H    0     0                    1775817.1549 1686685.36  5.02%     -    0s
     0     0 1718720.03    0    4 1775817.15 1718720.03  3.22%     -    0s
H    0     0                    1770116.2211 1719288.16  2.87%     -    0s
H    0     0                    1768791.5988 1727049.73  2.36%     -    0s
     0     0 1727049.73    0    2 1768791.60 1727049.73  2.36%     -    0s
     0     0 1727735.15    0    3 1768791.60 1727735.15  2.32%     -    0s
     0     0 1727735.24    0    3 1768791.60 1727735.24  2.32%     -    0s
H    0     0                    1728999.9189 1727735.24  0.07%     -    0s
     0     0          -    0      1728999.92 1728946.53  0.00%     -    0s

Cutting planes:
  Gomory: 2
  Implied bound: 3
  MIR: 6
  RLT: 1

Explored 1 nodes (83 simplex iterations) in 0.11 seconds (0.00 work units)
Thread count was 20 (of 20 available processors)

Solution count 7: 1.729e+06 1.76879e+06 1.77012e+06 ... 2.05011e+06

Optimal solution found (tolerance 1.00e-04)
Best objective 1.728999918941e+06, best bound 1.728946525370e+06, gap 0.0031%
✓ Subproblem 1 solved optimally.
Subproblem 1 Solution: 1728999.92
Binary combination in SP1: x_ck = {(0, 0): 1, (0, 1): 0, (0, 2): 0, (1, 0): 1, (1, 1): 0, (1, 2): 0, (2, 0): 0, (2, 1): 0, (2, 2): 0, (3, 0): 1, (3, 1): 0, (3, 2): 0, (4, 0): 1, (4, 1): 0, (4, 2): 0, (5, 0): 1, (5, 1): 0, (5, 2): 0}
Set parameter OutputFlag to value 1

Subproblem 2 model structure:

  → Total created variables: 214
  → Thereof binary variables: 18
  → Thereof continuous variables: 196
  → Total created constraints: 237

Set parameter TimeLimit to value 1800

------------------------------------------------------------
Solving Subproblem 2...
------------------------------------------------------------
Gurobi Optimizer version 13.0.1 build v13.0.1rc0 (win64 - Windows Server 2022.0 (20348.2))

CPU model: AMD EPYC 7513 32-Core Processor, instruction set [SSE2|AVX|AVX2]
Thread count: 20 physical cores, 20 logical processors, using up to 20 threads

Non-default parameters:
TimeLimit  1800

Optimize a model with 237 rows, 214 columns and 916 nonzeros (Min)
Model fingerprint: 0x4af13152
Model has 184 linear objective coefficients and an objective constant of 1.6692371199900547e+03
Variable types: 196 continuous, 18 integer (18 binary)
Coefficient statistics:
  Matrix range     [8e-02, 2e+05]
  Objective range  [1e-01, 3e+00]
  Bounds range     [1e+00, 1e+00]
  RHS range        [1e+00, 2e+06]

Presolve removed 183 rows and 74 columns
Presolve time: 0.01s
Presolved: 54 rows, 140 columns, 453 nonzeros
Variable types: 122 continuous, 18 integer (18 binary)

Root relaxation: objective 7.858909e+03, 61 iterations, 0.00 seconds (0.00 work units)

    Nodes    |    Current Node    |     Objective Bounds      |     Work
 Expl Unexpl |  Obj  Depth IntInf | Incumbent    BestBd   Gap | It/Node Time

     0     0 7858.90930    0    6          - 7858.90930      -     -    0s
     0     0 8434.30835    0    6          - 8434.30835      -     -    0s
     0     0 8587.34331    0    2          - 8587.34331      -     -    0s
*    0     0               0    8659.4482597 8659.44826  0.00%     -    0s

Cutting planes:
  Gomory: 1
  Implied bound: 4
  MIR: 4
  RLT: 1

Explored 1 nodes (111 simplex iterations) in 0.10 seconds (0.00 work units)
Thread count was 20 (of 20 available processors)

Solution count 1: 8659.45 

Optimal solution found (tolerance 1.00e-04)
Best objective 8.659448259676e+03, best bound 8.659448259676e+03, gap 0.0000%
✓ Subproblem 2 solved optimally.
Binary combination in SP2: x_ck = {(0, 0): 1, (0, 1): 0, (0, 2): 0, (1, 0): 1, (1, 1): 0, (1, 2): 0, (2, 0): 0, (2, 1): 0, (2, 2): 0, (3, 0): 1, (3, 1): 0, (3, 2): 0, (4, 0): 1, (4, 1): 0, (4, 2): 0, (5, 0): 1, (5, 1): 0, (5, 2): 0}
Subproblem 2 feasible. Upper Bound remains: UB = 8659.45
Adding KKT OC block based on x_ck of SP2 solution to cut off current leader solution.

----------------------------------------------------------------------
End of Iteration 3 Summary:
  LB = 7724.61, UB = 8659.45, Gap = 934.84, Cut added from SP2
----------------------------------------------------------------------

======================================================================
Iteration 4
Current bounds: LB = 7724.61, UB = 8659.45, Gap = 934.84
======================================================================
Set parameter MIPFocus to value 0

------------------------------------------------------------
Solving Master Problem...
------------------------------------------------------------

Master Problem model structure:

  → Total variables: 3538
  → Thereof binary variables: 1210
  → Thereof continuous variables: 2328

  → Total constraints: 3927
Set parameter TimeLimit to value 300
Set parameter ScaleFlag to value 2
Set parameter FeasibilityTol to value 1e-06
Set parameter OptimalityTol to value 1e-06
Set parameter IntFeasTol to value 1e-06
Gurobi Optimizer version 13.0.1 build v13.0.1rc0 (win64 - Windows Server 2022.0 (20348.2))

CPU model: AMD EPYC 7513 32-Core Processor, instruction set [SSE2|AVX|AVX2]
Thread count: 20 physical cores, 20 logical processors, using up to 20 threads

Non-default parameters:
TimeLimit  300
IntFeasTol  1e-06
ScaleFlag  2

Optimize a model with 3927 rows, 3538 columns and 14074 nonzeros (Min)
Model fingerprint: 0x505e1710
Model has 456 linear objective coefficients
Variable types: 2328 continuous, 1210 integer (1210 binary)
Coefficient statistics:
  Matrix range     [8e-02, 2e+05]
  Objective range  [6e-03, 3e+00]
  Bounds range     [1e+00, 1e+00]
  RHS range        [8e-02, 2e+06]

MIP start from previous solve produced solution with objective 8664.71 (0.18s)
MIP start from previous solve produced solution with objective 8664.71 (0.18s)
Loaded MIP start from previous solve with objective 8664.71

Presolve removed 966 rows and 769 columns
Presolve time: 0.08s
Presolved: 2961 rows, 2769 columns, 10857 nonzeros
Variable types: 1985 continuous, 784 integer (784 binary)

Root relaxation: objective 7.413381e+03, 1311 iterations, 0.03 seconds (0.02 work units)

    Nodes    |    Current Node    |     Objective Bounds      |     Work
 Expl Unexpl |  Obj  Depth IntInf | Incumbent    BestBd   Gap | It/Node Time

     0     0 7413.38082    0   42 8664.71006 7413.38082  14.4%     -    0s
     0     0 7670.82790    0   64 8664.71006 7670.82790  11.5%     -    0s
     0     0 7703.05834    0   46 8664.71006 7703.05834  11.1%     -    0s
     0     0 7703.05834    0   45 8664.71006 7703.05834  11.1%     -    0s
     0     0 7706.98318    0   57 8664.71006 7706.98318  11.1%     -    0s
     0     0 7706.98318    0   59 8664.71006 7706.98318  11.1%     -    0s
     0     0 7706.98318    0   46 8664.71006 7706.98318  11.1%     -    0s
     0     0 7706.98318    0   36 8664.71006 7706.98318  11.1%     -    0s
     0     0 7706.98318    0   31 8664.71006 7706.98318  11.1%     -    0s
     0     0 7708.54829    0   40 8664.71006 7708.54829  11.0%     -    0s
     0     0 7708.54829    0   35 8664.71006 7708.54829  11.0%     -    0s
     0     0 7708.54829    0   27 8664.71006 7708.54829  11.0%     -    0s
     0     0 7708.54829    0   27 8664.71006 7708.54829  11.0%     -    0s
     0     0 7708.54829    0   30 8664.71006 7708.54829  11.0%     -    0s
     0     0 7708.54829    0   26 8664.71006 7708.54829  11.0%     -    0s
     0     0 7708.54829    0   27 8664.71006 7708.54829  11.0%     -    0s
     0     0 7708.54829    0   26 8664.71006 7708.54829  11.0%     -    0s
     0     0 7708.54829    0   26 8664.71006 7708.54829  11.0%     -    0s
     0     0 7708.54829    0   26 8664.71006 7708.54829  11.0%     -    1s
     0     0 7708.54829    0   26 8664.71006 7708.54829  11.0%     -    1s
     0     2 7708.54829    0   20 8664.71006 7708.54829  11.0%     -    1s
  2459  2061 7751.14156   52   25 8664.71006 7708.54829  11.0%  77.4    5s
  3605  2292 7772.11038   45   37 8664.71006 7708.54829  11.0%  98.5   10s
H 4768  2649                    8664.6915416 7708.54829  11.0%  94.5   13s
  5733  3014 7716.67126   57   31 8664.69154 7708.54829  11.0%  94.8   15s
  8469  3809 8186.69713   62   19 8664.69154 7708.54829  11.0%   100   20s
 10058  4497 7770.43394   44   58 8664.69154 7708.54829  11.0%   102   25s
 12133  6050     cutoff   66      8664.69154 7708.54829  11.0%   104   30s
 14544  7486 infeasible   48      8664.69154 7708.54829  11.0%   106   35s
 16971  9206 8111.40370   88   68 8664.69154 7708.54829  11.0%   107   40s
 18770 10447 8079.57765   46   32 8664.69154 7708.54829  11.0%   107   45s
 22305 12898 7748.79270   50   55 8664.69154 7708.54829  11.0%   106   51s
 24683 14690 8452.73326   55   66 8664.69154 7708.54829  11.0%   105   55s
 28213 17044 7717.48744   53   36 8664.69154 7708.54829  11.0%   105   60s
 31758 18928 7712.62579   52   39 8664.69154 7708.54829  11.0%   103   66s
 33951 20495 7729.89094   37   75 8664.69154 7708.54829  11.0%   101   71s
 36112 22481 8086.82643   64   60 8664.69154 7708.54829  11.0%   100   76s
 39586 24502 8339.30662   72   21 8664.69154 7708.54829  11.0%  97.9   81s
 42861 26186 8273.18614   68   36 8664.69154 7708.54829  11.0%  96.8   87s
 43587 27516     cutoff   66      8664.69154 7708.54829  11.0%  96.9   90s
 48010 29124 7732.24138   44   57 8664.69154 7708.54829  11.0%  95.5  100s
 48030 29137 8260.08691   50   48 8664.69154 7708.54829  11.0%  95.5  105s
 48189 29230 7716.15172   38  117 8664.69154 7708.54829  11.0%  96.6  110s
 48731 29368 7789.05662   65   40 8664.69154 7708.54829  11.0%  97.9  115s
 49413 29599 8385.15274   77   21 8664.69154 7708.54829  11.0%  98.4  120s
 51114 30352 7708.83486   43  126 8664.69154 7708.54829  11.0%  99.4  125s
 54600 31697 7708.54829   51   52 8664.69154 7708.54829  11.0%   100  130s
 56612 32148 8047.07082   91   54 8664.69154 7708.54829  11.0%   101  135s
 58130 32884 7749.37065   58  116 8664.69154 7708.54829  11.0%   101  140s
 60344 33821 7763.89342   64   36 8664.69154 7708.54829  11.0%   102  145s
 63255 34916 7732.27257   51   69 8664.69154 7708.54829  11.0%   103  150s
 66415 35601 7724.13806   56   81 8664.69154 7708.54829  11.0%   103  155s
 69242 36508 7775.93646   61   38 8664.69154 7708.54829  11.0%   104  161s
 70547 36724 7777.24496   56   82 8664.69154 7708.54829  11.0%   104  166s
 72770 37374 7964.21295   62   65 8664.69154 7708.54829  11.0%   104  170s
 74881 37961 7757.09269   50   87 8664.69154 7708.54829  11.0%   104  175s
 77341 38746 7709.08585   45  208 8664.69154 7708.54829  11.0%   104  180s
 80234 39220 8041.54029   55   61 8664.69154 7708.54829  11.0%   104  185s
 82736 39682 8263.77437   62   41 8664.69154 7708.60538  11.0%   105  191s
 84129 39228     cutoff   65      8664.69154 7708.60538  11.0%   105  195s
 84641 39822 8261.92242   63   34 8664.69154 7708.60538  11.0%   105  202s
 85676 40220 8182.44080   61   38 8664.69154 7708.60541  11.0%   105  206s
 87106 40661 8383.61137   58   55 8664.69154 7708.60545  11.0%   106  210s
 88781 41266 7764.65875   54  102 8664.69154 7708.60545  11.0%   107  215s
 92565 41956 7901.51842   54   61 8664.69154 7708.70499  11.0%   107  224s
 94414 41596 7833.63380   49   78 8664.69154 7708.82294  11.0%   108  228s
 94880 46123 8362.18531   50   47 8664.69154 7708.84178  11.0%   108  270s
 103157 43825 7709.87875   48   84 8664.69154 7709.11633  11.0%   110  279s
 104001 44877 7709.88400   49   85 8664.69154 7709.11671  11.0%   110  287s
 106233 45497 7785.77618   61   27 8664.69154 7709.20169  11.0%   110  297s
 108628 45030 infeasible   62      8664.69154 7709.39865  11.0%   111  300s

Cutting planes:
  Learned: 88
  Gomory: 35
  Cover: 337
  Implied bound: 493
  Projected implied bound: 16
  Clique: 206
  MIR: 633
  Mixing: 6
  StrongCG: 13
  Flow cover: 2112
  Inf proof: 5
  Zero half: 1
  RLT: 43
  Relax-and-lift: 204
  BQP: 11
  PSD: 2

Explored 109256 nodes (12108375 simplex iterations) in 300.37 seconds (122.81 work units)
Thread count was 20 (of 20 available processors)

Solution count 2: 8664.69 8664.71 

Time limit reached
Best objective 8.664691541607e+03, best bound 7.709403632449e+03, gap 11.0251%
Best Master Problem Solution: Objective = 8664.69, Bound = 7709.40
LB remains unchanged: LB = 7724.61
[BigM] OC block l=1: dual_hits=29, primal_hits=0
  - OC1.F5[c=3]: dual=1e+04 hits M=1e+04
  - OC1.F9_1[0,0,2]: dual=1e+04 hits M=1e+04
  - OC1.F9_1[0,0,3]: dual=1e+04 hits M=1e+04
  - OC1.F9_1[0,0,4]: dual=1e+04 hits M=1e+04
  - OC1.F9_1[1,0,3]: dual=1e+04 hits M=1e+04
  - OC1.F9_1[1,0,4]: dual=1e+04 hits M=1e+04
  - OC1.F9_1[1,1,2]: dual=1e+04 hits M=1e+04
  - OC1.F9_1[2,1,1]: dual=1e+04 hits M=1e+04
  - OC1.F9_1[2,1,3]: dual=1e+04 hits M=1e+04
  - OC1.F9_1[3,0,2]: dual=1e+04 hits M=1e+04
  - OC1.F9_1[3,0,4]: dual=1e+04 hits M=1e+04
  - OC1.F9_1[3,1,2]: dual=1e+04 hits M=1e+04
  - OC1.F9_1[3,1,3]: dual=1e+04 hits M=1e+04
  - OC1.F9_1[4,0,3]: dual=1e+04 hits M=1e+04
  - OC1.F9_1[5,1,3]: dual=1e+04 hits M=1e+04
  - OC1.pi_q_scw[2,0,1]: dual=1e+04 hits M=1e+04
  - OC1.pi_q_scw[2,1,1]: dual=1e+04 hits M=1e+04
  - OC1.pi_q_scw[2,2,1]: dual=1e+04 hits M=1e+04
  - OC1.pi_q_scw[2,3,1]: dual=1e+04 hits M=1e+04
  - OC1.pi_q_scw[2,4,1]: dual=1e+04 hits M=1e+04
  - OC1.pi_q_scw[2,5,1]: dual=1e+04 hits M=1e+04
  - OC1.pi_q_scw[4,0,1]: dual=1e+04 hits M=1e+04
  - OC1.pi_q_scw[4,1,1]: dual=1e+04 hits M=1e+04
  - OC1.pi_q_scw[4,2,1]: dual=1e+04 hits M=1e+04
  - OC1.pi_q_scw[4,3,1]: dual=1e+04 hits M=1e+04
  - OC1.pi_q_scw[4,4,1]: dual=1e+04 hits M=1e+04
  - OC1.pi_q_scw[4,5,1]: dual=1e+04 hits M=1e+04
  - OC1.pi_r_sw[2,1]: dual=1e+04 hits M=1e+04
  - OC1.pi_r_sw[4,1]: dual=1e+04 hits M=1e+04
[BigM] OC block l=2: dual_hits=9, primal_hits=0
  - OC2.F5[c=2]: dual=1e+04 hits M=1e+04
  - OC2.F9_1[0,0,4]: dual=1e+04 hits M=1e+04
  - OC2.F9_1[1,0,4]: dual=1e+04 hits M=1e+04
  - OC2.F9_1[1,1,2]: dual=1e+04 hits M=1e+04
  - OC2.F9_1[2,1,1]: dual=1e+04 hits M=1e+04
  - OC2.F9_1[4,1,1]: dual=1e+04 hits M=1e+04
  - OC2.F9_1[4,1,2]: dual=1e+04 hits M=1e+04
  - OC2.pi_q_scw[2,2,1]: dual=1e+04 hits M=1e+04
  - OC2.pi_q_scw[4,2,1]: dual=1e+04 hits M=1e+04
[BigM] OC block l=3: dual_hits=9, primal_hits=0
  - OC3.F5[c=2]: dual=1e+04 hits M=1e+04
  - OC3.F9_1[0,0,4]: dual=1e+04 hits M=1e+04
  - OC3.F9_1[1,0,4]: dual=1e+04 hits M=1e+04
  - OC3.F9_1[1,1,2]: dual=1e+04 hits M=1e+04
  - OC3.F9_1[2,1,1]: dual=1e+04 hits M=1e+04
  - OC3.F9_1[4,1,1]: dual=1e+04 hits M=1e+04
  - OC3.F9_1[4,1,2]: dual=1e+04 hits M=1e+04
  - OC3.pi_q_scw[2,2,1]: dual=1e+04 hits M=1e+04
  - OC3.pi_q_scw[4,2,1]: dual=1e+04 hits M=1e+04
⚠ Master Problem solve time limit reached. Best solution found will be extracted.
Set parameter OutputFlag to value 1

Subproblem 1 model structure:

  → Total created variables: 214
  → Thereof binary variables: 18
  → Thereof continuous variables: 196
  → Total created constraints: 234

Set parameter TimeLimit to value 300

------------------------------------------------------------
Solving Subproblem 1...
------------------------------------------------------------
Gurobi Optimizer version 13.0.1 build v13.0.1rc0 (win64 - Windows Server 2022.0 (20348.2))

CPU model: AMD EPYC 7513 32-Core Processor, instruction set [SSE2|AVX|AVX2]
Thread count: 20 physical cores, 20 logical processors, using up to 20 threads

Non-default parameters:
TimeLimit  300

Optimize a model with 234 rows, 214 columns and 650 nonzeros (Min)
Model fingerprint: 0x96971c4e
Model has 202 linear objective coefficients
Variable types: 196 continuous, 18 integer (18 binary)
Coefficient statistics:
  Matrix range     [1e+00, 2e+05]
  Objective range  [8e-02, 5e+02]
  Bounds range     [1e+00, 1e+00]
  RHS range        [2e-13, 4e+05]

Found heuristic solution: objective 2050106.5410
Presolve removed 194 rows and 86 columns
Presolve time: 0.01s
Presolved: 40 rows, 128 columns, 292 nonzeros
Found heuristic solution: objective 1958882.2632
Variable types: 110 continuous, 18 integer (18 binary)

Root relaxation: objective 1.686685e+06, 47 iterations, 0.00 seconds (0.00 work units)

    Nodes    |    Current Node    |     Objective Bounds      |     Work
 Expl Unexpl |  Obj  Depth IntInf | Incumbent    BestBd   Gap | It/Node Time

     0     0 1686685.36    0    6 1958882.26 1686685.36  13.9%     -    0s
H    0     0                    1779714.5046 1686685.36  5.23%     -    0s
H    0     0                    1733766.6584 1686685.36  2.72%     -    0s
     0     0 1717851.38    0    3 1733766.66 1717851.38  0.92%     -    0s
     0     0 1721418.97    0    3 1733766.66 1721418.97  0.71%     -    0s
H    0     0                    1728999.9189 1721418.97  0.44%     -    0s
     0     0          -    0      1728999.92 1728918.63  0.00%     -    0s

Cutting planes:
  Implied bound: 3
  MIR: 5
  RLT: 1

Explored 1 nodes (71 simplex iterations) in 0.09 seconds (0.00 work units)
Thread count was 20 (of 20 available processors)

Solution count 5: 1.729e+06 1.73377e+06 1.77971e+06 ... 2.05011e+06

Optimal solution found (tolerance 1.00e-04)
Best objective 1.728999918940e+06, best bound 1.728918627285e+06, gap 0.0047%
✓ Subproblem 1 solved optimally.
Subproblem 1 Solution: 1728999.92
Binary combination in SP1: x_ck = {(0, 0): 1, (0, 1): 0, (0, 2): 0, (1, 0): 1, (1, 1): 0, (1, 2): 0, (2, 0): 0, (2, 1): 0, (2, 2): 0, (3, 0): 1, (3, 1): 0, (3, 2): 0, (4, 0): 1, (4, 1): 0, (4, 2): 0, (5, 0): 1, (5, 1): 0, (5, 2): 0}
Set parameter OutputFlag to value 1

Subproblem 2 model structure:

  → Total created variables: 214
  → Thereof binary variables: 18
  → Thereof continuous variables: 196
  → Total created constraints: 237

Set parameter TimeLimit to value 1800

------------------------------------------------------------
Solving Subproblem 2...
------------------------------------------------------------
Gurobi Optimizer version 13.0.1 build v13.0.1rc0 (win64 - Windows Server 2022.0 (20348.2))

CPU model: AMD EPYC 7513 32-Core Processor, instruction set [SSE2|AVX|AVX2]
Thread count: 20 physical cores, 20 logical processors, using up to 20 threads

Non-default parameters:
TimeLimit  1800

Optimize a model with 237 rows, 214 columns and 916 nonzeros (Min)
Model fingerprint: 0x024661df
Model has 184 linear objective coefficients and an objective constant of 1.6692371219591205e+03
Variable types: 196 continuous, 18 integer (18 binary)
Coefficient statistics:
  Matrix range     [8e-02, 2e+05]
  Objective range  [1e-01, 3e+00]
  Bounds range     [1e+00, 1e+00]
  RHS range        [2e-13, 2e+06]

Presolve removed 183 rows and 74 columns
Presolve time: 0.01s
Presolved: 54 rows, 140 columns, 453 nonzeros
Variable types: 122 continuous, 18 integer (18 binary)

Root relaxation: objective 7.858909e+03, 61 iterations, 0.00 seconds (0.00 work units)

    Nodes    |    Current Node    |     Objective Bounds      |     Work
 Expl Unexpl |  Obj  Depth IntInf | Incumbent    BestBd   Gap | It/Node Time

     0     0 7858.90930    0    6          - 7858.90930      -     -    0s
     0     0 8434.30835    0    6          - 8434.30835      -     -    0s
     0     0 8587.34331    0    2          - 8587.34331      -     -    0s
*    0     0               0    8659.4482588 8659.44826  0.00%     -    0s

Cutting planes:
  Gomory: 1
  Implied bound: 4
  MIR: 4
  RLT: 1

Explored 1 nodes (111 simplex iterations) in 0.10 seconds (0.00 work units)
Thread count was 20 (of 20 available processors)

Solution count 1: 8659.45 

Optimal solution found (tolerance 1.00e-04)
Best objective 8.659448258819e+03, best bound 8.659448258819e+03, gap 0.0000%
✓ Subproblem 2 solved optimally.
Binary combination in SP2: x_ck = {(0, 0): 1, (0, 1): 0, (0, 2): 0, (1, 0): 1, (1, 1): 0, (1, 2): 0, (2, 0): 0, (2, 1): 0, (2, 2): 0, (3, 0): 1, (3, 1): 0, (3, 2): 0, (4, 0): 1, (4, 1): 0, (4, 2): 0, (5, 0): 1, (5, 1): 0, (5, 2): 0}
Subproblem 2 feasible. Updated Upper Bound: UB = 8659.45
Adding KKT OC block based on x_ck of SP2 solution to cut off current leader solution.

----------------------------------------------------------------------
End of Iteration 4 Summary:
  LB = 7724.61, UB = 8659.45, Gap = 934.84, Cut added from SP2
----------------------------------------------------------------------

######################################################################
Finished Yue-KKT Decomposition run.
Iterations 4
Final LB = 7724.61
Final UB = 8659.45
Final Gap = 934.84 (tolerance Xi = 10)

Best Solution found:
Master Problem Solution (Leader Decisions):
MasterSolution(mp_obj=8664.691541607195, q_gsw={(0, 0, 0): 426.0, (0, 0, 1): 430.0, (0, 1, 0): 0.0, (0, 1, 1): 68.0, (0, 2, 0): 0.0, (0, 2, 1): 0.0, (0, 3, 0): 0.0, (0, 3, 1): 0.0, (0, 4, 0): 0.0, (0, 4, 1): 0.0, (0, 5, 0): 0.0, (0, 5, 1): 0.0, (0, 6, 0): 0.0, (0, 6, 1): 0.0, (0, 7, 0): 0.0, (0, 7, 1): 0.0, (1, 0, 0): 0.0, (1, 0, 1): 0.0, (1, 1, 0): 411.0, (1, 1, 1): 29.0, (1, 2, 0): 0.0, (1, 2, 1): 0.0, (1, 3, 0): 0.0, (1, 3, 1): 0.0, (1, 4, 0): 0.0, (1, 4, 1): 0.0, (1, 5, 0): 0.0, (1, 5, 1): 160.0, (1, 6, 0): 0.0, (1, 6, 1): 0.0, (1, 7, 0): 0.0, (1, 7, 1): 0.0, (2, 0, 0): 0.0, (2, 0, 1): 0.0, (2, 1, 0): 0.0, (2, 1, 1): 0.0, (2, 2, 0): 141.0, (2, 2, 1): 136.0, (2, 3, 0): 0.0, (2, 3, 1): 0.0, (2, 4, 0): 0.0, (2, 4, 1): 0.0, (2, 5, 0): 0.0, (2, 5, 1): 0.0, (2, 6, 0): 0.0, (2, 6, 1): 0.0, (2, 7, 0): 0.0, (2, 7, 1): 0.0, (3, 0, 0): 0.0, (3, 0, 1): 0.0, (3, 1, 0): 0.0, (3, 1, 1): 0.0, (3, 2, 0): 0.0, (3, 2, 1): 0.0, (3, 3, 0): 734.0, (3, 3, 1): 566.0, (3, 4, 0): 141.0, (3, 4, 1): 0.0, (3, 5, 0): 0.0, (3, 5, 1): 0.0, (3, 6, 0): 0.0, (3, 6, 1): 0.0, (3, 7, 0): 0.0, (3, 7, 1): 0.0, (4, 0, 0): 0.0, (4, 0, 1): 0.0, (4, 1, 0): 0.0, (4, 1, 1): 0.0, (4, 2, 0): 0.0, (4, 2, 1): 464.0, (4, 3, 0): 0.0, (4, 3, 1): 0.0, (4, 4, 0): 959.0, (4, 4, 1): 0.0, (4, 5, 0): 0.0, (4, 5, 1): 0.0, (4, 6, 0): 0.0, (4, 6, 1): 0.0, (4, 7, 0): 0.0, (4, 7, 1): 0.0, (5, 0, 0): 0.0, (5, 0, 1): 0.0, (5, 1, 0): 0.0, (5, 1, 1): 0.0, (5, 2, 0): 0.0, (5, 2, 1): 0.0, (5, 3, 0): 0.0, (5, 3, 1): 0.0, (5, 4, 0): 0.0, (5, 4, 1): 0.0, (5, 5, 0): 577.0, (5, 5, 1): 343.0, (5, 6, 0): 0.0, (5, 6, 1): 0.0, (5, 7, 0): 0.0, (5, 7, 1): 0.0, (6, 0, 0): 0.0, (6, 0, 1): 0.0, (6, 1, 0): 0.0, (6, 1, 1): 0.0, (6, 2, 0): 0.0, (6, 2, 1): 140.0, (6, 3, 0): 0.0, (6, 3, 1): 0.0, (6, 4, 0): 0.0, (6, 4, 1): 0.0, (6, 5, 0): 0.0, (6, 5, 1): 0.0, (6, 6, 0): 651.0, (6, 6, 1): 539.0, (6, 7, 0): 0.0, (6, 7, 1): 0.0, (7, 0, 0): 0.0, (7, 0, 1): 0.0, (7, 1, 0): 0.0, (7, 1, 1): 0.0, (7, 2, 0): 0.0, (7, 2, 1): 4.182905217573534, (7, 3, 0): 0.0, (7, 3, 1): 0.0, (7, 4, 0): 0.0, (7, 4, 1): 0.0, (7, 5, 0): 0.0, (7, 5, 1): 0.0, (7, 6, 0): 0.0, (7, 6, 1): 0.0, (7, 7, 0): 589.0, (7, 7, 1): 399.81709478242647}, q_slw={(0, 0, 0): 0.0, (0, 0, 1): 0.0, (0, 1, 0): 0.0, (0, 1, 1): 0.0, (0, 2, 0): 0.0, (0, 2, 1): 0.0, (1, 0, 0): 0.0, (1, 0, 1): 0.0, (1, 1, 0): 0.0, (1, 1, 1): 0.0, (1, 2, 0): 0.0, (1, 2, 1): 0.0, (2, 0, 0): 0.0, (2, 0, 1): 0.0, (2, 1, 0): 0.0, (2, 1, 1): 744.1829052175738, (2, 2, 0): 0.0, (2, 2, 1): 0.0, (3, 0, 0): 0.0, (3, 0, 1): 0.0, (3, 1, 0): 0.0, (3, 1, 1): 0.0, (3, 2, 0): 0.0, (3, 2, 1): 404.15, (4, 0, 0): 0.0, (4, 0, 1): 0.0, (4, 1, 0): 0.0, (4, 1, 1): 0.0, (4, 2, 0): 0.0, (4, 2, 1): 0.0, (5, 0, 0): 0.0, (5, 0, 1): 0.0, (5, 1, 0): 0.0, (5, 1, 1): 0.0, (5, 2, 0): 0.0, (5, 2, 1): 0.0, (6, 0, 0): 0.0, (6, 0, 1): 0.0, (6, 1, 0): 0.0, (6, 1, 1): 0.0, (6, 2, 0): 0.0, (6, 2, 1): 0.0, (7, 0, 0): 0.0, (7, 0, 1): 0.0, (7, 1, 0): 0.0, (7, 1, 1): 0.0, (7, 2, 0): 0.0, (7, 2, 1): 0.0}, q_siw={(0, 0, 0): 0.0, (0, 0, 1): 0.0, (0, 1, 0): 0.0, (0, 1, 1): 0.0, (0, 2, 0): 0.0, (0, 2, 1): 0.0, (0, 3, 0): 0.0, (0, 3, 1): 0.0, (0, 4, 0): 0.0, (0, 4, 1): 0.0, (0, 5, 0): 0.0, (0, 5, 1): 0.0, (1, 0, 0): 0.0, (1, 0, 1): 0.0, (1, 1, 0): 0.0, (1, 1, 1): 0.0, (1, 2, 0): 0.0, (1, 2, 1): 0.0, (1, 3, 0): 0.0, (1, 3, 1): 0.0, (1, 4, 0): 0.0, (1, 4, 1): 0.0, (1, 5, 0): 0.0, (1, 5, 1): 0.0, (2, 0, 0): 0.0, (2, 0, 1): 0.0, (2, 1, 0): 0.0, (2, 1, 1): 0.0, (2, 2, 0): 0.0, (2, 2, 1): 0.0, (2, 3, 0): 0.0, (2, 3, 1): 0.0, (2, 4, 0): 0.0, (2, 4, 1): 0.0, (2, 5, 0): 0.0, (2, 5, 1): 0.0, (3, 0, 0): 0.0, (3, 0, 1): 0.0, (3, 1, 0): 0.0, (3, 1, 1): 0.0, (3, 2, 0): 0.0, (3, 2, 1): 0.0, (3, 3, 0): 0.0, (3, 3, 1): 0.0, (3, 4, 0): 0.0, (3, 4, 1): 0.0, (3, 5, 0): 0.0, (3, 5, 1): 0.0, (4, 0, 0): 0.0, (4, 0, 1): 0.0, (4, 1, 0): 0.0, (4, 1, 1): 0.0, (4, 2, 0): 0.0, (4, 2, 1): 0.0, (4, 3, 0): 0.0, (4, 3, 1): 0.0, (4, 4, 0): 0.0, (4, 4, 1): 0.0, (4, 5, 0): 0.0, (4, 5, 1): 0.0, (5, 0, 0): 0.0, (5, 0, 1): 0.0, (5, 1, 0): 0.0, (5, 1, 1): 0.0, (5, 2, 0): 0.0, (5, 2, 1): 0.0, (5, 3, 0): 0.0, (5, 3, 1): 0.0, (5, 4, 0): 0.0, (5, 4, 1): 0.0, (5, 5, 0): 0.0, (5, 5, 1): 0.0, (6, 0, 0): 0.0, (6, 0, 1): 0.0, (6, 1, 0): 0.0, (6, 1, 1): 0.0, (6, 2, 0): 0.0, (6, 2, 1): 0.0, (6, 3, 0): 0.0, (6, 3, 1): 0.0, (6, 4, 0): 0.0, (6, 4, 1): 0.0, (6, 5, 0): 0.0, (6, 5, 1): 0.0, (7, 0, 0): 0.0, (7, 0, 1): 0.0, (7, 1, 0): 0.0, (7, 1, 1): 0.0, (7, 2, 0): 0.0, (7, 2, 1): 0.0, (7, 3, 0): 0.0, (7, 3, 1): 0.0, (7, 4, 0): 0.0, (7, 4, 1): 0.0, (7, 5, 0): 0.0, (7, 5, 1): 0.0}, mu_land=0.1452115459303963, mu_inc=0.0, mu_kiln=0.8547884540696037, z_wh={(0, 0): 0, (0, 1): 1, (0, 2): 0, (0, 3): 0, (0, 4): 0, (1, 0): 1, (1, 1): 0, (1, 2): 0, (1, 3): 0, (1, 4): 0})

Subproblem 2 Solution (Follower Reaction):
SubProblem2Solution(feasible=True, sp2_obj=8659.448258819426, x_ck={(0, 0): 1, (0, 1): 0, (0, 2): 0, (1, 0): 1, (1, 1): 0, (1, 2): 0, (2, 0): 0, (2, 1): 0, (2, 2): 0, (3, 0): 1, (3, 1): 0, (3, 2): 0, (4, 0): 1, (4, 1): 0, (4, 2): 0, (5, 0): 1, (5, 1): 0, (5, 2): 0}, q_cw={(0, 0): 0.0, (0, 1): 200.0, (1, 0): 0.0, (1, 1): 200.0, (2, 0): 0.0, (2, 1): 0.0, (3, 0): 38.6, (3, 1): 161.4, (4, 0): 0.0, (4, 1): 200.0, (5, 0): 0.0, (5, 1): 200.0}, q_cf={(0, 0): 326.5, (0, 1): 0.0, (1, 0): 279.6666666666667, (1, 1): 0.0, (2, 0): 301.5416666666667, (2, 1): 0.0, (3, 0): 180.7, (3, 1): 0.0, (4, 0): 253.66666666666666, (4, 1): 0.0, (5, 0): 319.5, (5, 1): 0.0}, r_sw={(0, 0): 426.0, (0, 1): 430.0, (1, 0): 411.0, (1, 1): 0.0, (2, 0): 141.0, (2, 1): 0.0, (3, 0): 734.0, (3, 1): 161.85, (4, 0): 1100.0, (4, 1): 0.0, (5, 0): 577.0, (5, 1): 0.0, (6, 0): 612.4, (6, 1): 177.6, (7, 0): 589.0, (7, 1): 399.81709478242647}, q_scw={(0, 0, 0): 0.0, (0, 0, 1): 0.0, (0, 1, 0): 0.0, (0, 1, 1): 0.0, (0, 2, 0): 0.0, (0, 2, 1): 0.0, (0, 3, 0): 0.0, (0, 3, 1): 0.0, (0, 4, 0): 0.0, (0, 4, 1): 0.0, (0, 5, 0): 0.0, (0, 5, 1): 0.0, (1, 0, 0): 0.0, (1, 0, 1): 0.0, (1, 1, 0): 0.0, (1, 1, 1): 0.0, (1, 2, 0): 0.0, (1, 2, 1): 0.0, (1, 3, 0): 0.0, (1, 3, 1): 0.0, (1, 4, 0): 0.0, (1, 4, 1): 0.0, (1, 5, 0): 0.0, (1, 5, 1): 97.0, (2, 0, 0): 0.0, (2, 0, 1): 0.0, (2, 1, 0): 0.0, (2, 1, 1): 0.0, (2, 2, 0): 0.0, (2, 2, 1): 0.0, (2, 3, 0): 0.0, (2, 3, 1): 0.0, (2, 4, 0): 0.0, (2, 4, 1): 0.0, (2, 5, 0): 0.0, (2, 5, 1): 0.0, (3, 0, 0): 0.0, (3, 0, 1): 0.0, (3, 1, 0): 0.0, (3, 1, 1): 0.0, (3, 2, 0): 0.0, (3, 2, 1): 0.0, (3, 3, 0): 0.0, (3, 3, 1): 0.0, (3, 4, 0): 0.0, (3, 4, 1): 0.0, (3, 5, 0): 0.0, (3, 5, 1): 0.0, (4, 0, 0): 0.0, (4, 0, 1): 0.0, (4, 1, 0): 0.0, (4, 1, 1): 0.0, (4, 2, 0): 0.0, (4, 2, 1): 0.0, (4, 3, 0): 0.0, (4, 3, 1): 0.0, (4, 4, 0): 0.0, (4, 4, 1): 0.0, (4, 5, 0): 0.0, (4, 5, 1): 0.0, (5, 0, 0): 0.0, (5, 0, 1): 200.0, (5, 1, 0): 0.0, (5, 1, 1): 0.0, (5, 2, 0): 0.0, (5, 2, 1): 0.0, (5, 3, 0): 0.0, (5, 3, 1): 0.0, (5, 4, 0): 0.0, (5, 4, 1): 200.0, (5, 5, 0): 0.0, (5, 5, 1): 103.0, (6, 0, 0): 0.0, (6, 0, 1): 0.0, (6, 1, 0): 0.0, (6, 1, 1): 200.0, (6, 2, 0): 0.0, (6, 2, 1): 0.0, (6, 3, 0): 38.6, (6, 3, 1): 161.4, (6, 4, 0): 0.0, (6, 4, 1): 0.0, (6, 5, 0): 0.0, (6, 5, 1): 0.0, (7, 0, 0): 0.0, (7, 0, 1): 0.0, (7, 1, 0): 0.0, (7, 1, 1): 0.0, (7, 2, 0): 0.0, (7, 2, 1): 0.0, (7, 3, 0): 0.0, (7, 3, 1): 0.0, (7, 4, 0): 0.0, (7, 4, 1): 0.0, (7, 5, 0): 0.0, (7, 5, 1): 0.0}, y_cwh={(0, 0, 0): 0.0, (0, 0, 1): 0.0, (0, 0, 2): 0.0, (0, 0, 3): 0.0, (0, 0, 4): 0.0, (0, 1, 0): 200.0, (0, 1, 1): 0.0, (0, 1, 2): 0.0, (0, 1, 3): 0.0, (0, 1, 4): 0.0, (1, 0, 0): 0.0, (1, 0, 1): 0.0, (1, 0, 2): 0.0, (1, 0, 3): 0.0, (1, 0, 4): 0.0, (1, 1, 0): 200.0, (1, 1, 1): 0.0, (1, 1, 2): 0.0, (1, 1, 3): 0.0, (1, 1, 4): 0.0, (2, 0, 0): 0.0, (2, 0, 1): 0.0, (2, 0, 2): 0.0, (2, 0, 3): 0.0, (2, 0, 4): 0.0, (2, 1, 0): 0.0, (2, 1, 1): 0.0, (2, 1, 2): 0.0, (2, 1, 3): 0.0, (2, 1, 4): 0.0, (3, 0, 0): 0.0, (3, 0, 1): 38.6, (3, 0, 2): 0.0, (3, 0, 3): 0.0, (3, 0, 4): 0.0, (3, 1, 0): 161.4, (3, 1, 1): 0.0, (3, 1, 2): 0.0, (3, 1, 3): 0.0, (3, 1, 4): 0.0, (4, 0, 0): 0.0, (4, 0, 1): 0.0, (4, 0, 2): 0.0, (4, 0, 3): 0.0, (4, 0, 4): 0.0, (4, 1, 0): 200.0, (4, 1, 1): 0.0, (4, 1, 2): 0.0, (4, 1, 3): 0.0, (4, 1, 4): 0.0, (5, 0, 0): 0.0, (5, 0, 1): 0.0, (5, 0, 2): 0.0, (5, 0, 3): 0.0, (5, 0, 4): 0.0, (5, 1, 0): 200.0, (5, 1, 1): 0.0, (5, 1, 2): 0.0, (5, 1, 3): 0.0, (5, 1, 4): 0.0})
