Yue-KKT Decomposition Algorithm started. Logs will be saved to h:\Dissertation\Shanghai\Paper\Co-Processing waste in cement industry\Paper2_CoProcessing\Yue_Decomposition_Algorithm\solutions\Yue_KKT_Decomp_20260304_1408.log
Set parameter Username
Set parameter LicenseID to value 2760969
Academic license - for non-commercial use only - expires 2027-01-05
Set parameter OutputFlag to value 1

Master Problem model structure (build):

  → Total created variables: 499
  → Thereof binary variables: 28
  → Thereof continuous variables: 471
  → Total created constraints: 291



======================================================================
Iteration 1
Current bounds: LB = -inf, UB = inf, Gap = inf
======================================================================
Set parameter MIPFocus to value 0

------------------------------------------------------------
Solving Master Problem...
------------------------------------------------------------

Master Problem model structure:

  → Total variables: 499
  → Thereof binary variables: 28
  → Thereof continuous variables: 471

  → Total constraints: 291
Set parameter TimeLimit to value 300
Set parameter ScaleFlag to value 2
Set parameter FeasibilityTol to value 1e-06
Set parameter OptimalityTol to value 1e-06
Set parameter IntFeasTol to value 1e-06
Gurobi Optimizer version 13.0.1 build v13.0.1rc0 (win64 - Windows Server 2022.0 (20348.2))

CPU model: AMD EPYC 7513 32-Core Processor, instruction set [SSE2|AVX|AVX2]
Thread count: 20 physical cores, 20 logical processors, using up to 20 threads

Non-default parameters:
TimeLimit  300
IntFeasTol  1e-06
ScaleFlag  2

Optimize a model with 291 rows, 499 columns and 2035 nonzeros (Min)
Model fingerprint: 0x55af7b1d
Model has 456 linear objective coefficients
Variable types: 471 continuous, 28 integer (28 binary)
Coefficient statistics:
  Matrix range     [1e+00, 2e+05]
  Objective range  [6e-03, 3e+00]
  Bounds range     [1e+00, 1e+00]
  RHS range        [3e-01, 2e+06]

Presolve removed 207 rows and 83 columns
Presolve time: 0.01s
Presolved: 84 rows, 416 columns, 1163 nonzeros
Variable types: 398 continuous, 18 integer (18 binary)
Found heuristic solution: objective 9107.8717774
Found heuristic solution: objective 7728.8114185

Root relaxation: objective 7.413381e+03, 83 iterations, 0.00 seconds (0.00 work units)

    Nodes    |    Current Node    |     Objective Bounds      |     Work
 Expl Unexpl |  Obj  Depth IntInf | Incumbent    BestBd   Gap | It/Node Time

     0     0 7413.38082    0    6 7728.81142 7413.38082  4.08%     -    0s
     0     0 7677.23976    0    4 7728.81142 7677.23976  0.67%     -    0s
     0     0 7702.80770    0    3 7728.81142 7702.80770  0.34%     -    0s
H    0     0                    7708.5482933 7702.80770  0.07%     -    0s
     0     0          -    0      7708.54829 7707.89706  0.01%     -    0s

Cutting planes:
  Gomory: 3
  Cover: 2
  Implied bound: 3
  MIR: 6
  RLT: 1

Explored 1 nodes (119 simplex iterations) in 0.07 seconds (0.01 work units)
Thread count was 20 (of 20 available processors)

Solution count 3: 7708.55 7728.81 9107.87 

Optimal solution found (tolerance 1.00e-04)
Best objective 7.708548293292e+03, best bound 7.707897058413e+03, gap 0.0084%
Best Master Problem Solution: Objective = 7708.55, Bound = 7707.90
New LB found. LB updated from -inf to 7707.90
✓ Master Problem solved optimally.
Set parameter OutputFlag to value 1

Subproblem 1 model structure:

  → Total created variables: 214
  → Thereof binary variables: 18
  → Thereof continuous variables: 196
  → Total created constraints: 234

Set parameter TimeLimit to value 300

------------------------------------------------------------
Solving Subproblem 1...
------------------------------------------------------------
Gurobi Optimizer version 13.0.1 build v13.0.1rc0 (win64 - Windows Server 2022.0 (20348.2))

CPU model: AMD EPYC 7513 32-Core Processor, instruction set [SSE2|AVX|AVX2]
Thread count: 20 physical cores, 20 logical processors, using up to 20 threads

Non-default parameters:
TimeLimit  300

Optimize a model with 234 rows, 214 columns and 650 nonzeros (Min)
Model fingerprint: 0x5b0157d3
Model has 202 linear objective coefficients
Variable types: 196 continuous, 18 integer (18 binary)
Coefficient statistics:
  Matrix range     [1e+00, 2e+05]
  Objective range  [8e-02, 5e+02]
  Bounds range     [1e+00, 1e+00]
  RHS range        [1e+00, 4e+05]

Found heuristic solution: objective 2049881.7792
Presolve removed 193 rows and 79 columns
Presolve time: 0.00s
Presolved: 41 rows, 135 columns, 306 nonzeros
Found heuristic solution: objective 1960641.0196
Variable types: 117 continuous, 18 integer (18 binary)

Root relaxation: objective 1.686687e+06, 34 iterations, 0.00 seconds (0.00 work units)

    Nodes    |    Current Node    |     Objective Bounds      |     Work
 Expl Unexpl |  Obj  Depth IntInf | Incumbent    BestBd   Gap | It/Node Time

     0     0 1686687.42    0    6 1960641.02 1686687.42  14.0%     -    0s
H    0     0                    1806078.3160 1686687.42  6.61%     -    0s
H    0     0                    1792181.7465 1686687.42  5.89%     -    0s
     0     0 1717506.94    0    6 1792181.75 1717506.94  4.17%     -    0s
     0     0 1727219.02    0    5 1792181.75 1727219.02  3.62%     -    0s
H    0     0                    1736836.3702 1728040.27  0.51%     -    0s
     0     0 1728755.56    0    5 1736836.37 1728755.56  0.47%     -    0s
H    0     0                    1730541.7647 1730477.12  0.00%     -    0s
H    0     0                    1730477.1462 1730477.12  0.00%     -    0s
     0     0          -    0      1730477.15 1730477.12  0.00%     -    0s

Cutting planes:
  Gomory: 2
  Cover: 1
  Implied bound: 7
  MIR: 5
  RLT: 1

Explored 1 nodes (60 simplex iterations) in 0.05 seconds (0.00 work units)
Thread count was 20 (of 20 available processors)

Solution count 7: 1.73048e+06 1.73054e+06 1.73684e+06 ... 2.04988e+06

Optimal solution found (tolerance 1.00e-04)
Best objective 1.730477146198e+06, best bound 1.730477118062e+06, gap 0.0000%
✓ Subproblem 1 solved optimally.
Subproblem 1 Solution: 1730477.15
Binary combination in SP1: x_ck = {(0, 0): 1, (0, 1): 0, (0, 2): 0, (1, 0): 1, (1, 1): 0, (1, 2): 0, (2, 0): 1, (2, 1): 0, (2, 2): 0, (3, 0): 0, (3, 1): 0, (3, 2): 0, (4, 0): 1, (4, 1): 0, (4, 2): 0, (5, 0): 1, (5, 1): 0, (5, 2): 0}
Set parameter OutputFlag to value 1

Subproblem 2 model structure:

  → Total created variables: 214
  → Thereof binary variables: 18
  → Thereof continuous variables: 196
  → Total created constraints: 237

Set parameter TimeLimit to value 1800

------------------------------------------------------------
Solving Subproblem 2...
------------------------------------------------------------
Gurobi Optimizer version 13.0.1 build v13.0.1rc0 (win64 - Windows Server 2022.0 (20348.2))

CPU model: AMD EPYC 7513 32-Core Processor, instruction set [SSE2|AVX|AVX2]
Thread count: 20 physical cores, 20 logical processors, using up to 20 threads

Non-default parameters:
TimeLimit  1800

Optimize a model with 237 rows, 214 columns and 916 nonzeros (Min)
Model fingerprint: 0xf317a2c2
Model has 184 linear objective coefficients and an objective constant of 1.6683883230981914e+03
Variable types: 196 continuous, 18 integer (18 binary)
Coefficient statistics:
  Matrix range     [8e-02, 2e+05]
  Objective range  [1e-01, 3e+00]
  Bounds range     [1e+00, 1e+00]
  RHS range        [1e+00, 2e+06]

Presolve removed 182 rows and 67 columns
Presolve time: 0.01s
Presolved: 55 rows, 147 columns, 474 nonzeros
Variable types: 129 continuous, 18 integer (18 binary)

Root relaxation: objective 7.842376e+03, 59 iterations, 0.00 seconds (0.00 work units)

    Nodes    |    Current Node    |     Objective Bounds      |     Work
 Expl Unexpl |  Obj  Depth IntInf | Incumbent    BestBd   Gap | It/Node Time

     0     0 7842.37590    0    6          - 7842.37590      -     -    0s
     0     0 8450.11917    0    4          - 8450.11917      -     -    0s
     0     0 8579.60716    0    2          - 8579.60716      -     -    0s
     0     0 infeasible    0               - infeasible      -     -    0s

Cutting planes:
  Gomory: 1
  Implied bound: 4
  MIR: 4
  RLT: 1

Explored 1 nodes (96 simplex iterations) in 0.06 seconds (0.00 work units)
Thread count was 20 (of 20 available processors)

Solution count 0

Model is infeasible
Best objective -, best bound -, gap -
✗ Subproblem 2 is infeasible.
Subproblem 2 is infeasible -> Upper bound remains unchanged.
Adding KKT OC block based on x_ck of SP1 solution to cut off current leader solution.

----------------------------------------------------------------------
End of Iteration 1 Summary:
  LB = 7707.90, UB = inf, Gap = inf, Cut added from SP1
----------------------------------------------------------------------

======================================================================
Iteration 2
Current bounds: LB = 7707.90, UB = inf, Gap = inf
======================================================================
Set parameter MIPFocus to value 0

------------------------------------------------------------
Solving Master Problem...
------------------------------------------------------------

Master Problem model structure:

  → Total variables: 1512
  → Thereof binary variables: 422
  → Thereof continuous variables: 1090

  → Total constraints: 1503
Set parameter TimeLimit to value 300
Set parameter ScaleFlag to value 2
Set parameter FeasibilityTol to value 1e-06
Set parameter OptimalityTol to value 1e-06
Set parameter IntFeasTol to value 1e-06
Gurobi Optimizer version 13.0.1 build v13.0.1rc0 (win64 - Windows Server 2022.0 (20348.2))

CPU model: AMD EPYC 7513 32-Core Processor, instruction set [SSE2|AVX|AVX2]
Thread count: 20 physical cores, 20 logical processors, using up to 20 threads

Non-default parameters:
TimeLimit  300
IntFeasTol  1e-06
ScaleFlag  2

Optimize a model with 1503 rows, 1512 columns and 6048 nonzeros (Min)
Model fingerprint: 0x72d536e1
Model has 456 linear objective coefficients
Variable types: 1090 continuous, 422 integer (422 binary)
Coefficient statistics:
  Matrix range     [8e-02, 2e+05]
  Objective range  [6e-03, 3e+00]
  Bounds range     [1e+00, 1e+00]
  RHS range        [8e-02, 2e+06]

Warning: Completing partial solution with 394 unfixed non-continuous variables out of 422
MIP start from previous solve produced solution with objective 9926.86 (0.17s)
MIP start from previous solve produced solution with objective 9904.87 (0.22s)
MIP start from previous solve produced solution with objective 9904.87 (0.34s)
Loaded MIP start from previous solve with objective 9904.87

Presolve removed 358 rows and 265 columns
Presolve time: 0.02s
Presolved: 1145 rows, 1247 columns, 4677 nonzeros
Variable types: 967 continuous, 280 integer (280 binary)

Root relaxation: objective 7.413381e+03, 602 iterations, 0.01 seconds (0.01 work units)

    Nodes    |    Current Node    |     Objective Bounds      |     Work
 Expl Unexpl |  Obj  Depth IntInf | Incumbent    BestBd   Gap | It/Node Time

     0     0 7413.38082    0   18 9904.87301 7413.38082  25.2%     -    0s
     0     0 7694.45868    0   16 9904.87301 7694.45868  22.3%     -    0s
     0     0 7702.80770    0   16 9904.87301 7702.80770  22.2%     -    0s
     0     0 7708.54829    0   20 9904.87301 7708.54829  22.2%     -    0s
     0     0 7708.54829    0   12 9904.87301 7708.54829  22.2%     -    0s
     0     0 7708.54829    0   16 9904.87301 7708.54829  22.2%     -    0s
     0     0 7708.54829    0   15 9904.87301 7708.54829  22.2%     -    0s
     0     0 7708.54829    0   15 9904.87301 7708.54829  22.2%     -    0s
     0     0 7708.54829    0   12 9904.87301 7708.54829  22.2%     -    0s
     0     0 7708.54829    0   15 9904.87301 7708.54829  22.2%     -    0s
     0     0 7708.54829    0   24 9904.87301 7708.54829  22.2%     -    0s
     0     0 7708.54829    0   24 9904.87301 7708.54829  22.2%     -    0s
     0     0 7708.54829    0   17 9904.87301 7708.54829  22.2%     -    0s
     0     0 7708.54829    0   13 9904.87301 7708.54829  22.2%     -    0s
     0     0 7708.54829    0   13 9904.87301 7708.54829  22.2%     -    0s
H    0     0                    8872.4069611 7708.54829  13.1%     -    0s
     0     0 7708.54829    0   13 8872.40696 7708.54829  13.1%     -    0s
     0     0 7708.54829    0   13 8872.40696 7708.54829  13.1%     -    0s
     0     2 7708.54829    0   13 8872.40696 7708.54829  13.1%     -    0s
H  228   275                    8691.4566193 7708.54829  11.3%  45.9    1s
H  363   405                    8686.7963612 7708.54829  11.3%  43.1    1s
H  369   405                    8683.2779220 7708.54829  11.2%  43.1    1s
H  397   405                    8682.6984393 7708.54829  11.2%  43.6    1s
H  458   463                    8674.5094034 7708.54829  11.1%  43.4    1s
H 2517  1546                    8664.7102253 7708.54829  11.0%  35.3    2s
  4315  2279 8324.05431   45   28 8664.71023 7708.54829  11.0%  41.0    5s
 12447  5176     cutoff   62      8664.71023 7708.54829  11.0%  42.1   10s
H13078  5445                    8664.7101000 7708.54829  11.0%  42.3   10s
 19997  8700     cutoff   76      8664.71010 7709.13030  11.0%  46.7   15s
H20998  9069                    8664.7100610 7709.28750  11.0%  47.1   17s
 24129 10468 infeasible   40      8664.71006 7710.39203  11.0%  47.5   20s
 29867 13522 8180.34104   44    9 8664.71006 7711.87839  11.0%  47.2   25s
 33337 15497 infeasible   44      8664.71006 7712.18484  11.0%  46.6   30s
 37960 18019 8456.06920   50   16 8664.71006 7713.15796  11.0%  46.2   35s
 42377 20309 8344.44029   56   25 8664.71006 7714.26452  11.0%  46.1   40s
 46722 21575 7733.60142   32   13 8664.71006 7716.02094  10.9%  45.7   46s
 46769 21615 7723.02582   27   67 8664.71006 7716.02094  10.9%  45.9   50s
 50354 22680 7716.02094   34   18 8664.71006 7716.02094  10.9%  46.8   55s
 55933 24250 7730.37257   44   41 8664.71006 7716.02094  10.9%  47.2   60s
 60974 25730 7723.15939   38   15 8664.71006 7716.02094  10.9%  47.3   65s
 66987 26649 7728.28161   40   40 8664.71006 7716.02094  10.9%  47.3   70s
 71917 27504 7741.97516   45   22 8664.71006 7716.02094  10.9%  47.5   75s
 77213 27937 7761.82803   46   30 8664.71006 7716.02094  10.9%  47.4   81s
 79082 28657 7736.01208   43   25 8664.71006 7716.02094  10.9%  47.4   85s
 85055 30028 7716.02094   41   22 8664.71006 7716.02094  10.9%  47.8   91s
 88993 29834 8396.06894   65    6 8664.71006 7716.02094  10.9%  47.8   95s
 89586 30431 8182.86063   49   17 8664.71006 7716.02094  10.9%  47.8  100s
 92736 31850 8191.11899   57   28 8664.71006 7716.02094  10.9%  47.6  105s
 97639 32581 7900.20855   58   22 8664.71006 7716.41662  10.9%  47.6  110s
 102393 32343 7818.57480   39   19 8664.71006 7717.04029  10.9%  47.3  116s
 102443 32901 infeasible   41      8664.71006 7717.04029  10.9%  47.3  120s
 105816 34420 7736.87328   52   23 8664.71006 7717.39089  10.9%  47.3  127s
 108660 34441 7725.55379   50   37 8664.71006 7717.58723  10.9%  47.1  130s
 112562 34565 8214.35566   57   11 8664.71006 7717.76055  10.9%  47.0  136s
 113399 35871 7761.73950   42   64 8664.71006 7717.92996  10.9%  47.0  141s
 117288 38136 7735.94283   46   32 8664.71006 7718.38260  10.9%  47.0  148s
 119540 39500 infeasible   43      8664.71006 7718.41935  10.9%  47.0  152s
 122171 40490 infeasible   54      8664.71006 7718.88403  10.9%  47.0  156s
 126330 42757 infeasible   48      8664.71006 7719.34416  10.9%  47.0  162s
 128350 43825 7763.72116   56   27 8664.71006 7719.59228  10.9%  47.1  166s
 132556 45790 8101.17575   49   34 8664.71006 7719.99088  10.9%  47.2  173s
 134612 46807 7786.08718   55   27 8664.71006 7720.28023  10.9%  47.3  176s
 137582 47759 7725.77800   45   19 8664.71006 7720.62721  10.9%  47.3  180s
 140940 49772 8186.92577   38   61 8664.71006 7720.98803  10.9%  47.4  187s
 142957 50966 7787.74111   52    9 8664.71006 7721.15485  10.9%  47.5  192s
 145414 52056 8239.96988   49   19 8664.71006 7721.62027  10.9%  47.5  196s
 147503 52943 7843.88628   65   16 8664.71006 7721.92724  10.9%  47.5  200s
 151202 54721 8059.97254   49   40 8664.71006 7721.92724  10.9%  47.6  208s
 153101 55890 7724.30440   42  102 8664.71006 7722.07743  10.9%  47.6  212s
 155155 56977 8092.39910   57   29 8664.71006 7722.07743  10.9%  47.7  216s
 157154 58022 7877.32948   47   48 8664.71006 7722.31946  10.9%  47.8  220s
 161364 60122 7781.56812   41   19 8664.71006 7722.57258  10.9%  47.9  228s
 163310 61181 7766.07170   49   30 8664.71006 7722.66486  10.9%  48.0  233s
 165277 62211 7726.86230   38   34 8664.71006 7722.66486  10.9%  48.0  237s
 167234 63171 infeasible   61      8664.71006 7722.66486  10.9%  48.1  242s
 169237 64627 7735.98575   55   39 8664.71006 7722.88594  10.9%  48.2  247s
 171998 65537 7937.03687   53   35 8664.71006 7723.10645  10.9%  48.1  252s
 173843 66574 7886.24094   50   50 8664.71006 7723.16202  10.9%  48.2  256s
 175994 67721 7742.86319   52   24 8664.71006 7723.26752  10.9%  48.2  261s
 178076 68752 8120.68704   45   31 8664.71006 7723.37576  10.9%  48.2  265s
 180230 69724 7835.97204   49   18 8664.71006 7723.48223  10.9%  48.2  270s
 182980 70573 8258.89800   58   10 8664.71006 7723.48223  10.9%  48.3  275s
 185998 72308     cutoff   54      8664.71006 7723.79439  10.9%  48.4  283s
 187932 73342 7760.85829   42   32 8664.71006 7723.96847  10.9%  48.5  288s
 189990 74301 8283.93093   57   19 8664.71006 7724.06007  10.9%  48.6  293s
 192071 75330 8432.02867   46   24 8664.71006 7724.27165  10.9%  48.7  300s

Cutting planes:
  Learned: 51
  Gomory: 34
  Cover: 408
  Implied bound: 180
  Projected implied bound: 6
  Clique: 70
  MIR: 460
  Mixing: 1
  StrongCG: 11
  Flow cover: 1233
  Inf proof: 20
  Network: 1
  RLT: 17
  Relax-and-lift: 110
  BQP: 3
  PSD: 1

Explored 194109 nodes (9449185 simplex iterations) in 300.69 seconds (77.03 work units)
Thread count was 20 (of 20 available processors)

Solution count 10: 8664.71 8664.71 8664.71 ... 9904.87

Time limit reached
Best objective 8.664710060987e+03, best bound 7.724390908835e+03, gap 10.8523%
Best Master Problem Solution: Objective = 8664.71, Bound = 7724.39
New LB found. LB updated from 7707.90 to 7724.39
[BigM] OC block l=1: dual_hits=20, primal_hits=0
  - OC1.F5[c=3]: dual=1e+04 hits M=1e+04
  - OC1.F9_1[0,0,2]: dual=1e+04 hits M=1e+04
  - OC1.F9_1[0,0,3]: dual=1e+04 hits M=1e+04
  - OC1.F9_1[1,0,2]: dual=1e+04 hits M=1e+04
  - OC1.F9_1[1,0,4]: dual=1e+04 hits M=1e+04
  - OC1.F9_1[2,0,2]: dual=1e+04 hits M=1e+04
  - OC1.F9_1[5,0,4]: dual=1e+04 hits M=1e+04
  - OC1.F9_1[5,1,2]: dual=1e+04 hits M=1e+04
  - OC1.F9_2[1,0,1]: dual=1e+04 hits M=1e+04
  - OC1.F9_2[2,0,1]: dual=1e+04 hits M=1e+04
  - OC1.F9_2[3,0,1]: dual=1e+04 hits M=1e+04
  - OC1.F9_2[4,0,1]: dual=1e+04 hits M=1e+04
  - OC1.pi_q_scw[2,0,1]: dual=1e+04 hits M=1e+04
  - OC1.pi_q_scw[2,1,1]: dual=1e+04 hits M=1e+04
  - OC1.pi_q_scw[2,2,1]: dual=1e+04 hits M=1e+04
  - OC1.pi_q_scw[2,3,1]: dual=1e+04 hits M=1e+04
  - OC1.pi_q_scw[2,4,1]: dual=1e+04 hits M=1e+04
  - OC1.pi_q_scw[2,5,1]: dual=1e+04 hits M=1e+04
  - OC1.pi_r_sw[2,1]: dual=1e+04 hits M=1e+04
  - OC1.pi_y_cwh[4,0,2]: dual=1e+04 hits M=1e+04
⚠ Master Problem solve time limit reached. Best solution found will be extracted.
Set parameter OutputFlag to value 1

Subproblem 1 model structure:

  → Total created variables: 214
  → Thereof binary variables: 18
  → Thereof continuous variables: 196
  → Total created constraints: 234

Set parameter TimeLimit to value 300

------------------------------------------------------------
Solving Subproblem 1...
------------------------------------------------------------
Gurobi Optimizer version 13.0.1 build v13.0.1rc0 (win64 - Windows Server 2022.0 (20348.2))

CPU model: AMD EPYC 7513 32-Core Processor, instruction set [SSE2|AVX|AVX2]
Thread count: 20 physical cores, 20 logical processors, using up to 20 threads

Non-default parameters:
TimeLimit  300

Optimize a model with 234 rows, 214 columns and 650 nonzeros (Min)
Model fingerprint: 0x4c2cec95
Model has 202 linear objective coefficients
Variable types: 196 continuous, 18 integer (18 binary)
Coefficient statistics:
  Matrix range     [1e+00, 2e+05]
  Objective range  [8e-02, 5e+02]
  Bounds range     [1e+00, 1e+00]
  RHS range        [1e+00, 4e+05]

Found heuristic solution: objective 2050106.5410
Presolve removed 194 rows and 86 columns
Presolve time: 0.00s
Presolved: 40 rows, 128 columns, 292 nonzeros
Found heuristic solution: objective 1958882.2632
Variable types: 110 continuous, 18 integer (18 binary)

Root relaxation: objective 1.686685e+06, 47 iterations, 0.00 seconds (0.00 work units)

    Nodes    |    Current Node    |     Objective Bounds      |     Work
 Expl Unexpl |  Obj  Depth IntInf | Incumbent    BestBd   Gap | It/Node Time

     0     0 1686685.36    0    6 1958882.26 1686685.36  13.9%     -    0s
H    0     0                    1779714.5046 1686685.36  5.23%     -    0s
H    0     0                    1775817.1549 1686685.36  5.02%     -    0s
     0     0 1718720.03    0    4 1775817.15 1718720.03  3.22%     -    0s
H    0     0                    1770116.2211 1719288.16  2.87%     -    0s
H    0     0                    1768791.5988 1727049.73  2.36%     -    0s
     0     0 1727049.73    0    2 1768791.60 1727049.73  2.36%     -    0s
     0     0 1727735.15    0    3 1768791.60 1727735.15  2.32%     -    0s
     0     0 1727735.24    0    3 1768791.60 1727735.24  2.32%     -    0s
H    0     0                    1728999.9189 1727735.24  0.07%     -    0s
     0     0          -    0      1728999.92 1728946.53  0.00%     -    0s

Cutting planes:
  Gomory: 2
  Implied bound: 3
  MIR: 6
  RLT: 1

Explored 1 nodes (83 simplex iterations) in 0.11 seconds (0.00 work units)
Thread count was 20 (of 20 available processors)

Solution count 7: 1.729e+06 1.76879e+06 1.77012e+06 ... 2.05011e+06

Optimal solution found (tolerance 1.00e-04)
Best objective 1.728999918941e+06, best bound 1.728946525370e+06, gap 0.0031%
✓ Subproblem 1 solved optimally.
Subproblem 1 Solution: 1728999.92
Binary combination in SP1: x_ck = {(0, 0): 1, (0, 1): 0, (0, 2): 0, (1, 0): 1, (1, 1): 0, (1, 2): 0, (2, 0): 0, (2, 1): 0, (2, 2): 0, (3, 0): 1, (3, 1): 0, (3, 2): 0, (4, 0): 1, (4, 1): 0, (4, 2): 0, (5, 0): 1, (5, 1): 0, (5, 2): 0}
Set parameter OutputFlag to value 1

Subproblem 2 model structure:

  → Total created variables: 214
  → Thereof binary variables: 18
  → Thereof continuous variables: 196
  → Total created constraints: 237

Set parameter TimeLimit to value 1800

------------------------------------------------------------
Solving Subproblem 2...
------------------------------------------------------------
Gurobi Optimizer version 13.0.1 build v13.0.1rc0 (win64 - Windows Server 2022.0 (20348.2))

CPU model: AMD EPYC 7513 32-Core Processor, instruction set [SSE2|AVX|AVX2]
Thread count: 20 physical cores, 20 logical processors, using up to 20 threads

Non-default parameters:
TimeLimit  1800

Optimize a model with 237 rows, 214 columns and 916 nonzeros (Min)
Model fingerprint: 0x4af13152
Model has 184 linear objective coefficients and an objective constant of 1.6692371199900547e+03
Variable types: 196 continuous, 18 integer (18 binary)
Coefficient statistics:
  Matrix range     [8e-02, 2e+05]
  Objective range  [1e-01, 3e+00]
  Bounds range     [1e+00, 1e+00]
  RHS range        [1e+00, 2e+06]

Presolve removed 183 rows and 74 columns
Presolve time: 0.01s
Presolved: 54 rows, 140 columns, 453 nonzeros
Variable types: 122 continuous, 18 integer (18 binary)

Root relaxation: objective 7.858909e+03, 61 iterations, 0.00 seconds (0.00 work units)

    Nodes    |    Current Node    |     Objective Bounds      |     Work
 Expl Unexpl |  Obj  Depth IntInf | Incumbent    BestBd   Gap | It/Node Time

     0     0 7858.90930    0    6          - 7858.90930      -     -    0s
     0     0 8434.30835    0    6          - 8434.30835      -     -    0s
     0     0 8587.34331    0    2          - 8587.34331      -     -    0s
*    0     0               0    8659.4482597 8659.44826  0.00%     -    0s

Cutting planes:
  Gomory: 1
  Implied bound: 4
  MIR: 4
  RLT: 1

Explored 1 nodes (111 simplex iterations) in 0.10 seconds (0.00 work units)
Thread count was 20 (of 20 available processors)

Solution count 1: 8659.45 

Optimal solution found (tolerance 1.00e-04)
Best objective 8.659448259676e+03, best bound 8.659448259676e+03, gap 0.0000%
✓ Subproblem 2 solved optimally.
Subproblem 2 feasible. Updated Upper Bound: UB = 8659.45
Binary combination in SP2: x_ck = {(0, 0): 1, (0, 1): 0, (0, 2): 0, (1, 0): 1, (1, 1): 0, (1, 2): 0, (2, 0): 0, (2, 1): 0, (2, 2): 0, (3, 0): 1, (3, 1): 0, (3, 2): 0, (4, 0): 1, (4, 1): 0, (4, 2): 0, (5, 0): 1, (5, 1): 0, (5, 2): 0}
Adding KKT OC block based on x_ck of SP2 solution to cut off current leader solution.

----------------------------------------------------------------------
End of Iteration 2 Summary:
  LB = 7724.39, UB = 8659.45, Gap = 935.06, Cut added from SP2
----------------------------------------------------------------------

======================================================================
Iteration 3
Current bounds: LB = 7724.39, UB = 8659.45, Gap = 935.06
======================================================================
Set parameter MIPFocus to value 0

------------------------------------------------------------
Solving Master Problem...
------------------------------------------------------------

Master Problem model structure:

  → Total variables: 2525
  → Thereof binary variables: 816
  → Thereof continuous variables: 1709

  → Total constraints: 2715
Set parameter TimeLimit to value 300
Set parameter ScaleFlag to value 2
Set parameter FeasibilityTol to value 1e-06
Set parameter OptimalityTol to value 1e-06
Set parameter IntFeasTol to value 1e-06
Gurobi Optimizer version 13.0.1 build v13.0.1rc0 (win64 - Windows Server 2022.0 (20348.2))

CPU model: AMD EPYC 7513 32-Core Processor, instruction set [SSE2|AVX|AVX2]
Thread count: 20 physical cores, 20 logical processors, using up to 20 threads

Non-default parameters:
TimeLimit  300
IntFeasTol  1e-06
ScaleFlag  2

Optimize a model with 2715 rows, 2525 columns and 10061 nonzeros (Min)
Model fingerprint: 0x7a739e3c
Model has 456 linear objective coefficients
Variable types: 1709 continuous, 816 integer (816 binary)
Coefficient statistics:
  Matrix range     [8e-02, 2e+05]
  Objective range  [6e-03, 3e+00]
  Bounds range     [1e+00, 1e+00]
  RHS range        [8e-02, 2e+06]

MIP start from previous solve produced solution with objective 8664.71 (0.15s)
MIP start from previous solve produced solution with objective 8664.71 (0.15s)
Loaded MIP start from previous solve with objective 8664.71

Presolve removed 662 rows and 517 columns
Presolve time: 0.06s
Presolved: 2053 rows, 2008 columns, 7767 nonzeros
Variable types: 1476 continuous, 532 integer (532 binary)

Root relaxation: objective 7.413381e+03, 1111 iterations, 0.02 seconds (0.02 work units)

    Nodes    |    Current Node    |     Objective Bounds      |     Work
 Expl Unexpl |  Obj  Depth IntInf | Incumbent    BestBd   Gap | It/Node Time

     0     0 7413.38082    0   39 8664.71006 7413.38082  14.4%     -    0s
     0     0 7668.35635    0   49 8664.71006 7668.35635  11.5%     -    0s
     0     0 7703.05834    0   47 8664.71006 7703.05834  11.1%     -    0s
     0     0 7703.05834    0   46 8664.71006 7703.05834  11.1%     -    0s
     0     0 7706.98318    0   44 8664.71006 7706.98318  11.1%     -    0s
     0     0 7708.54829    0   37 8664.71006 7708.54829  11.0%     -    0s
     0     0 7708.54829    0   43 8664.71006 7708.54829  11.0%     -    0s
     0     0 7708.54829    0   48 8664.71006 7708.54829  11.0%     -    0s
     0     0 7708.54829    0   43 8664.71006 7708.54829  11.0%     -    0s
     0     0 7708.54829    0   41 8664.71006 7708.54829  11.0%     -    0s
     0     0 7708.54829    0   43 8664.71006 7708.54829  11.0%     -    0s
     0     0 7708.54829    0   43 8664.71006 7708.54829  11.0%     -    0s
     0     0 7708.54829    0   43 8664.71006 7708.54829  11.0%     -    0s
     0     0 7708.54829    0   49 8664.71006 7708.54829  11.0%     -    0s
     0     0 7708.54829    0   52 8664.71006 7708.54829  11.0%     -    0s
     0     0 7708.54829    0   52 8664.71006 7708.54829  11.0%     -    0s
     0     0 7708.54829    0   52 8664.71006 7708.54829  11.0%     -    0s
     0     0 7708.54829    0   35 8664.71006 7708.54829  11.0%     -    0s
     0     2 7708.54829    0   22 8664.71006 7708.54829  11.0%     -    0s
  2736  2043 8442.52908   67   21 8664.71006 7708.54829  11.0%  62.8    5s
  4009  2527 infeasible   39      8664.71006 7708.54829  11.0%  75.6   10s
  6405  3258 7763.60965   47   36 8664.71006 7708.54829  11.0%  71.0   15s
  9313  4070 7714.30564   36  123 8664.71006 7708.54829  11.0%  76.9   20s
 10635  4613 8047.01842   53   56 8664.71006 7708.54829  11.0%  81.0   25s
 12223  5776 7709.02448   31  180 8664.71006 7708.54829  11.0%  84.7   30s
 13344  6616 8509.75676   50   38 8664.71006 7708.54829  11.0%  86.6   35s
 16050  8209 7711.07762   39  121 8664.71006 7708.54829  11.0%  89.9   40s
 18884 10058 8554.90759   55   22 8664.71006 7708.54829  11.0%  93.9   45s
 21700 11910 7710.09706   44  146 8664.71006 7708.63423  11.0%  95.2   51s
 23502 12868 8322.73473   57   26 8664.71006 7708.63592  11.0%  96.3   55s
 25555 14789 8305.47562   49   18 8664.71006 7708.63592  11.0%  97.0   61s
 28738 16386 8551.36290   51   51 8664.71006 7709.07400  11.0%  98.3   66s
 32078 18078 8224.49203   49   26 8664.71006 7709.38746  11.0%  98.1   71s
 34081 18712 infeasible   38      8664.71006 7709.38752  11.0%  98.4   75s
 36408 20146 8309.98883   56   26 8664.71006 7709.54504  11.0%  98.5   80s
 39548 22407 7759.60567   45  117 8664.71006 7710.00184  11.0%  99.2   86s
 43985 24173 8144.45736   54   28 8664.71006 7710.45274  11.0%  98.1   92s
 45820 24189 7745.06052   50  107 8664.71006 7710.64545  11.0%  98.0   95s
 45844 24190 7776.56845   51   35 8664.71006 7710.64545  11.0%  98.1  101s
 45856 24198 8594.39673   81   62 8664.71006 7710.64545  11.0%  98.0  105s
 45867 24205 7722.48918   29   18 8664.71006 7710.64545  11.0%  98.0  110s
 46213 24347 7716.58151   38   55 8664.71006 7710.64545  11.0%   100  115s
 47357 24813 7717.40657   46  142 8664.71006 7710.64545  11.0%   100  120s
 48523 25123 8128.81014   55   21 8664.71006 7710.64545  11.0%   101  125s
 49493 25482 7713.35016   44   63 8664.71006 7710.64545  11.0%   102  130s
 52457 26684 7852.38131   64  113 8664.71006 7710.64545  11.0%   103  135s
 54518 26982 7809.87428   60   40 8664.71006 7710.64545  11.0%   103  140s
 56216 27745 7719.96910   44  148 8664.71006 7710.64545  11.0%   104  145s
 58108 28211 7876.79329   47   30 8664.71006 7710.64545  11.0%   104  150s
 60973 29316 8509.99680   56   29 8664.71006 7710.64545  11.0%   104  156s
 63575 30339 8142.66209   53  102 8664.71006 7710.64545  11.0%   105  160s
 66693 31248 7727.81230   44  129 8664.71006 7710.64545  11.0%   105  166s
 68438 31274 7719.25826   52   57 8664.71006 7710.64545  11.0%   105  170s
 69455 32402 7719.34546   54   55 8664.71006 7710.64545  11.0%   105  175s
 73211 33487     cutoff   76      8664.71006 7710.64545  11.0%   105  181s
 75420 34221 7799.79356   76   81 8664.71006 7710.64545  11.0%   105  185s
 77960 35085 7767.80158   60   56 8664.71006 7710.64545  11.0%   105  190s
 79677 35103 7745.84554   49   39 8664.71006 7710.64545  11.0%   105  196s
 81485 36110 7745.84787   51   45 8664.71006 7710.64545  11.0%   105  202s
 82864 36683 7746.37007   52   41 8664.71006 7710.64545  11.0%   105  206s
 85424 37279 7802.28978   52   53 8664.71006 7710.64545  11.0%   105  212s
 86856 37745 7804.51891   53  138 8664.71006 7710.64545  11.0%   105  216s
 88334 38382 8171.56620   52  104 8664.71006 7710.64545  11.0%   105  220s
 90305 38244 8172.26910   53   49 8664.71006 7710.64545  11.0%   105  225s
 91140 39108 8506.28422   59   98 8664.71006 7710.64545  11.0%   105  231s
 92949 39936 7714.69666   45  147 8664.71006 7710.64545  11.0%   104  237s
 95337 40404 8085.79865   72   93 8664.71006 7710.64545  11.0%   104  242s
 97406 41374 8359.91916   59   57 8664.71006 7710.64545  11.0%   104  248s
 99835 41321 7878.51330   59   73 8664.71006 7710.64545  11.0%   104  254s
 101004 41648 7729.72047   56   61 8664.71006 7710.64545  11.0%   104  259s
 101789 41387 7775.00689   59   73 8664.71006 7710.81619  11.0%   104  260s
 102086 41992 7732.10918   57   67 8664.71006 7710.81619  11.0%   104  265s
 103164 43263 7732.22889   58   60 8664.71006 7710.92937  11.0%   104  272s
 105611 44031 7747.23066   59   48 8664.71006 7710.97865  11.0%   104  280s
 108083 44735 7718.30005   40  147 8664.71006 7711.05631  11.0%   104  288s
 110689 43885 7715.17664   42  109 8664.71006 7711.19379  11.0%   104  291s
 110732 44238 7717.04690   44  121 8664.71006 7711.19379  11.0%   104  297s
 111273 44354 7718.88403   44   38 8664.71006 7711.21318  11.0%   104  300s

Cutting planes:
  Learned: 101
  Gomory: 35
  Cover: 361
  Implied bound: 520
  Projected implied bound: 13
  Clique: 224
  MIR: 625
  Mixing: 1
  StrongCG: 7
  Flow cover: 1872
  Inf proof: 14
  Zero half: 1
  RLT: 35
  Relax-and-lift: 189
  BQP: 4
  PSD: 1

Explored 111784 nodes (11632063 simplex iterations) in 300.66 seconds (130.80 work units)
Thread count was 20 (of 20 available processors)

Solution count 1: 8664.71 

Time limit reached
Best objective 8.664710060987e+03, best bound 7.711230030879e+03, gap 11.0042%
Best Master Problem Solution: Objective = 8664.71, Bound = 7711.23
LB remains unchanged: LB = 7724.39
[BigM] OC block l=1: dual_hits=20, primal_hits=0
  - OC1.F5[c=3]: dual=1e+04 hits M=1e+04
  - OC1.F9_1[0,0,2]: dual=1e+04 hits M=1e+04
  - OC1.F9_1[0,0,3]: dual=1e+04 hits M=1e+04
  - OC1.F9_1[1,0,2]: dual=1e+04 hits M=1e+04
  - OC1.F9_1[1,0,4]: dual=1e+04 hits M=1e+04
  - OC1.F9_1[2,0,2]: dual=1e+04 hits M=1e+04
  - OC1.F9_1[5,0,4]: dual=1e+04 hits M=1e+04
  - OC1.F9_1[5,1,2]: dual=1e+04 hits M=1e+04
  - OC1.F9_2[1,0,1]: dual=1e+04 hits M=1e+04
  - OC1.F9_2[2,0,1]: dual=1e+04 hits M=1e+04
  - OC1.F9_2[3,0,1]: dual=1e+04 hits M=1e+04
  - OC1.F9_2[4,0,1]: dual=1e+04 hits M=1e+04
  - OC1.pi_q_scw[2,0,1]: dual=1e+04 hits M=1e+04
  - OC1.pi_q_scw[2,1,1]: dual=1e+04 hits M=1e+04
  - OC1.pi_q_scw[2,2,1]: dual=1e+04 hits M=1e+04
  - OC1.pi_q_scw[2,3,1]: dual=1e+04 hits M=1e+04
  - OC1.pi_q_scw[2,4,1]: dual=1e+04 hits M=1e+04
  - OC1.pi_q_scw[2,5,1]: dual=1e+04 hits M=1e+04
  - OC1.pi_r_sw[2,1]: dual=1e+04 hits M=1e+04
  - OC1.pi_y_cwh[4,0,2]: dual=1e+04 hits M=1e+04
[BigM] OC block l=2: dual_hits=36, primal_hits=0
  - OC2.F5[c=2]: dual=1e+04 hits M=1e+04
  - OC2.F9_1[0,0,0]: dual=1e+04 hits M=1e+04
  - OC2.F9_1[0,0,4]: dual=1e+04 hits M=1e+04
  - OC2.F9_1[0,1,3]: dual=1e+04 hits M=1e+04
  - OC2.F9_1[1,0,0]: dual=1e+04 hits M=1e+04
  - OC2.F9_1[1,0,2]: dual=1e+04 hits M=1e+04
  - OC2.F9_1[1,1,2]: dual=1e+04 hits M=1e+04
  - OC2.F9_1[2,0,0]: dual=1e+04 hits M=1e+04
  - OC2.F9_1[2,0,3]: dual=1e+04 hits M=1e+04
  - OC2.F9_1[2,0,4]: dual=1e+04 hits M=1e+04
  - OC2.F9_1[2,1,2]: dual=1e+04 hits M=1e+04
  - OC2.F9_1[2,1,4]: dual=1e+04 hits M=1e+04
  - OC2.F9_1[3,0,0]: dual=1e+04 hits M=1e+04
  - OC2.F9_1[3,0,2]: dual=1e+04 hits M=1e+04
  - OC2.F9_1[3,0,4]: dual=1e+04 hits M=1e+04
  - OC2.F9_1[3,1,2]: dual=1e+04 hits M=1e+04
  - OC2.F9_1[4,0,0]: dual=1e+04 hits M=1e+04
  - OC2.F9_1[4,0,2]: dual=1e+04 hits M=1e+04
  - OC2.F9_1[4,0,3]: dual=1e+04 hits M=1e+04
  - OC2.F9_1[4,0,4]: dual=1e+04 hits M=1e+04
  - OC2.F9_1[4,1,3]: dual=1e+04 hits M=1e+04
  - OC2.F9_1[5,0,0]: dual=1e+04 hits M=1e+04
  - OC2.F9_1[5,0,2]: dual=1e+04 hits M=1e+04
  - OC2.F9_1[5,0,3]: dual=1e+04 hits M=1e+04
  - OC2.F9_1[5,1,1]: dual=1e+04 hits M=1e+04
  - OC2.F9_1[5,1,4]: dual=1e+04 hits M=1e+04
  - OC2.F9_2[2,1,0]: dual=1e+04 hits M=1e+04
  - OC2.F9_3[2,1,0]: dual=1e+04 hits M=1e+04
  - OC2.pi_y_cwh[0,0,0]: dual=1e+04 hits M=1e+04
  - OC2.pi_y_cwh[1,0,0]: dual=1e+04 hits M=1e+04
  - OC2.pi_y_cwh[2,0,0]: dual=1e+04 hits M=1e+04
  - OC2.pi_y_cwh[2,0,2]: dual=1e+04 hits M=1e+04
  - OC2.pi_y_cwh[2,1,1]: dual=1e+04 hits M=1e+04
  - OC2.pi_y_cwh[3,0,0]: dual=1e+04 hits M=1e+04
  - OC2.pi_y_cwh[4,0,0]: dual=1e+04 hits M=1e+04
  - OC2.pi_y_cwh[5,0,0]: dual=1e+04 hits M=1e+04
⚠ Master Problem solve time limit reached. Best solution found will be extracted.
Set parameter OutputFlag to value 1

Subproblem 1 model structure:

  → Total created variables: 214
  → Thereof binary variables: 18
  → Thereof continuous variables: 196
  → Total created constraints: 234

Set parameter TimeLimit to value 300

------------------------------------------------------------
Solving Subproblem 1...
------------------------------------------------------------
Gurobi Optimizer version 13.0.1 build v13.0.1rc0 (win64 - Windows Server 2022.0 (20348.2))

CPU model: AMD EPYC 7513 32-Core Processor, instruction set [SSE2|AVX|AVX2]
Thread count: 20 physical cores, 20 logical processors, using up to 20 threads

Non-default parameters:
TimeLimit  300

Optimize a model with 234 rows, 214 columns and 650 nonzeros (Min)
Model fingerprint: 0x4c2cec95
Model has 202 linear objective coefficients
Variable types: 196 continuous, 18 integer (18 binary)
Coefficient statistics:
  Matrix range     [1e+00, 2e+05]
  Objective range  [8e-02, 5e+02]
  Bounds range     [1e+00, 1e+00]
  RHS range        [1e+00, 4e+05]

Found heuristic solution: objective 2050106.5410
Presolve removed 194 rows and 86 columns
Presolve time: 0.01s
Presolved: 40 rows, 128 columns, 292 nonzeros
Found heuristic solution: objective 1958882.2632
Variable types: 110 continuous, 18 integer (18 binary)

Root relaxation: objective 1.686685e+06, 47 iterations, 0.00 seconds (0.00 work units)

    Nodes    |    Current Node    |     Objective Bounds      |     Work
 Expl Unexpl |  Obj  Depth IntInf | Incumbent    BestBd   Gap | It/Node Time

     0     0 1686685.36    0    6 1958882.26 1686685.36  13.9%     -    0s
H    0     0                    1779714.5046 1686685.36  5.23%     -    0s
H    0     0                    1775817.1549 1686685.36  5.02%     -    0s
     0     0 1718720.03    0    4 1775817.15 1718720.03  3.22%     -    0s
H    0     0                    1770116.2211 1719288.16  2.87%     -    0s
H    0     0                    1768791.5988 1727049.73  2.36%     -    0s
     0     0 1727049.73    0    2 1768791.60 1727049.73  2.36%     -    0s
     0     0 1727735.15    0    3 1768791.60 1727735.15  2.32%     -    0s
     0     0 1727735.24    0    3 1768791.60 1727735.24  2.32%     -    0s
H    0     0                    1728999.9189 1727735.24  0.07%     -    0s
     0     0          -    0      1728999.92 1728946.53  0.00%     -    0s

Cutting planes:
  Gomory: 2
  Implied bound: 3
  MIR: 6
  RLT: 1

Explored 1 nodes (83 simplex iterations) in 0.13 seconds (0.00 work units)
Thread count was 20 (of 20 available processors)

Solution count 7: 1.729e+06 1.76879e+06 1.77012e+06 ... 2.05011e+06

Optimal solution found (tolerance 1.00e-04)
Best objective 1.728999918941e+06, best bound 1.728946525370e+06, gap 0.0031%
✓ Subproblem 1 solved optimally.
Subproblem 1 Solution: 1728999.92
Binary combination in SP1: x_ck = {(0, 0): 1, (0, 1): 0, (0, 2): 0, (1, 0): 1, (1, 1): 0, (1, 2): 0, (2, 0): 0, (2, 1): 0, (2, 2): 0, (3, 0): 1, (3, 1): 0, (3, 2): 0, (4, 0): 1, (4, 1): 0, (4, 2): 0, (5, 0): 1, (5, 1): 0, (5, 2): 0}
Set parameter OutputFlag to value 1

Subproblem 2 model structure:

  → Total created variables: 214
  → Thereof binary variables: 18
  → Thereof continuous variables: 196
  → Total created constraints: 237

Set parameter TimeLimit to value 1800

------------------------------------------------------------
Solving Subproblem 2...
------------------------------------------------------------
Gurobi Optimizer version 13.0.1 build v13.0.1rc0 (win64 - Windows Server 2022.0 (20348.2))

CPU model: AMD EPYC 7513 32-Core Processor, instruction set [SSE2|AVX|AVX2]
Thread count: 20 physical cores, 20 logical processors, using up to 20 threads

Non-default parameters:
TimeLimit  1800

Optimize a model with 237 rows, 214 columns and 916 nonzeros (Min)
Model fingerprint: 0x4af13152
Model has 184 linear objective coefficients and an objective constant of 1.6692371199900547e+03
Variable types: 196 continuous, 18 integer (18 binary)
Coefficient statistics:
  Matrix range     [8e-02, 2e+05]
  Objective range  [1e-01, 3e+00]
  Bounds range     [1e+00, 1e+00]
  RHS range        [1e+00, 2e+06]

Presolve removed 183 rows and 74 columns
Presolve time: 0.01s
Presolved: 54 rows, 140 columns, 453 nonzeros
Variable types: 122 continuous, 18 integer (18 binary)

Root relaxation: objective 7.858909e+03, 61 iterations, 0.00 seconds (0.00 work units)

    Nodes    |    Current Node    |     Objective Bounds      |     Work
 Expl Unexpl |  Obj  Depth IntInf | Incumbent    BestBd   Gap | It/Node Time

     0     0 7858.90930    0    6          - 7858.90930      -     -    0s
     0     0 8434.30835    0    6          - 8434.30835      -     -    0s
     0     0 8587.34331    0    2          - 8587.34331      -     -    0s
*    0     0               0    8659.4482597 8659.44826  0.00%     -    0s

Cutting planes:
  Gomory: 1
  Implied bound: 4
  MIR: 4
  RLT: 1

Explored 1 nodes (111 simplex iterations) in 0.11 seconds (0.00 work units)
Thread count was 20 (of 20 available processors)

Solution count 1: 8659.45 

Optimal solution found (tolerance 1.00e-04)
Best objective 8.659448259676e+03, best bound 8.659448259676e+03, gap 0.0000%
✓ Subproblem 2 solved optimally.
Subproblem 2 feasible. Upper Bound remains: UB = 8659.45
Binary combination in SP2: x_ck = {(0, 0): 1, (0, 1): 0, (0, 2): 0, (1, 0): 1, (1, 1): 0, (1, 2): 0, (2, 0): 0, (2, 1): 0, (2, 2): 0, (3, 0): 1, (3, 1): 0, (3, 2): 0, (4, 0): 1, (4, 1): 0, (4, 2): 0, (5, 0): 1, (5, 1): 0, (5, 2): 0}
Adding KKT OC block based on x_ck of SP2 solution to cut off current leader solution.

----------------------------------------------------------------------
End of Iteration 3 Summary:
  LB = 7724.39, UB = 8659.45, Gap = 935.06, Cut added from SP2
----------------------------------------------------------------------

======================================================================
Iteration 4
Current bounds: LB = 7724.39, UB = 8659.45, Gap = 935.06
======================================================================
Set parameter MIPFocus to value 0

------------------------------------------------------------
Solving Master Problem...
------------------------------------------------------------

Master Problem model structure:

  → Total variables: 3538
  → Thereof binary variables: 1210
  → Thereof continuous variables: 2328

  → Total constraints: 3927
Set parameter TimeLimit to value 300
Set parameter ScaleFlag to value 2
Set parameter FeasibilityTol to value 1e-06
Set parameter OptimalityTol to value 1e-06
Set parameter IntFeasTol to value 1e-06
Gurobi Optimizer version 13.0.1 build v13.0.1rc0 (win64 - Windows Server 2022.0 (20348.2))

CPU model: AMD EPYC 7513 32-Core Processor, instruction set [SSE2|AVX|AVX2]
Thread count: 20 physical cores, 20 logical processors, using up to 20 threads

Non-default parameters:
TimeLimit  300
IntFeasTol  1e-06
ScaleFlag  2

Optimize a model with 3927 rows, 3538 columns and 14074 nonzeros (Min)
Model fingerprint: 0x505e1710
Model has 456 linear objective coefficients
Variable types: 2328 continuous, 1210 integer (1210 binary)
Coefficient statistics:
  Matrix range     [8e-02, 2e+05]
  Objective range  [6e-03, 3e+00]
  Bounds range     [1e+00, 1e+00]
  RHS range        [8e-02, 2e+06]

MIP start from previous solve produced solution with objective 8664.71 (0.15s)
MIP start from previous solve produced solution with objective 8664.71 (0.15s)
Loaded MIP start from previous solve with objective 8664.71

Presolve removed 966 rows and 769 columns
Presolve time: 0.07s
Presolved: 2961 rows, 2769 columns, 10857 nonzeros
Variable types: 1985 continuous, 784 integer (784 binary)

Root relaxation: objective 7.413381e+03, 1311 iterations, 0.03 seconds (0.02 work units)

    Nodes    |    Current Node    |     Objective Bounds      |     Work
 Expl Unexpl |  Obj  Depth IntInf | Incumbent    BestBd   Gap | It/Node Time

     0     0 7413.38082    0   42 8664.71006 7413.38082  14.4%     -    0s
     0     0 7670.82790    0   64 8664.71006 7670.82790  11.5%     -    0s
     0     0 7703.05834    0   46 8664.71006 7703.05834  11.1%     -    0s
     0     0 7703.05834    0   45 8664.71006 7703.05834  11.1%     -    0s
     0     0 7706.98318    0   57 8664.71006 7706.98318  11.1%     -    0s
     0     0 7706.98318    0   59 8664.71006 7706.98318  11.1%     -    0s
     0     0 7706.98318    0   46 8664.71006 7706.98318  11.1%     -    0s
     0     0 7706.98318    0   36 8664.71006 7706.98318  11.1%     -    0s
     0     0 7706.98318    0   31 8664.71006 7706.98318  11.1%     -    0s
     0     0 7708.54829    0   40 8664.71006 7708.54829  11.0%     -    0s
     0     0 7708.54829    0   35 8664.71006 7708.54829  11.0%     -    0s
     0     0 7708.54829    0   27 8664.71006 7708.54829  11.0%     -    0s
     0     0 7708.54829    0   27 8664.71006 7708.54829  11.0%     -    0s
     0     0 7708.54829    0   30 8664.71006 7708.54829  11.0%     -    0s
     0     0 7708.54829    0   26 8664.71006 7708.54829  11.0%     -    0s
     0     0 7708.54829    0   27 8664.71006 7708.54829  11.0%     -    0s
     0     0 7708.54829    0   26 8664.71006 7708.54829  11.0%     -    1s
     0     0 7708.54829    0   26 8664.71006 7708.54829  11.0%     -    1s
     0     0 7708.54829    0   26 8664.71006 7708.54829  11.0%     -    1s
     0     0 7708.54829    0   26 8664.71006 7708.54829  11.0%     -    1s
     0     2 7708.54829    0   20 8664.71006 7708.54829  11.0%     -    1s
  2459  2061 7751.14156   52   25 8664.71006 7708.54829  11.0%  77.4    5s
  3495  2230 7762.07425   39   77 8664.71006 7708.54829  11.0%  97.5   10s
H 4768  2649                    8664.6915416 7708.54829  11.0%  94.5   13s
  5308  2863 7708.54829   49   39 8664.69154 7708.54829  11.0%  93.2   15s
  7778  3672 7976.86690   59   50 8664.69154 7708.54829  11.0%   101   20s
  9631  4312 8211.70794   47   59 8664.69154 7708.54829  11.0%   100   25s
 11538  5448 7714.05916   38   33 8664.69154 7708.54829  11.0%   103   30s
 13549  7090 7887.22895   47   77 8664.69154 7708.54829  11.0%   105   35s
 14996  7908 7708.54829   35   33 8664.69154 7708.54829  11.0%   106   40s
 18261  9635 8064.17765   43   48 8664.69154 7708.54829  11.0%   108   46s
 19505 11124 7753.82409   49   30 8664.69154 7708.54829  11.0%   107   50s
 22305 12898 7748.79270   50   55 8664.69154 7708.54829  11.0%   106   55s
 24683 14690 8452.73326   55   66 8664.69154 7708.54829  11.0%   105   60s
 28213 17044 7717.48744   53   36 8664.69154 7708.54829  11.0%   105   65s
 31758 18928 7712.62579   52   39 8664.69154 7708.54829  11.0%   103   71s
 33851 20077 7729.48043   36   53 8664.69154 7708.54829  11.0%   101   75s
 36112 22481 8086.82643   64   60 8664.69154 7708.54829  11.0%   100   82s
 37776 23664 8537.78802   69   27 8664.69154 7708.54829  11.0%  98.6   85s
 40914 25746 8641.92789   68   41 8664.69154 7708.54829  11.0%  97.4   91s
 43587 27516     cutoff   66      8664.69154 7708.54829  11.0%  96.9   97s
 45560 29123 7711.95137   46   55 8664.69154 7708.54829  11.0%  96.6  100s
 48010 29124 7732.24138   44   57 8664.69154 7708.54829  11.0%  95.5  107s
 48023 29133 7713.09374   40   12 8664.69154 7708.54829  11.0%  95.5  110s
 48034 29140 7731.71291   44   32 8664.69154 7708.54829  11.0%  95.4  115s
 48440 29284 7737.42667   50   30 8664.69154 7708.54829  11.0%  97.4  120s
 48814 29407 7832.35303   75   30 8664.69154 7708.54829  11.0%  97.9  125s
 49482 29633 8386.33681   80   34 8664.69154 7708.54829  11.0%  98.4  130s
 50710 30240 7844.49604   52   73 8664.69154 7708.54829  11.0%  99.3  135s
 54202 31506 8452.66045   97   33 8664.69154 7708.54829  11.0%   100  140s
 56545 32155 8330.01045   91   17 8664.69154 7708.54829  11.0%   101  145s
 57709 32693 7710.38492   48  173 8664.69154 7708.54829  11.0%   101  150s
 59789 33522 7717.69807   55  104 8664.69154 7708.54829  11.0%   102  155s
 62535 34527 7711.26050   53   49 8664.69154 7708.54829  11.0%   102  160s
 65262 35476 7708.67580   49  117 8664.69154 7708.54829  11.0%   103  165s
 68227 36179 7846.08358   52   93 8664.69154 7708.54829  11.0%   104  171s
 70359 36154 7710.17216   45  137 8664.69154 7708.54829  11.0%   104  175s
 71437 37247 8043.52869   59   46 8664.69154 7708.54829  11.0%   104  181s
 73700 37677 infeasible   82      8664.69154 7708.54829  11.0%   104  186s
 76079 38316 7966.94558   50   63 8664.69154 7708.54829  11.0%   104  191s
 78954 38962 8342.21964   61   41 8664.69154 7708.54829  11.0%   104  197s
 81390 39550 8046.01128   61   33 8664.69154 7708.59852  11.0%   105  202s
 82736 39682 8263.77437   62   41 8664.69154 7708.60538  11.0%   105  205s
 84156 39287 7860.33099   58   99 8664.69154 7708.60538  11.0%   105  211s
 84641 39822 8261.92242   63   34 8664.69154 7708.60538  11.0%   105  216s
 87106 40661 8383.61137   58   55 8664.69154 7708.60545  11.0%   106  224s
 88781 41266 7764.65875   54  102 8664.69154 7708.60545  11.0%   107  229s
 90840 41520 7759.79481   47  122 8664.69154 7708.65559  11.0%   107  234s
 92565 41956 7901.51842   54   61 8664.69154 7708.70499  11.0%   107  239s
 94414 41596 7833.63380   49   78 8664.69154 7708.82294  11.0%   108  244s
 94880 46123 8362.18531   50   47 8664.69154 7708.84178  11.0%   108  288s
 103157 43825 7709.87875   48   84 8664.69154 7709.11633  11.0%   110  297s
 104001 43958 7709.88400   49   85 8664.69154 7709.11671  11.0%   110  300s

Cutting planes:
  Learned: 87
  Gomory: 35
  Cover: 320
  Implied bound: 481
  Projected implied bound: 16
  Clique: 203
  MIR: 593
  Mixing: 5
  StrongCG: 13
  Flow cover: 1994
  Inf proof: 5
  Zero half: 1
  RLT: 42
  Relax-and-lift: 202
  BQP: 11
  PSD: 2

Explored 104626 nodes (11512095 simplex iterations) in 300.46 seconds (118.01 work units)
Thread count was 20 (of 20 available processors)

Solution count 2: 8664.69 8664.71 

Time limit reached
Best objective 8.664691541607e+03, best bound 7.709146411229e+03, gap 11.0280%
Best Master Problem Solution: Objective = 8664.69, Bound = 7709.15
LB remains unchanged: LB = 7724.39
[BigM] OC block l=1: dual_hits=29, primal_hits=0
  - OC1.F5[c=3]: dual=1e+04 hits M=1e+04
  - OC1.F9_1[0,0,2]: dual=1e+04 hits M=1e+04
  - OC1.F9_1[0,0,3]: dual=1e+04 hits M=1e+04
  - OC1.F9_1[0,0,4]: dual=1e+04 hits M=1e+04
  - OC1.F9_1[1,0,3]: dual=1e+04 hits M=1e+04
  - OC1.F9_1[1,0,4]: dual=1e+04 hits M=1e+04
  - OC1.F9_1[1,1,2]: dual=1e+04 hits M=1e+04
  - OC1.F9_1[2,1,1]: dual=1e+04 hits M=1e+04
  - OC1.F9_1[2,1,3]: dual=1e+04 hits M=1e+04
  - OC1.F9_1[3,0,2]: dual=1e+04 hits M=1e+04
  - OC1.F9_1[3,0,4]: dual=1e+04 hits M=1e+04
  - OC1.F9_1[3,1,2]: dual=1e+04 hits M=1e+04
  - OC1.F9_1[3,1,3]: dual=1e+04 hits M=1e+04
  - OC1.F9_1[4,0,3]: dual=1e+04 hits M=1e+04
  - OC1.F9_1[5,1,3]: dual=1e+04 hits M=1e+04
  - OC1.pi_q_scw[2,0,1]: dual=1e+04 hits M=1e+04
  - OC1.pi_q_scw[2,1,1]: dual=1e+04 hits M=1e+04
  - OC1.pi_q_scw[2,2,1]: dual=1e+04 hits M=1e+04
  - OC1.pi_q_scw[2,3,1]: dual=1e+04 hits M=1e+04
  - OC1.pi_q_scw[2,4,1]: dual=1e+04 hits M=1e+04
  - OC1.pi_q_scw[2,5,1]: dual=1e+04 hits M=1e+04
  - OC1.pi_q_scw[4,0,1]: dual=1e+04 hits M=1e+04
  - OC1.pi_q_scw[4,1,1]: dual=1e+04 hits M=1e+04
  - OC1.pi_q_scw[4,2,1]: dual=1e+04 hits M=1e+04
  - OC1.pi_q_scw[4,3,1]: dual=1e+04 hits M=1e+04
  - OC1.pi_q_scw[4,4,1]: dual=1e+04 hits M=1e+04
  - OC1.pi_q_scw[4,5,1]: dual=1e+04 hits M=1e+04
  - OC1.pi_r_sw[2,1]: dual=1e+04 hits M=1e+04
  - OC1.pi_r_sw[4,1]: dual=1e+04 hits M=1e+04
[BigM] OC block l=2: dual_hits=9, primal_hits=0
  - OC2.F5[c=2]: dual=1e+04 hits M=1e+04
  - OC2.F9_1[0,0,4]: dual=1e+04 hits M=1e+04
  - OC2.F9_1[1,0,4]: dual=1e+04 hits M=1e+04
  - OC2.F9_1[1,1,2]: dual=1e+04 hits M=1e+04
  - OC2.F9_1[2,1,1]: dual=1e+04 hits M=1e+04
  - OC2.F9_1[4,1,1]: dual=1e+04 hits M=1e+04
  - OC2.F9_1[4,1,2]: dual=1e+04 hits M=1e+04
  - OC2.pi_q_scw[2,2,1]: dual=1e+04 hits M=1e+04
  - OC2.pi_q_scw[4,2,1]: dual=1e+04 hits M=1e+04
[BigM] OC block l=3: dual_hits=9, primal_hits=0
  - OC3.F5[c=2]: dual=1e+04 hits M=1e+04
  - OC3.F9_1[0,0,4]: dual=1e+04 hits M=1e+04
  - OC3.F9_1[1,0,4]: dual=1e+04 hits M=1e+04
  - OC3.F9_1[1,1,2]: dual=1e+04 hits M=1e+04
  - OC3.F9_1[2,1,1]: dual=1e+04 hits M=1e+04
  - OC3.F9_1[4,1,1]: dual=1e+04 hits M=1e+04
  - OC3.F9_1[4,1,2]: dual=1e+04 hits M=1e+04
  - OC3.pi_q_scw[2,2,1]: dual=1e+04 hits M=1e+04
  - OC3.pi_q_scw[4,2,1]: dual=1e+04 hits M=1e+04
⚠ Master Problem solve time limit reached. Best solution found will be extracted.
Set parameter OutputFlag to value 1

Subproblem 1 model structure:

  → Total created variables: 214
  → Thereof binary variables: 18
  → Thereof continuous variables: 196
  → Total created constraints: 234

Set parameter TimeLimit to value 300

------------------------------------------------------------
Solving Subproblem 1...
------------------------------------------------------------
Gurobi Optimizer version 13.0.1 build v13.0.1rc0 (win64 - Windows Server 2022.0 (20348.2))

CPU model: AMD EPYC 7513 32-Core Processor, instruction set [SSE2|AVX|AVX2]
Thread count: 20 physical cores, 20 logical processors, using up to 20 threads

Non-default parameters:
TimeLimit  300

Optimize a model with 234 rows, 214 columns and 650 nonzeros (Min)
Model fingerprint: 0x96971c4e
Model has 202 linear objective coefficients
Variable types: 196 continuous, 18 integer (18 binary)
Coefficient statistics:
  Matrix range     [1e+00, 2e+05]
  Objective range  [8e-02, 5e+02]
  Bounds range     [1e+00, 1e+00]
  RHS range        [2e-13, 4e+05]

Found heuristic solution: objective 2050106.5410
Presolve removed 194 rows and 86 columns
Presolve time: 0.01s
Presolved: 40 rows, 128 columns, 292 nonzeros
Found heuristic solution: objective 1958882.2632
Variable types: 110 continuous, 18 integer (18 binary)

Root relaxation: objective 1.686685e+06, 47 iterations, 0.00 seconds (0.00 work units)

    Nodes    |    Current Node    |     Objective Bounds      |     Work
 Expl Unexpl |  Obj  Depth IntInf | Incumbent    BestBd   Gap | It/Node Time

     0     0 1686685.36    0    6 1958882.26 1686685.36  13.9%     -    0s
H    0     0                    1779714.5046 1686685.36  5.23%     -    0s
H    0     0                    1733766.6584 1686685.36  2.72%     -    0s
     0     0 1717851.38    0    3 1733766.66 1717851.38  0.92%     -    0s
     0     0 1721418.97    0    3 1733766.66 1721418.97  0.71%     -    0s
H    0     0                    1728999.9189 1721418.97  0.44%     -    0s
     0     0          -    0      1728999.92 1728918.63  0.00%     -    0s

Cutting planes:
  Implied bound: 3
  MIR: 5
  RLT: 1

Explored 1 nodes (71 simplex iterations) in 0.10 seconds (0.00 work units)
Thread count was 20 (of 20 available processors)

Solution count 5: 1.729e+06 1.73377e+06 1.77971e+06 ... 2.05011e+06

Optimal solution found (tolerance 1.00e-04)
Best objective 1.728999918940e+06, best bound 1.728918627285e+06, gap 0.0047%
✓ Subproblem 1 solved optimally.
Subproblem 1 Solution: 1728999.92
Binary combination in SP1: x_ck = {(0, 0): 1, (0, 1): 0, (0, 2): 0, (1, 0): 1, (1, 1): 0, (1, 2): 0, (2, 0): 0, (2, 1): 0, (2, 2): 0, (3, 0): 1, (3, 1): 0, (3, 2): 0, (4, 0): 1, (4, 1): 0, (4, 2): 0, (5, 0): 1, (5, 1): 0, (5, 2): 0}
Set parameter OutputFlag to value 1

Subproblem 2 model structure:

  → Total created variables: 214
  → Thereof binary variables: 18
  → Thereof continuous variables: 196
  → Total created constraints: 237

Set parameter TimeLimit to value 1800

------------------------------------------------------------
Solving Subproblem 2...
------------------------------------------------------------
Gurobi Optimizer version 13.0.1 build v13.0.1rc0 (win64 - Windows Server 2022.0 (20348.2))

CPU model: AMD EPYC 7513 32-Core Processor, instruction set [SSE2|AVX|AVX2]
Thread count: 20 physical cores, 20 logical processors, using up to 20 threads

Non-default parameters:
TimeLimit  1800

Optimize a model with 237 rows, 214 columns and 916 nonzeros (Min)
Model fingerprint: 0x024661df
Model has 184 linear objective coefficients and an objective constant of 1.6692371219591205e+03
Variable types: 196 continuous, 18 integer (18 binary)
Coefficient statistics:
  Matrix range     [8e-02, 2e+05]
  Objective range  [1e-01, 3e+00]
  Bounds range     [1e+00, 1e+00]
  RHS range        [2e-13, 2e+06]

Presolve removed 183 rows and 74 columns
Presolve time: 0.01s
Presolved: 54 rows, 140 columns, 453 nonzeros
Variable types: 122 continuous, 18 integer (18 binary)

Root relaxation: objective 7.858909e+03, 61 iterations, 0.00 seconds (0.00 work units)

    Nodes    |    Current Node    |     Objective Bounds      |     Work
 Expl Unexpl |  Obj  Depth IntInf | Incumbent    BestBd   Gap | It/Node Time

     0     0 7858.90930    0    6          - 7858.90930      -     -    0s
     0     0 8434.30835    0    6          - 8434.30835      -     -    0s
     0     0 8587.34331    0    2          - 8587.34331      -     -    0s
*    0     0               0    8659.4482588 8659.44826  0.00%     -    0s

Cutting planes:
  Gomory: 1
  Implied bound: 4
  MIR: 4
  RLT: 1

Explored 1 nodes (111 simplex iterations) in 0.11 seconds (0.00 work units)
Thread count was 20 (of 20 available processors)

Solution count 1: 8659.45 

Optimal solution found (tolerance 1.00e-04)
Best objective 8.659448258819e+03, best bound 8.659448258819e+03, gap 0.0000%
✓ Subproblem 2 solved optimally.
Subproblem 2 feasible. Updated Upper Bound: UB = 8659.45
Binary combination in SP2: x_ck = {(0, 0): 1, (0, 1): 0, (0, 2): 0, (1, 0): 1, (1, 1): 0, (1, 2): 0, (2, 0): 0, (2, 1): 0, (2, 2): 0, (3, 0): 1, (3, 1): 0, (3, 2): 0, (4, 0): 1, (4, 1): 0, (4, 2): 0, (5, 0): 1, (5, 1): 0, (5, 2): 0}
Adding KKT OC block based on x_ck of SP2 solution to cut off current leader solution.

----------------------------------------------------------------------
End of Iteration 4 Summary:
  LB = 7724.39, UB = 8659.45, Gap = 935.06, Cut added from SP2
----------------------------------------------------------------------

######################################################################
Finished Yue-KKT Decomposition run.
Iterations 4
Final LB = 7724.39
Final UB = 8659.45
Final Gap = 935.06 (tolerance Xi = 10)

Best Solution found:
Master Problem Solution (Leader Decisions):
MasterSolution(mp_obj=8664.691541607195, q_gsw={(0, 0, 0): 426.0, (0, 0, 1): 430.0, (0, 1, 0): 0.0, (0, 1, 1): 68.0, (0, 2, 0): 0.0, (0, 2, 1): 0.0, (0, 3, 0): 0.0, (0, 3, 1): 0.0, (0, 4, 0): 0.0, (0, 4, 1): 0.0, (0, 5, 0): 0.0, (0, 5, 1): 0.0, (0, 6, 0): 0.0, (0, 6, 1): 0.0, (0, 7, 0): 0.0, (0, 7, 1): 0.0, (1, 0, 0): 0.0, (1, 0, 1): 0.0, (1, 1, 0): 411.0, (1, 1, 1): 29.0, (1, 2, 0): 0.0, (1, 2, 1): 0.0, (1, 3, 0): 0.0, (1, 3, 1): 0.0, (1, 4, 0): 0.0, (1, 4, 1): 0.0, (1, 5, 0): 0.0, (1, 5, 1): 160.0, (1, 6, 0): 0.0, (1, 6, 1): 0.0, (1, 7, 0): 0.0, (1, 7, 1): 0.0, (2, 0, 0): 0.0, (2, 0, 1): 0.0, (2, 1, 0): 0.0, (2, 1, 1): 0.0, (2, 2, 0): 141.0, (2, 2, 1): 136.0, (2, 3, 0): 0.0, (2, 3, 1): 0.0, (2, 4, 0): 0.0, (2, 4, 1): 0.0, (2, 5, 0): 0.0, (2, 5, 1): 0.0, (2, 6, 0): 0.0, (2, 6, 1): 0.0, (2, 7, 0): 0.0, (2, 7, 1): 0.0, (3, 0, 0): 0.0, (3, 0, 1): 0.0, (3, 1, 0): 0.0, (3, 1, 1): 0.0, (3, 2, 0): 0.0, (3, 2, 1): 0.0, (3, 3, 0): 734.0, (3, 3, 1): 566.0, (3, 4, 0): 141.0, (3, 4, 1): 0.0, (3, 5, 0): 0.0, (3, 5, 1): 0.0, (3, 6, 0): 0.0, (3, 6, 1): 0.0, (3, 7, 0): 0.0, (3, 7, 1): 0.0, (4, 0, 0): 0.0, (4, 0, 1): 0.0, (4, 1, 0): 0.0, (4, 1, 1): 0.0, (4, 2, 0): 0.0, (4, 2, 1): 464.0, (4, 3, 0): 0.0, (4, 3, 1): 0.0, (4, 4, 0): 959.0, (4, 4, 1): 0.0, (4, 5, 0): 0.0, (4, 5, 1): 0.0, (4, 6, 0): 0.0, (4, 6, 1): 0.0, (4, 7, 0): 0.0, (4, 7, 1): 0.0, (5, 0, 0): 0.0, (5, 0, 1): 0.0, (5, 1, 0): 0.0, (5, 1, 1): 0.0, (5, 2, 0): 0.0, (5, 2, 1): 0.0, (5, 3, 0): 0.0, (5, 3, 1): 0.0, (5, 4, 0): 0.0, (5, 4, 1): 0.0, (5, 5, 0): 577.0, (5, 5, 1): 343.0, (5, 6, 0): 0.0, (5, 6, 1): 0.0, (5, 7, 0): 0.0, (5, 7, 1): 0.0, (6, 0, 0): 0.0, (6, 0, 1): 0.0, (6, 1, 0): 0.0, (6, 1, 1): 0.0, (6, 2, 0): 0.0, (6, 2, 1): 140.0, (6, 3, 0): 0.0, (6, 3, 1): 0.0, (6, 4, 0): 0.0, (6, 4, 1): 0.0, (6, 5, 0): 0.0, (6, 5, 1): 0.0, (6, 6, 0): 651.0, (6, 6, 1): 539.0, (6, 7, 0): 0.0, (6, 7, 1): 0.0, (7, 0, 0): 0.0, (7, 0, 1): 0.0, (7, 1, 0): 0.0, (7, 1, 1): 0.0, (7, 2, 0): 0.0, (7, 2, 1): 4.182905217573534, (7, 3, 0): 0.0, (7, 3, 1): 0.0, (7, 4, 0): 0.0, (7, 4, 1): 0.0, (7, 5, 0): 0.0, (7, 5, 1): 0.0, (7, 6, 0): 0.0, (7, 6, 1): 0.0, (7, 7, 0): 589.0, (7, 7, 1): 399.81709478242647}, q_slw={(0, 0, 0): 0.0, (0, 0, 1): 0.0, (0, 1, 0): 0.0, (0, 1, 1): 0.0, (0, 2, 0): 0.0, (0, 2, 1): 0.0, (1, 0, 0): 0.0, (1, 0, 1): 0.0, (1, 1, 0): 0.0, (1, 1, 1): 0.0, (1, 2, 0): 0.0, (1, 2, 1): 0.0, (2, 0, 0): 0.0, (2, 0, 1): 0.0, (2, 1, 0): 0.0, (2, 1, 1): 744.1829052175738, (2, 2, 0): 0.0, (2, 2, 1): 0.0, (3, 0, 0): 0.0, (3, 0, 1): 0.0, (3, 1, 0): 0.0, (3, 1, 1): 0.0, (3, 2, 0): 0.0, (3, 2, 1): 404.15, (4, 0, 0): 0.0, (4, 0, 1): 0.0, (4, 1, 0): 0.0, (4, 1, 1): 0.0, (4, 2, 0): 0.0, (4, 2, 1): 0.0, (5, 0, 0): 0.0, (5, 0, 1): 0.0, (5, 1, 0): 0.0, (5, 1, 1): 0.0, (5, 2, 0): 0.0, (5, 2, 1): 0.0, (6, 0, 0): 0.0, (6, 0, 1): 0.0, (6, 1, 0): 0.0, (6, 1, 1): 0.0, (6, 2, 0): 0.0, (6, 2, 1): 0.0, (7, 0, 0): 0.0, (7, 0, 1): 0.0, (7, 1, 0): 0.0, (7, 1, 1): 0.0, (7, 2, 0): 0.0, (7, 2, 1): 0.0}, q_siw={(0, 0, 0): 0.0, (0, 0, 1): 0.0, (0, 1, 0): 0.0, (0, 1, 1): 0.0, (0, 2, 0): 0.0, (0, 2, 1): 0.0, (0, 3, 0): 0.0, (0, 3, 1): 0.0, (0, 4, 0): 0.0, (0, 4, 1): 0.0, (0, 5, 0): 0.0, (0, 5, 1): 0.0, (1, 0, 0): 0.0, (1, 0, 1): 0.0, (1, 1, 0): 0.0, (1, 1, 1): 0.0, (1, 2, 0): 0.0, (1, 2, 1): 0.0, (1, 3, 0): 0.0, (1, 3, 1): 0.0, (1, 4, 0): 0.0, (1, 4, 1): 0.0, (1, 5, 0): 0.0, (1, 5, 1): 0.0, (2, 0, 0): 0.0, (2, 0, 1): 0.0, (2, 1, 0): 0.0, (2, 1, 1): 0.0, (2, 2, 0): 0.0, (2, 2, 1): 0.0, (2, 3, 0): 0.0, (2, 3, 1): 0.0, (2, 4, 0): 0.0, (2, 4, 1): 0.0, (2, 5, 0): 0.0, (2, 5, 1): 0.0, (3, 0, 0): 0.0, (3, 0, 1): 0.0, (3, 1, 0): 0.0, (3, 1, 1): 0.0, (3, 2, 0): 0.0, (3, 2, 1): 0.0, (3, 3, 0): 0.0, (3, 3, 1): 0.0, (3, 4, 0): 0.0, (3, 4, 1): 0.0, (3, 5, 0): 0.0, (3, 5, 1): 0.0, (4, 0, 0): 0.0, (4, 0, 1): 0.0, (4, 1, 0): 0.0, (4, 1, 1): 0.0, (4, 2, 0): 0.0, (4, 2, 1): 0.0, (4, 3, 0): 0.0, (4, 3, 1): 0.0, (4, 4, 0): 0.0, (4, 4, 1): 0.0, (4, 5, 0): 0.0, (4, 5, 1): 0.0, (5, 0, 0): 0.0, (5, 0, 1): 0.0, (5, 1, 0): 0.0, (5, 1, 1): 0.0, (5, 2, 0): 0.0, (5, 2, 1): 0.0, (5, 3, 0): 0.0, (5, 3, 1): 0.0, (5, 4, 0): 0.0, (5, 4, 1): 0.0, (5, 5, 0): 0.0, (5, 5, 1): 0.0, (6, 0, 0): 0.0, (6, 0, 1): 0.0, (6, 1, 0): 0.0, (6, 1, 1): 0.0, (6, 2, 0): 0.0, (6, 2, 1): 0.0, (6, 3, 0): 0.0, (6, 3, 1): 0.0, (6, 4, 0): 0.0, (6, 4, 1): 0.0, (6, 5, 0): 0.0, (6, 5, 1): 0.0, (7, 0, 0): 0.0, (7, 0, 1): 0.0, (7, 1, 0): 0.0, (7, 1, 1): 0.0, (7, 2, 0): 0.0, (7, 2, 1): 0.0, (7, 3, 0): 0.0, (7, 3, 1): 0.0, (7, 4, 0): 0.0, (7, 4, 1): 0.0, (7, 5, 0): 0.0, (7, 5, 1): 0.0}, mu_land=0.1452115459303963, mu_inc=0.0, mu_kiln=0.8547884540696037, z_wh={(0, 0): 0, (0, 1): 1, (0, 2): 0, (0, 3): 0, (0, 4): 0, (1, 0): 1, (1, 1): 0, (1, 2): 0, (1, 3): 0, (1, 4): 0})

Subproblem 2 Solution (Follower Reaction):
SubProblem2Solution(feasible=True, sp2_obj=8659.448258819426, x_ck={(0, 0): 1, (0, 1): 0, (0, 2): 0, (1, 0): 1, (1, 1): 0, (1, 2): 0, (2, 0): 0, (2, 1): 0, (2, 2): 0, (3, 0): 1, (3, 1): 0, (3, 2): 0, (4, 0): 1, (4, 1): 0, (4, 2): 0, (5, 0): 1, (5, 1): 0, (5, 2): 0}, q_cw={(0, 0): 0.0, (0, 1): 200.0, (1, 0): 0.0, (1, 1): 200.0, (2, 0): 0.0, (2, 1): 0.0, (3, 0): 38.6, (3, 1): 161.4, (4, 0): 0.0, (4, 1): 200.0, (5, 0): 0.0, (5, 1): 200.0}, q_cf={(0, 0): 326.5, (0, 1): 0.0, (1, 0): 279.6666666666667, (1, 1): 0.0, (2, 0): 301.5416666666667, (2, 1): 0.0, (3, 0): 180.7, (3, 1): 0.0, (4, 0): 253.66666666666666, (4, 1): 0.0, (5, 0): 319.5, (5, 1): 0.0}, r_sw={(0, 0): 426.0, (0, 1): 430.0, (1, 0): 411.0, (1, 1): 0.0, (2, 0): 141.0, (2, 1): 0.0, (3, 0): 734.0, (3, 1): 161.85, (4, 0): 1100.0, (4, 1): 0.0, (5, 0): 577.0, (5, 1): 0.0, (6, 0): 612.4, (6, 1): 177.6, (7, 0): 589.0, (7, 1): 399.81709478242647}, q_scw={(0, 0, 0): 0.0, (0, 0, 1): 0.0, (0, 1, 0): 0.0, (0, 1, 1): 0.0, (0, 2, 0): 0.0, (0, 2, 1): 0.0, (0, 3, 0): 0.0, (0, 3, 1): 0.0, (0, 4, 0): 0.0, (0, 4, 1): 0.0, (0, 5, 0): 0.0, (0, 5, 1): 0.0, (1, 0, 0): 0.0, (1, 0, 1): 0.0, (1, 1, 0): 0.0, (1, 1, 1): 0.0, (1, 2, 0): 0.0, (1, 2, 1): 0.0, (1, 3, 0): 0.0, (1, 3, 1): 0.0, (1, 4, 0): 0.0, (1, 4, 1): 0.0, (1, 5, 0): 0.0, (1, 5, 1): 97.0, (2, 0, 0): 0.0, (2, 0, 1): 0.0, (2, 1, 0): 0.0, (2, 1, 1): 0.0, (2, 2, 0): 0.0, (2, 2, 1): 0.0, (2, 3, 0): 0.0, (2, 3, 1): 0.0, (2, 4, 0): 0.0, (2, 4, 1): 0.0, (2, 5, 0): 0.0, (2, 5, 1): 0.0, (3, 0, 0): 0.0, (3, 0, 1): 0.0, (3, 1, 0): 0.0, (3, 1, 1): 0.0, (3, 2, 0): 0.0, (3, 2, 1): 0.0, (3, 3, 0): 0.0, (3, 3, 1): 0.0, (3, 4, 0): 0.0, (3, 4, 1): 0.0, (3, 5, 0): 0.0, (3, 5, 1): 0.0, (4, 0, 0): 0.0, (4, 0, 1): 0.0, (4, 1, 0): 0.0, (4, 1, 1): 0.0, (4, 2, 0): 0.0, (4, 2, 1): 0.0, (4, 3, 0): 0.0, (4, 3, 1): 0.0, (4, 4, 0): 0.0, (4, 4, 1): 0.0, (4, 5, 0): 0.0, (4, 5, 1): 0.0, (5, 0, 0): 0.0, (5, 0, 1): 200.0, (5, 1, 0): 0.0, (5, 1, 1): 0.0, (5, 2, 0): 0.0, (5, 2, 1): 0.0, (5, 3, 0): 0.0, (5, 3, 1): 0.0, (5, 4, 0): 0.0, (5, 4, 1): 200.0, (5, 5, 0): 0.0, (5, 5, 1): 103.0, (6, 0, 0): 0.0, (6, 0, 1): 0.0, (6, 1, 0): 0.0, (6, 1, 1): 200.0, (6, 2, 0): 0.0, (6, 2, 1): 0.0, (6, 3, 0): 38.6, (6, 3, 1): 161.4, (6, 4, 0): 0.0, (6, 4, 1): 0.0, (6, 5, 0): 0.0, (6, 5, 1): 0.0, (7, 0, 0): 0.0, (7, 0, 1): 0.0, (7, 1, 0): 0.0, (7, 1, 1): 0.0, (7, 2, 0): 0.0, (7, 2, 1): 0.0, (7, 3, 0): 0.0, (7, 3, 1): 0.0, (7, 4, 0): 0.0, (7, 4, 1): 0.0, (7, 5, 0): 0.0, (7, 5, 1): 0.0}, y_cwh={(0, 0, 0): 0.0, (0, 0, 1): 0.0, (0, 0, 2): 0.0, (0, 0, 3): 0.0, (0, 0, 4): 0.0, (0, 1, 0): 200.0, (0, 1, 1): 0.0, (0, 1, 2): 0.0, (0, 1, 3): 0.0, (0, 1, 4): 0.0, (1, 0, 0): 0.0, (1, 0, 1): 0.0, (1, 0, 2): 0.0, (1, 0, 3): 0.0, (1, 0, 4): 0.0, (1, 1, 0): 200.0, (1, 1, 1): 0.0, (1, 1, 2): 0.0, (1, 1, 3): 0.0, (1, 1, 4): 0.0, (2, 0, 0): 0.0, (2, 0, 1): 0.0, (2, 0, 2): 0.0, (2, 0, 3): 0.0, (2, 0, 4): 0.0, (2, 1, 0): 0.0, (2, 1, 1): 0.0, (2, 1, 2): 0.0, (2, 1, 3): 0.0, (2, 1, 4): 0.0, (3, 0, 0): 0.0, (3, 0, 1): 38.6, (3, 0, 2): 0.0, (3, 0, 3): 0.0, (3, 0, 4): 0.0, (3, 1, 0): 161.4, (3, 1, 1): 0.0, (3, 1, 2): 0.0, (3, 1, 3): 0.0, (3, 1, 4): 0.0, (4, 0, 0): 0.0, (4, 0, 1): 0.0, (4, 0, 2): 0.0, (4, 0, 3): 0.0, (4, 0, 4): 0.0, (4, 1, 0): 200.0, (4, 1, 1): 0.0, (4, 1, 2): 0.0, (4, 1, 3): 0.0, (4, 1, 4): 0.0, (5, 0, 0): 0.0, (5, 0, 1): 0.0, (5, 0, 2): 0.0, (5, 0, 3): 0.0, (5, 0, 4): 0.0, (5, 1, 0): 200.0, (5, 1, 1): 0.0, (5, 1, 2): 0.0, (5, 1, 3): 0.0, (5, 1, 4): 0.0})
